[0.009s] Invoking command in '/home/proto/Manipulator/DynamixelSDK/build/motor_setup': AMENT_PREFIX_PATH=/home/proto/Manipulator/DynamixelSDK/install/dynamixel_sdk_inf:/home/proto/Manipulator/DynamixelSDK/install/dynamixel_sdk:${AMENT_PREFIX_PATH} CMAKE_PREFIX_PATH=/home/proto/Manipulator/DynamixelSDK/install/dynamixel_sdk_inf:/home/proto/Manipulator/DynamixelSDK/install/dynamixel_sdk:/opt/ros/humble LD_LIBRARY_PATH=/home/proto/Manipulator/DynamixelSDK/install/dynamixel_sdk_inf/lib:/home/proto/Manipulator/DynamixelSDK/install/dynamixel_sdk/lib:${LD_LIBRARY_PATH} PYTHONPATH=/home/proto/Manipulator/DynamixelSDK/install/dynamixel_sdk_inf/local/lib/python3.10/dist-packages:${PYTHONPATH} /usr/bin/cmake --build /home/proto/Manipulator/DynamixelSDK/build/motor_setup -- -j8 -l8
[0.040s] [35m[1mConsolidate compiler generated dependencies of target set_pose[0m
[0.041s] [35m[1mConsolidate compiler generated dependencies of target position_torque_control[0m
[0.042s] [35m[1mConsolidate compiler generated dependencies of target init_component[0m
[0.042s] [35m[1mConsolidate compiler generated dependencies of target position_control[0m
[0.052s] [ 12%] [32mBuilding CXX object CMakeFiles/set_pose.dir/src/position_pub.cpp.o[0m
[0.057s] [ 25%] [32mBuilding CXX object CMakeFiles/init_component.dir/src/init_component.cpp.o[0m
[0.058s] [ 37%] [32mBuilding CXX object CMakeFiles/position_control.dir/src/position_control.cpp.o[0m
[0.059s] [ 50%] [32mBuilding CXX object CMakeFiles/position_torque_control.dir/src/pos_torque_control.cpp.o[0m
[2.124s] [01m[K/home/proto/Manipulator/DynamixelSDK/src/motor_setup/src/init_component.cpp:[m[K In constructor ‘[01m[Kmotor_setup::SetupDynamixel::SetupDynamixel(const rclcpp::NodeOptions&)[m[K’:
[2.124s] [01m[K/home/proto/Manipulator/DynamixelSDK/src/motor_setup/src/init_component.cpp:59:14:[m[K [01;35m[Kwarning: [m[Kvariable ‘[01m[KQOS_RKL10V[m[K’ set but not used [[01;35m[K]8;;https://gcc.gnu.org/onlinedocs/gcc/Warning-Options.html#index-Wunused-but-set-variable-Wunused-but-set-variable]8;;[m[K]
[2.124s]    59 |   const auto [01;35m[KQOS_RKL10V[m[K =
[2.124s]       |              [01;35m[K^~~~~~~~~~[m[K
[3.170s] [ 62%] [32m[1mLinking CXX shared library libinit_component.so[0m
[3.173s] [01m[K/home/proto/Manipulator/DynamixelSDK/src/motor_setup/src/pos_torque_control.cpp:[m[K In lambda function:
[3.174s] [01m[K/home/proto/Manipulator/DynamixelSDK/src/motor_setup/src/pos_torque_control.cpp:111:27:[m[K [01;31m[Kerror: [m[K‘[01m[Kusing element_type = struct dynamixel_sdk_inf::srv::SetMode_Response_<std::allocator<void> >[m[K’ {aka ‘[01m[Kstruct dynamixel_sdk_inf::srv::SetMode_Response_<std::allocator<void> >[m[K’} has no member named ‘[01m[Kset[m[K’
[3.174s]   111 |                 response->[01;31m[Kset[m[K = false;
[3.174s]       |                           [01;31m[K^~~[m[K
[3.366s] [ 62%] Built target init_component
[3.986s] [ 75%] [32m[1mLinking CXX executable set_pose[0m
[4.180s] [ 75%] Built target set_pose
[6.009s] gmake[2]: *** [CMakeFiles/position_torque_control.dir/build.make:76: CMakeFiles/position_torque_control.dir/src/pos_torque_control.cpp.o] Error 1
[6.009s] gmake[1]: *** [CMakeFiles/Makefile2:221: CMakeFiles/position_torque_control.dir/all] Error 2
[6.009s] gmake[1]: *** Waiting for unfinished jobs....
[7.756s] [ 87%] [32m[1mLinking CXX shared library libposition_control.so[0m
[8.103s] [ 87%] Built target position_control
[8.103s] gmake: *** [Makefile:146: all] Error 2
[8.105s] Invoked command in '/home/proto/Manipulator/DynamixelSDK/build/motor_setup' returned '2': AMENT_PREFIX_PATH=/home/proto/Manipulator/DynamixelSDK/install/dynamixel_sdk_inf:/home/proto/Manipulator/DynamixelSDK/install/dynamixel_sdk:${AMENT_PREFIX_PATH} CMAKE_PREFIX_PATH=/home/proto/Manipulator/DynamixelSDK/install/dynamixel_sdk_inf:/home/proto/Manipulator/DynamixelSDK/install/dynamixel_sdk:/opt/ros/humble LD_LIBRARY_PATH=/home/proto/Manipulator/DynamixelSDK/install/dynamixel_sdk_inf/lib:/home/proto/Manipulator/DynamixelSDK/install/dynamixel_sdk/lib:${LD_LIBRARY_PATH} PYTHONPATH=/home/proto/Manipulator/DynamixelSDK/install/dynamixel_sdk_inf/local/lib/python3.10/dist-packages:${PYTHONPATH} /usr/bin/cmake --build /home/proto/Manipulator/DynamixelSDK/build/motor_setup -- -j8 -l8
