[01m[K/home/proto/Manipulator/DynamixelSDK/src/motor_setup/src/init_component.cpp:[m[K In constructor ‘[01m[Kmotor_setup::SetupDynamixel::SetupDynamixel(const rclcpp::NodeOptions&)[m[K’:
[01m[K/home/proto/Manipulator/DynamixelSDK/src/motor_setup/src/init_component.cpp:59:14:[m[K [01;35m[Kwarning: [m[Kvariable ‘[01m[KQOS_RKL10V[m[K’ set but not used [[01;35m[K]8;;https://gcc.gnu.org/onlinedocs/gcc/Warning-Options.html#index-Wunused-but-set-variable-Wunused-but-set-variable]8;;[m[K]
   59 |   const auto [01;35m[KQOS_RKL10V[m[K =
      |              [01;35m[K^~~~~~~~~~[m[K
In file included from [01m[K/home/proto/Manipulator/DynamixelSDK/src/motor_setup/src/pos_torque_control.cpp:1[m[K:
[01m[K/home/proto/Manipulator/DynamixelSDK/src/motor_setup/include/motor_setup/pos_torque_control.hpp:26:50:[m[K [01;31m[Kerror: [m[Kexpected ‘[01m[K;[m[K’ before ‘[01m[Kusing[m[K’
   26 |   using SetMode = dynamixel_sdk_inf::srv::SetMode
      |                                                  [01;31m[K^[m[K
      |                                                  [32m[K;[m[K
   27 |   [32m[Kusing[m[K SetTorque = dynamixel_sdk_inf::msg::SetTorque;
      |   [32m[K~~~~~[m[K                                           
[01m[K/home/proto/Manipulator/DynamixelSDK/src/motor_setup/include/motor_setup/pos_torque_control.hpp:34:24:[m[K [01;31m[Kerror: [m[K‘[01m[KSetTorque[m[K’ was not declared in this scope; did you mean ‘[01m[Kdynamixel_sdk_inf::msg::SetTorque[m[K’?
   34 |   rclcpp::Subscription<[01;31m[KSetTorque[m[K>::SharedPtr set_torque_subscriber_;
      |                        [01;31m[K^~~~~~~~~[m[K
      |                        [32m[Kdynamixel_sdk_inf::msg::SetTorque[m[K
In file included from [01m[K/home/proto/Manipulator/DynamixelSDK/install/dynamixel_sdk_inf/include/dynamixel_sdk_inf/dynamixel_sdk_inf/msg/set_torque.hpp:7[m[K,
                 from [01m[K/home/proto/Manipulator/DynamixelSDK/src/motor_setup/include/motor_setup/pos_torque_control.hpp:12[m[K,
                 from [01m[K/home/proto/Manipulator/DynamixelSDK/src/motor_setup/src/pos_torque_control.cpp:1[m[K:
[01m[K/home/proto/Manipulator/DynamixelSDK/install/dynamixel_sdk_inf/include/dynamixel_sdk_inf/dynamixel_sdk_inf/msg/detail/set_torque__struct.hpp:136:7:[m[K [01;36m[Knote: [m[K‘[01m[Kdynamixel_sdk_inf::msg::SetTorque[m[K’ declared here
  136 | using [01;36m[KSetTorque[m[K =
      |       [01;36m[K^~~~~~~~~[m[K
In file included from [01m[K/home/proto/Manipulator/DynamixelSDK/src/motor_setup/src/pos_torque_control.cpp:1[m[K:
[01m[K/home/proto/Manipulator/DynamixelSDK/src/motor_setup/include/motor_setup/pos_torque_control.hpp:34:33:[m[K [01;31m[Kerror: [m[Ktemplate argument 1 is invalid
   34 |   rclcpp::Subscription<SetTorque[01;31m[K>[m[K::SharedPtr set_torque_subscriber_;
      |                                 [01;31m[K^[m[K
[01m[K/home/proto/Manipulator/DynamixelSDK/src/motor_setup/include/motor_setup/pos_torque_control.hpp:34:33:[m[K [01;31m[Kerror: [m[Ktemplate argument 3 is invalid
[01m[K/home/proto/Manipulator/DynamixelSDK/src/motor_setup/include/motor_setup/pos_torque_control.hpp:34:33:[m[K [01;31m[Kerror: [m[Ktemplate argument 4 is invalid
[01m[K/home/proto/Manipulator/DynamixelSDK/src/motor_setup/include/motor_setup/pos_torque_control.hpp:34:33:[m[K [01;31m[Kerror: [m[Ktemplate argument 5 is invalid
[01m[K/home/proto/Manipulator/DynamixelSDK/src/motor_setup/include/motor_setup/pos_torque_control.hpp:34:36:[m[K [01;31m[Kerror: [m[Kexpected ‘[01m[K;[m[K’ at end of member declaration
   34 |   rclcpp::Subscription<SetTorque>::[01;31m[KSharedPtr[m[K set_torque_subscriber_;
      |                                    [01;31m[K^~~~~~~~~[m[K
      |                                             [32m[K;[m[K
[01m[K/home/proto/Manipulator/DynamixelSDK/src/motor_setup/include/motor_setup/pos_torque_control.hpp:34:46:[m[K [01;31m[Kerror: [m[K‘[01m[Kset_torque_subscriber_[m[K’ does not name a type
   34 |   rclcpp::Subscription<SetTorque>::SharedPtr [01;31m[Kset_torque_subscriber_[m[K;
      |                                              [01;31m[K^~~~~~~~~~~~~~~~~~~~~~[m[K
[01m[K/home/proto/Manipulator/DynamixelSDK/src/motor_setup/include/motor_setup/pos_torque_control.hpp:37:19:[m[K [01;31m[Kerror: [m[K‘[01m[KSetMode[m[K’ was not declared in this scope; did you mean ‘[01m[Kdynamixel_sdk_inf::srv::SetMode[m[K’?
   37 |   rclcpp::Service<[01;31m[KSetMode[m[K>::SharedPtr set_torque_mode_server_;
      |                   [01;31m[K^~~~~~~[m[K
      |                   [32m[Kdynamixel_sdk_inf::srv::SetMode[m[K
In file included from [01m[K/home/proto/Manipulator/DynamixelSDK/install/dynamixel_sdk_inf/include/dynamixel_sdk_inf/dynamixel_sdk_inf/srv/set_mode.hpp:7[m[K,
                 from [01m[K/home/proto/Manipulator/DynamixelSDK/src/motor_setup/include/motor_setup/pos_torque_control.hpp:14[m[K,
                 from [01m[K/home/proto/Manipulator/DynamixelSDK/src/motor_setup/src/pos_torque_control.cpp:1[m[K:
[01m[K/home/proto/Manipulator/DynamixelSDK/install/dynamixel_sdk_inf/include/dynamixel_sdk_inf/dynamixel_sdk_inf/srv/detail/set_mode__struct.hpp:251:8:[m[K [01;36m[Knote: [m[K‘[01m[Kdynamixel_sdk_inf::srv::SetMode[m[K’ declared here
  251 | struct [01;36m[KSetMode[m[K
      |        [01;36m[K^~~~~~~[m[K
In file included from [01m[K/home/proto/Manipulator/DynamixelSDK/src/motor_setup/src/pos_torque_control.cpp:1[m[K:
[01m[K/home/proto/Manipulator/DynamixelSDK/src/motor_setup/include/motor_setup/pos_torque_control.hpp:37:26:[m[K [01;31m[Kerror: [m[Ktemplate argument 1 is invalid
   37 |   rclcpp::Service<SetMode[01;31m[K>[m[K::SharedPtr set_torque_mode_server_;
      |                          [01;31m[K^[m[K
[01m[K/home/proto/Manipulator/DynamixelSDK/src/motor_setup/include/motor_setup/pos_torque_control.hpp:37:29:[m[K [01;31m[Kerror: [m[Kexpected ‘[01m[K;[m[K’ at end of member declaration
   37 |   rclcpp::Service<SetMode>::[01;31m[KSharedPtr[m[K set_torque_mode_server_;
      |                             [01;31m[K^~~~~~~~~[m[K
      |                                      [32m[K;[m[K
[01m[K/home/proto/Manipulator/DynamixelSDK/src/motor_setup/include/motor_setup/pos_torque_control.hpp:37:29:[m[K [01;31m[Kerror: [m[Kredeclaration of ‘[01m[Kint motor_setup::PosTorqueControl::SharedPtr[m[K’
[01m[K/home/proto/Manipulator/DynamixelSDK/src/motor_setup/include/motor_setup/pos_torque_control.hpp:34:36:[m[K [01;36m[Knote: [m[Kprevious declaration ‘[01m[Kint motor_setup::PosTorqueControl::SharedPtr[m[K’
   34 |   rclcpp::Subscription<SetTorque>::[01;36m[KSharedPtr[m[K set_torque_subscriber_;
      |                                    [01;36m[K^~~~~~~~~[m[K
[01m[K/home/proto/Manipulator/DynamixelSDK/src/motor_setup/include/motor_setup/pos_torque_control.hpp:37:39:[m[K [01;31m[Kerror: [m[K‘[01m[Kset_torque_mode_server_[m[K’ does not name a type
   37 |   rclcpp::Service<SetMode>::SharedPtr [01;31m[Kset_torque_mode_server_[m[K;
      |                                       [01;31m[K^~~~~~~~~~~~~~~~~~~~~~~[m[K
[01m[K/home/proto/Manipulator/DynamixelSDK/src/motor_setup/src/pos_torque_control.cpp:[m[K In constructor ‘[01m[Kmotor_setup::PosTorqueControl::PosTorqueControl(const rclcpp::NodeOptions&)[m[K’:
[01m[K/home/proto/Manipulator/DynamixelSDK/src/motor_setup/src/pos_torque_control.cpp:96:27:[m[K [01;31m[Kerror: [m[K‘[01m[KSetMode[m[K’ was not declared in this scope; did you mean ‘[01m[Kdynamixel_sdk_inf::srv::SetMode[m[K’?
   96 |     const std::shared_ptr<[01;31m[KSetMode[m[K::Request> request,
      |                           [01;31m[K^~~~~~~[m[K
      |                           [32m[Kdynamixel_sdk_inf::srv::SetMode[m[K
In file included from [01m[K/home/proto/Manipulator/DynamixelSDK/install/dynamixel_sdk_inf/include/dynamixel_sdk_inf/dynamixel_sdk_inf/srv/set_mode.hpp:7[m[K,
                 from [01m[K/home/proto/Manipulator/DynamixelSDK/src/motor_setup/include/motor_setup/pos_torque_control.hpp:14[m[K,
                 from [01m[K/home/proto/Manipulator/DynamixelSDK/src/motor_setup/src/pos_torque_control.cpp:1[m[K:
[01m[K/home/proto/Manipulator/DynamixelSDK/install/dynamixel_sdk_inf/include/dynamixel_sdk_inf/dynamixel_sdk_inf/srv/detail/set_mode__struct.hpp:251:8:[m[K [01;36m[Knote: [m[K‘[01m[Kdynamixel_sdk_inf::srv::SetMode[m[K’ declared here
  251 | struct [01;36m[KSetMode[m[K
      |        [01;36m[K^~~~~~~[m[K
[01m[K/home/proto/Manipulator/DynamixelSDK/src/motor_setup/src/pos_torque_control.cpp:96:43:[m[K [01;31m[Kerror: [m[Ktemplate argument 1 is invalid
   96 |     const std::shared_ptr<SetMode::Request[01;31m[K>[m[K request,
      |                                           [01;31m[K^[m[K
[01m[K/home/proto/Manipulator/DynamixelSDK/src/motor_setup/src/pos_torque_control.cpp:97:21:[m[K [01;31m[Kerror: [m[K‘[01m[KSetMode[m[K’ was not declared in this scope; did you mean ‘[01m[Kdynamixel_sdk_inf::srv::SetMode[m[K’?
   97 |     std::shared_ptr<[01;31m[KSetMode[m[K::Response> response) -> void
      |                     [01;31m[K^~~~~~~[m[K
      |                     [32m[Kdynamixel_sdk_inf::srv::SetMode[m[K
In file included from [01m[K/home/proto/Manipulator/DynamixelSDK/install/dynamixel_sdk_inf/include/dynamixel_sdk_inf/dynamixel_sdk_inf/srv/set_mode.hpp:7[m[K,
                 from [01m[K/home/proto/Manipulator/DynamixelSDK/src/motor_setup/include/motor_setup/pos_torque_control.hpp:14[m[K,
                 from [01m[K/home/proto/Manipulator/DynamixelSDK/src/motor_setup/src/pos_torque_control.cpp:1[m[K:
[01m[K/home/proto/Manipulator/DynamixelSDK/install/dynamixel_sdk_inf/include/dynamixel_sdk_inf/dynamixel_sdk_inf/srv/detail/set_mode__struct.hpp:251:8:[m[K [01;36m[Knote: [m[K‘[01m[Kdynamixel_sdk_inf::srv::SetMode[m[K’ declared here
  251 | struct [01;36m[KSetMode[m[K
      |        [01;36m[K^~~~~~~[m[K
[01m[K/home/proto/Manipulator/DynamixelSDK/src/motor_setup/src/pos_torque_control.cpp:97:38:[m[K [01;31m[Kerror: [m[Ktemplate argument 1 is invalid
   97 |     std::shared_ptr<SetMode::Response[01;31m[K>[m[K response) -> void
      |                                      [01;31m[K^[m[K
[01m[K/home/proto/Manipulator/DynamixelSDK/src/motor_setup/src/pos_torque_control.cpp:[m[K In lambda function:
[01m[K/home/proto/Manipulator/DynamixelSDK/src/motor_setup/src/pos_torque_control.cpp:99:17:[m[K [01;31m[Kerror: [m[Kbase operand of ‘[01m[K->[m[K’ is not a pointer
   99 |         response[01;31m[K->[m[Kset = true;
      |                 [01;31m[K^~[m[K
[01m[K/home/proto/Manipulator/DynamixelSDK/src/motor_setup/src/pos_torque_control.cpp:100:36:[m[K [01;31m[Kerror: [m[Kbase operand of ‘[01m[K->[m[K’ is not a pointer
  100 |         for (uint8_t m_id : request[01;31m[K->[m[Kmotor_ids) {
      |                                    [01;31m[K^~[m[K
[01m[K/home/proto/Manipulator/DynamixelSDK/src/motor_setup/src/pos_torque_control.cpp:111:25:[m[K [01;31m[Kerror: [m[Kbase operand of ‘[01m[K->[m[K’ is not a pointer
  111 |                 response[01;31m[K->[m[Kset = false;
      |                         [01;31m[K^~[m[K
[01m[K/home/proto/Manipulator/DynamixelSDK/src/motor_setup/src/pos_torque_control.cpp:[m[K In constructor ‘[01m[Kmotor_setup::PosTorqueControl::PosTorqueControl(const rclcpp::NodeOptions&)[m[K’:
[01m[K/home/proto/Manipulator/DynamixelSDK/src/motor_setup/src/pos_torque_control.cpp:119:3:[m[K [01;31m[Kerror: [m[K‘[01m[Kset_torque_mode_server_[m[K’ was not declared in this scope
  119 |   [01;31m[Kset_torque_mode_server_[m[K = create_service<SetMode>("set_mode", set_torque_control_mode);
      |   [01;31m[K^~~~~~~~~~~~~~~~~~~~~~~[m[K
[01m[K/home/proto/Manipulator/DynamixelSDK/src/motor_setup/src/pos_torque_control.cpp:119:44:[m[K [01;31m[Kerror: [m[K‘[01m[KSetMode[m[K’ was not declared in this scope; did you mean ‘[01m[Kdynamixel_sdk_inf::srv::SetMode[m[K’?
  119 |   set_torque_mode_server_ = create_service<[01;31m[KSetMode[m[K>("set_mode", set_torque_control_mode);
      |                                            [01;31m[K^~~~~~~[m[K
      |                                            [32m[Kdynamixel_sdk_inf::srv::SetMode[m[K
In file included from [01m[K/home/proto/Manipulator/DynamixelSDK/install/dynamixel_sdk_inf/include/dynamixel_sdk_inf/dynamixel_sdk_inf/srv/set_mode.hpp:7[m[K,
                 from [01m[K/home/proto/Manipulator/DynamixelSDK/src/motor_setup/include/motor_setup/pos_torque_control.hpp:14[m[K,
                 from [01m[K/home/proto/Manipulator/DynamixelSDK/src/motor_setup/src/pos_torque_control.cpp:1[m[K:
[01m[K/home/proto/Manipulator/DynamixelSDK/install/dynamixel_sdk_inf/include/dynamixel_sdk_inf/dynamixel_sdk_inf/srv/detail/set_mode__struct.hpp:251:8:[m[K [01;36m[Knote: [m[K‘[01m[Kdynamixel_sdk_inf::srv::SetMode[m[K’ declared here
  251 | struct [01;36m[KSetMode[m[K
      |        [01;36m[K^~~~~~~[m[K
[01m[K/home/proto/Manipulator/DynamixelSDK/src/motor_setup/src/pos_torque_control.cpp:119:52:[m[K [01;31m[Kerror: [m[Kno matching function for call to ‘[01m[Kmotor_setup::PosTorqueControl::create_service<<expression error> >(const char [9], motor_setup::PosTorqueControl::PosTorqueControl(const rclcpp::NodeOptions&)::<lambda(int, int)>&)[m[K’
  119 |   set_torque_mode_server_ = [01;31m[Kcreate_service<SetMode>("set_mode", set_torque_control_mode)[m[K;
      |                             [01;31m[K~~~~~~~~~~~~~~~~~~~~~~~^~~~~~~~~~~~~~~~~~~~~~~~~~~~~~~~~~~~~[m[K
In file included from [01m[K/opt/ros/humble/include/rclcpp/rclcpp/node.hpp:1321[m[K,
                 from [01m[K/opt/ros/humble/include/rclcpp/rclcpp/executors/single_threaded_executor.hpp:28[m[K,
                 from [01m[K/opt/ros/humble/include/rclcpp/rclcpp/executors.hpp:22[m[K,
                 from [01m[K/opt/ros/humble/include/rclcpp/rclcpp/rclcpp.hpp:155[m[K,
                 from [01m[K/home/proto/Manipulator/DynamixelSDK/src/motor_setup/include/motor_setup/pos_torque_control.hpp:8[m[K,
                 from [01m[K/home/proto/Manipulator/DynamixelSDK/src/motor_setup/src/pos_torque_control.cpp:1[m[K:
[01m[K/opt/ros/humble/include/rclcpp/rclcpp/node_impl.hpp:141:1:[m[K [01;36m[Knote: [m[Kcandidate: ‘[01m[Ktemplate<class ServiceT, class CallbackT> typename rclcpp::Service<ServiceT>::SharedPtr rclcpp::Node::create_service(const string&, CallbackT&&, const rmw_qos_profile_t&, rclcpp::CallbackGroup::SharedPtr)[m[K’
  141 | [01;36m[KNode[m[K::create_service(
      | [01;36m[K^~~~[m[K
[01m[K/opt/ros/humble/include/rclcpp/rclcpp/node_impl.hpp:141:1:[m[K [01;36m[Knote: [m[K  template argument deduction/substitution failed:
[01m[K/home/proto/Manipulator/DynamixelSDK/src/motor_setup/src/pos_torque_control.cpp:119:52:[m[K [01;31m[Kerror: [m[Ktemplate argument 1 is invalid
  119 |   set_torque_mode_server_ = [01;31m[Kcreate_service<SetMode>("set_mode", set_torque_control_mode)[m[K;
      |                             [01;31m[K~~~~~~~~~~~~~~~~~~~~~~~^~~~~~~~~~~~~~~~~~~~~~~~~~~~~~~~~~~~~[m[K
[01m[K/home/proto/Manipulator/DynamixelSDK/src/motor_setup/src/pos_torque_control.cpp:150:5:[m[K [01;31m[Kerror: [m[K‘[01m[Kset_torque_subscriber_[m[K’ was not declared in this scope
  150 |     [01;31m[Kset_torque_subscriber_[m[K =
      |     [01;31m[K^~~~~~~~~~~~~~~~~~~~~~[m[K
[01m[K/home/proto/Manipulator/DynamixelSDK/src/motor_setup/src/pos_torque_control.cpp:151:33:[m[K [01;31m[Kerror: [m[K‘[01m[KSetTorque[m[K’ was not declared in this scope; did you mean ‘[01m[Kdynamixel_sdk_inf::msg::SetTorque[m[K’?
  151 |       this->create_subscription<[01;31m[KSetTorque[m[K>(
      |                                 [01;31m[K^~~~~~~~~[m[K
      |                                 [32m[Kdynamixel_sdk_inf::msg::SetTorque[m[K
In file included from [01m[K/home/proto/Manipulator/DynamixelSDK/install/dynamixel_sdk_inf/include/dynamixel_sdk_inf/dynamixel_sdk_inf/msg/set_torque.hpp:7[m[K,
                 from [01m[K/home/proto/Manipulator/DynamixelSDK/src/motor_setup/include/motor_setup/pos_torque_control.hpp:12[m[K,
                 from [01m[K/home/proto/Manipulator/DynamixelSDK/src/motor_setup/src/pos_torque_control.cpp:1[m[K:
[01m[K/home/proto/Manipulator/DynamixelSDK/install/dynamixel_sdk_inf/include/dynamixel_sdk_inf/dynamixel_sdk_inf/msg/detail/set_torque__struct.hpp:136:7:[m[K [01;36m[Knote: [m[K‘[01m[Kdynamixel_sdk_inf::msg::SetTorque[m[K’ declared here
  136 | using [01;36m[KSetTorque[m[K =
      |       [01;36m[K^~~~~~~~~[m[K
[01m[K/home/proto/Manipulator/DynamixelSDK/src/motor_setup/src/pos_torque_control.cpp:154:20:[m[K [01;31m[Kerror: [m[K‘[01m[KSetTorque[m[K’ does not name a type
  154 |       [this](const [01;31m[KSetTorque[m[K::SharedPtr msg) -> void
      |                    [01;31m[K^~~~~~~~~[m[K
[01m[K/home/proto/Manipulator/DynamixelSDK/src/motor_setup/src/pos_torque_control.cpp:[m[K In lambda function:
[01m[K/home/proto/Manipulator/DynamixelSDK/src/motor_setup/src/pos_torque_control.cpp:181:6:[m[K [01;31m[Kerror: [m[Kexpected ‘[01m[K{[m[K’ before ‘[01m[K;[m[K’ token
  181 |     )[01;31m[K;[m[K
      |      [01;31m[K^[m[K
[01m[K/home/proto/Manipulator/DynamixelSDK/src/motor_setup/src/pos_torque_control.cpp:[m[K In constructor ‘[01m[Kmotor_setup::PosTorqueControl::PosTorqueControl(const rclcpp::NodeOptions&)[m[K’:
[01m[K/home/proto/Manipulator/DynamixelSDK/src/motor_setup/src/pos_torque_control.cpp:181:6:[m[K [01;31m[Kerror: [m[Kexpected ‘[01m[K)[m[K’ before ‘[01m[K;[m[K’ token
  181 |     )[01;31m[K;[m[K
      |      [01;31m[K^[m[K
      |      [32m[K)[m[K
[01m[K/home/proto/Manipulator/DynamixelSDK/src/motor_setup/src/pos_torque_control.cpp:151:43:[m[K [01;36m[Knote: [m[Kto match this ‘[01m[K([m[K’
  151 |       this->create_subscription<SetTorque>[01;36m[K([m[K
      |                                           [01;36m[K^[m[K
gmake[2]: *** [CMakeFiles/position_torque_control.dir/build.make:76: CMakeFiles/position_torque_control.dir/src/pos_torque_control.cpp.o] Error 1
gmake[1]: *** [CMakeFiles/Makefile2:221: CMakeFiles/position_torque_control.dir/all] Error 2
gmake[1]: *** Waiting for unfinished jobs....
gmake: *** [Makefile:146: all] Error 2
