[01m[K/home/proto/Manipulator/DynamixelSDK/motor_setup/src/position_pub.cpp:31:27:[m[K [01;31m[Kerror: [m[Kstray ‘[01m[K\[m[K’ in program
   31 |       auto pose_message = [01;31m[K\[m[Kdynamixel_sdk_inf::msg::SetPosition();
      |                           [01;31m[K^[m[K
[01m[K/home/proto/Manipulator/DynamixelSDK/motor_setup/src/position_pub.cpp:[m[K In member function ‘[01m[Kvoid PositionPublisher::timer_callback()[m[K’:
[01m[K/home/proto/Manipulator/DynamixelSDK/motor_setup/src/position_pub.cpp:33:29:[m[K [01;31m[Kerror: [m[Kbase operand of ‘[01m[K->[m[K’ has non-pointer type ‘[01m[Kdynamixel_sdk_inf::msg::SetPosition_<std::allocator<void> >[m[K’
   33 |       std::cin>>pose_message[01;31m[K->[m[Kposition;
      |                             [01;31m[K^~[m[K
[01m[K/home/proto/Manipulator/DynamixelSDK/motor_setup/src/position_pub.cpp:34:19:[m[K [01;31m[Kerror: [m[Kbase operand of ‘[01m[K->[m[K’ has non-pointer type ‘[01m[Kdynamixel_sdk_inf::msg::SetPosition_<std::allocator<void> >[m[K’
   34 |       pose_message[01;31m[K->[m[Kid = 1;
      |                   [01;31m[K^~[m[K
In file included from [01m[K/opt/ros/humble/include/rclcpp/rclcpp/logging.hpp:24[m[K,
                 from [01m[K/opt/ros/humble/include/rclcpp/rclcpp/client.hpp:40[m[K,
                 from [01m[K/opt/ros/humble/include/rclcpp/rclcpp/callback_group.hpp:24[m[K,
                 from [01m[K/opt/ros/humble/include/rclcpp/rclcpp/any_executable.hpp:20[m[K,
                 from [01m[K/opt/ros/humble/include/rclcpp/rclcpp/memory_strategy.hpp:25[m[K,
                 from [01m[K/opt/ros/humble/include/rclcpp/rclcpp/memory_strategies.hpp:18[m[K,
                 from [01m[K/opt/ros/humble/include/rclcpp/rclcpp/executor_options.hpp:20[m[K,
                 from [01m[K/opt/ros/humble/include/rclcpp/rclcpp/executor.hpp:37[m[K,
                 from [01m[K/opt/ros/humble/include/rclcpp/rclcpp/executors/multi_threaded_executor.hpp:25[m[K,
                 from [01m[K/opt/ros/humble/include/rclcpp/rclcpp/executors.hpp:21[m[K,
                 from [01m[K/opt/ros/humble/include/rclcpp/rclcpp/rclcpp.hpp:155[m[K,
                 from [01m[K/home/proto/Manipulator/DynamixelSDK/motor_setup/src/position_pub.cpp:1[m[K:
[01m[K/home/proto/Manipulator/DynamixelSDK/motor_setup/src/position_pub.cpp:35:82:[m[K [01;31m[Kerror: [m[Kbase operand of ‘[01m[K->[m[K’ has non-pointer type ‘[01m[Kdynamixel_sdk_inf::msg::SetPosition_<std::allocator<void> >[m[K’
   35 |       RCLCPP_INFO(this->get_logger(), "Position: '%d' | ID: '%d'\n", pose_message[01;31m[K->[m[Kposition, pose_message->id);
      |                                                                                  [01;31m[K^~[m[K
[01m[K/home/proto/Manipulator/DynamixelSDK/motor_setup/src/position_pub.cpp:35:106:[m[K [01;31m[Kerror: [m[Kbase operand of ‘[01m[K->[m[K’ has non-pointer type ‘[01m[Kdynamixel_sdk_inf::msg::SetPosition_<std::allocator<void> >[m[K’
   35 |       RCLCPP_INFO(this->get_logger(), "Position: '%d' | ID: '%d'\n", pose_message->position, pose_message[01;31m[K->[m[Kid);
      |                                                                                                          [01;31m[K^~[m[K
gmake[2]: *** [CMakeFiles/set_pose.dir/build.make:76: CMakeFiles/set_pose.dir/src/position_pub.cpp.o] Error 1
gmake[1]: *** [CMakeFiles/Makefile2:167: CMakeFiles/set_pose.dir/all] Error 2
gmake: *** [Makefile:146: all] Error 2
