[0.013s] Invoking command in '/home/proto/Manipulator/DynamixelSDK/build/motor_setup': AMENT_PREFIX_PATH=/home/proto/Manipulator/DynamixelSDK/install/dynamixel_sdk_inf:/home/proto/Manipulator/DynamixelSDK/install/dynamixel_sdk:${AMENT_PREFIX_PATH} CMAKE_PREFIX_PATH=/home/proto/Manipulator/DynamixelSDK/install/dynamixel_sdk_inf:/home/proto/Manipulator/DynamixelSDK/install/dynamixel_sdk:/opt/ros/humble LD_LIBRARY_PATH=/home/proto/Manipulator/DynamixelSDK/install/dynamixel_sdk_inf/lib:/home/proto/Manipulator/DynamixelSDK/install/dynamixel_sdk/lib:${LD_LIBRARY_PATH} PYTHONPATH=/home/proto/Manipulator/DynamixelSDK/install/dynamixel_sdk_inf/local/lib/python3.10/dist-packages:${PYTHONPATH} /usr/bin/cmake /home/proto/Manipulator/DynamixelSDK/src/motor_setup -DCMAKE_INSTALL_PREFIX=/home/proto/Manipulator/DynamixelSDK/install/motor_setup
[0.080s] -- The C compiler identification is GNU 11.3.0
[0.156s] -- The CXX compiler identification is GNU 11.3.0
[0.167s] -- Detecting C compiler ABI info
[0.259s] -- Detecting C compiler ABI info - done
[0.275s] -- Check for working C compiler: /usr/bin/cc - skipped
[0.275s] -- Detecting C compile features
[0.276s] -- Detecting C compile features - done
[0.282s] -- Detecting CXX compiler ABI info
[0.420s] -- Detecting CXX compiler ABI info - done
[0.435s] -- Check for working CXX compiler: /usr/bin/c++ - skipped
[0.435s] -- Detecting CXX compile features
[0.437s] -- Detecting CXX compile features - done
[0.443s] -- Found ament_cmake: 1.3.4 (/opt/ros/humble/share/ament_cmake/cmake)
[0.687s] -- Found Python3: /usr/bin/python3.10 (found version "3.10.6") found components: Interpreter 
[0.757s] -- Found rclcpp: 16.0.4 (/opt/ros/humble/share/rclcpp/cmake)
[0.792s] -- Found rosidl_generator_c: 3.1.4 (/opt/ros/humble/share/rosidl_generator_c/cmake)
[0.795s] -- Found rosidl_adapter: 3.1.4 (/opt/ros/humble/share/rosidl_adapter/cmake)
[0.802s] -- Found rosidl_generator_cpp: 3.1.4 (/opt/ros/humble/share/rosidl_generator_cpp/cmake)
[0.811s] -- Using all available rosidl_typesupport_c: rosidl_typesupport_fastrtps_c;rosidl_typesupport_introspection_c
[0.826s] -- Using all available rosidl_typesupport_cpp: rosidl_typesupport_fastrtps_cpp;rosidl_typesupport_introspection_cpp
[0.883s] -- Found rmw_implementation_cmake: 6.1.1 (/opt/ros/humble/share/rmw_implementation_cmake/cmake)
[0.887s] -- Found rmw_fastrtps_cpp: 6.2.2 (/opt/ros/humble/share/rmw_fastrtps_cpp/cmake)
[0.975s] -- Found OpenSSL: /usr/lib/x86_64-linux-gnu/libcrypto.so (found version "3.0.2")  
[0.999s] -- Found FastRTPS: /opt/ros/humble/include  
[1.035s] -- Using RMW implementation 'rmw_fastrtps_cpp' as default
[1.043s] -- Looking for pthread.h
[1.093s] -- Looking for pthread.h - found
[1.094s] -- Performing Test CMAKE_HAVE_LIBC_PTHREAD
[1.146s] -- Performing Test CMAKE_HAVE_LIBC_PTHREAD - Success
[1.147s] -- Found Threads: TRUE  
[1.284s] -- Found rclcpp_components: 16.0.4 (/opt/ros/humble/share/rclcpp_components/cmake)
[1.336s] -- Found composition: 0.20.3 (/opt/ros/humble/share/composition/cmake)
[1.336s] -- Found dynamixel_sdk: 3.7.40 (/home/proto/Manipulator/DynamixelSDK/install/dynamixel_sdk/share/dynamixel_sdk/cmake)
[1.337s] -- Found dynamixel_sdk_inf: 3.7.40 (/home/proto/Manipulator/DynamixelSDK/install/dynamixel_sdk_inf/share/dynamixel_sdk_inf/cmake)
[1.363s] -- Found ament_lint_auto: 0.12.6 (/opt/ros/humble/share/ament_lint_auto/cmake)
[1.425s] -- Added test 'copyright' to check source files copyright and LICENSE
[1.426s] -- Added test 'cppcheck' to perform static code analysis on C / C++ code
[1.426s] -- Configured cppcheck include dirs: /home/proto/Manipulator/DynamixelSDK/src/motor_setup/include
[1.426s] -- Configured cppcheck exclude dirs and/or files: 
[1.427s] -- Added test 'cpplint' to check C / C++ code against the Google style
[1.427s] -- Configured cpplint exclude dirs and/or files: 
[1.428s] -- Added test 'flake8' to check Python code syntax and style conventions
[1.428s] -- Added test 'lint_cmake' to check CMake code style
[1.429s] -- Added test 'pep257' to check Python code against some of the docstring style conventions in PEP 257
[1.430s] -- Added test 'uncrustify' to check C / C++ code style
[1.430s] -- Configured uncrustify additional arguments: 
[1.430s] -- Added test 'xmllint' to check XML markup files
[1.432s] -- Configuring done
[1.443s] -- Generating done
[1.444s] -- Build files have been written to: /home/proto/Manipulator/DynamixelSDK/build/motor_setup
[1.456s] Invoked command in '/home/proto/Manipulator/DynamixelSDK/build/motor_setup' returned '0': AMENT_PREFIX_PATH=/home/proto/Manipulator/DynamixelSDK/install/dynamixel_sdk_inf:/home/proto/Manipulator/DynamixelSDK/install/dynamixel_sdk:${AMENT_PREFIX_PATH} CMAKE_PREFIX_PATH=/home/proto/Manipulator/DynamixelSDK/install/dynamixel_sdk_inf:/home/proto/Manipulator/DynamixelSDK/install/dynamixel_sdk:/opt/ros/humble LD_LIBRARY_PATH=/home/proto/Manipulator/DynamixelSDK/install/dynamixel_sdk_inf/lib:/home/proto/Manipulator/DynamixelSDK/install/dynamixel_sdk/lib:${LD_LIBRARY_PATH} PYTHONPATH=/home/proto/Manipulator/DynamixelSDK/install/dynamixel_sdk_inf/local/lib/python3.10/dist-packages:${PYTHONPATH} /usr/bin/cmake /home/proto/Manipulator/DynamixelSDK/src/motor_setup -DCMAKE_INSTALL_PREFIX=/home/proto/Manipulator/DynamixelSDK/install/motor_setup
[1.457s] Invoking command in '/home/proto/Manipulator/DynamixelSDK/build/motor_setup': AMENT_PREFIX_PATH=/home/proto/Manipulator/DynamixelSDK/install/dynamixel_sdk_inf:/home/proto/Manipulator/DynamixelSDK/install/dynamixel_sdk:${AMENT_PREFIX_PATH} CMAKE_PREFIX_PATH=/home/proto/Manipulator/DynamixelSDK/install/dynamixel_sdk_inf:/home/proto/Manipulator/DynamixelSDK/install/dynamixel_sdk:/opt/ros/humble LD_LIBRARY_PATH=/home/proto/Manipulator/DynamixelSDK/install/dynamixel_sdk_inf/lib:/home/proto/Manipulator/DynamixelSDK/install/dynamixel_sdk/lib:${LD_LIBRARY_PATH} PYTHONPATH=/home/proto/Manipulator/DynamixelSDK/install/dynamixel_sdk_inf/local/lib/python3.10/dist-packages:${PYTHONPATH} /usr/bin/cmake --build /home/proto/Manipulator/DynamixelSDK/build/motor_setup -- -j8 -l8
[1.497s] [ 50%] [32mBuilding CXX object CMakeFiles/position_control.dir/src/position_control.cpp.o[0m
[1.497s] [ 50%] [32mBuilding CXX object CMakeFiles/init_component.dir/src/init_component.cpp.o[0m
[1.497s] [ 50%] [32mBuilding CXX object CMakeFiles/set_pose.dir/src/position_pub.cpp.o[0m
[3.456s] [01m[K/home/proto/Manipulator/DynamixelSDK/src/motor_setup/src/init_component.cpp:[m[K In constructor ‘[01m[Kmotor_setup::SetupDynamixel::SetupDynamixel(const rclcpp::NodeOptions&)[m[K’:
[3.457s] [01m[K/home/proto/Manipulator/DynamixelSDK/src/motor_setup/src/init_component.cpp:59:14:[m[K [01;35m[Kwarning: [m[Kvariable ‘[01m[KQOS_RKL10V[m[K’ set but not used [[01;35m[K]8;;https://gcc.gnu.org/onlinedocs/gcc/Warning-Options.html#index-Wunused-but-set-variable-Wunused-but-set-variable]8;;[m[K]
[3.457s]    59 |   const auto [01;35m[KQOS_RKL10V[m[K =
[3.457s]       |              [01;35m[K^~~~~~~~~~[m[K
[4.437s] [ 66%] [32m[1mLinking CXX shared library libinit_component.so[0m
[4.561s] [ 66%] Built target init_component
[4.957s] [ 83%] [32m[1mLinking CXX executable set_pose[0m
[5.112s] [ 83%] Built target set_pose
[8.758s] [100%] [32m[1mLinking CXX shared library libposition_control.so[0m
[9.168s] [100%] Built target position_control
[9.176s] Invoked command in '/home/proto/Manipulator/DynamixelSDK/build/motor_setup' returned '0': AMENT_PREFIX_PATH=/home/proto/Manipulator/DynamixelSDK/install/dynamixel_sdk_inf:/home/proto/Manipulator/DynamixelSDK/install/dynamixel_sdk:${AMENT_PREFIX_PATH} CMAKE_PREFIX_PATH=/home/proto/Manipulator/DynamixelSDK/install/dynamixel_sdk_inf:/home/proto/Manipulator/DynamixelSDK/install/dynamixel_sdk:/opt/ros/humble LD_LIBRARY_PATH=/home/proto/Manipulator/DynamixelSDK/install/dynamixel_sdk_inf/lib:/home/proto/Manipulator/DynamixelSDK/install/dynamixel_sdk/lib:${LD_LIBRARY_PATH} PYTHONPATH=/home/proto/Manipulator/DynamixelSDK/install/dynamixel_sdk_inf/local/lib/python3.10/dist-packages:${PYTHONPATH} /usr/bin/cmake --build /home/proto/Manipulator/DynamixelSDK/build/motor_setup -- -j8 -l8
[9.197s] Invoking command in '/home/proto/Manipulator/DynamixelSDK/build/motor_setup': AMENT_PREFIX_PATH=/home/proto/Manipulator/DynamixelSDK/install/dynamixel_sdk_inf:/home/proto/Manipulator/DynamixelSDK/install/dynamixel_sdk:${AMENT_PREFIX_PATH} CMAKE_PREFIX_PATH=/home/proto/Manipulator/DynamixelSDK/install/dynamixel_sdk_inf:/home/proto/Manipulator/DynamixelSDK/install/dynamixel_sdk:/opt/ros/humble LD_LIBRARY_PATH=/home/proto/Manipulator/DynamixelSDK/install/dynamixel_sdk_inf/lib:/home/proto/Manipulator/DynamixelSDK/install/dynamixel_sdk/lib:${LD_LIBRARY_PATH} PYTHONPATH=/home/proto/Manipulator/DynamixelSDK/install/dynamixel_sdk_inf/local/lib/python3.10/dist-packages:${PYTHONPATH} /usr/bin/cmake --install /home/proto/Manipulator/DynamixelSDK/build/motor_setup
[9.203s] -- Install configuration: ""
[9.203s] -- Installing: /home/proto/Manipulator/DynamixelSDK/install/motor_setup/lib/libinit_component.so
[9.204s] -- Set runtime path of "/home/proto/Manipulator/DynamixelSDK/install/motor_setup/lib/libinit_component.so" to ""
[9.205s] -- Installing: /home/proto/Manipulator/DynamixelSDK/install/motor_setup/lib/libposition_control.so
[9.209s] -- Set runtime path of "/home/proto/Manipulator/DynamixelSDK/install/motor_setup/lib/libposition_control.so" to ""
[9.209s] -- Installing: /home/proto/Manipulator/DynamixelSDK/install/motor_setup/share/motor_setup/launch
[9.209s] -- Installing: /home/proto/Manipulator/DynamixelSDK/install/motor_setup/share/motor_setup/launch/init_component.launch.py
[9.209s] -- Installing: /home/proto/Manipulator/DynamixelSDK/install/motor_setup/share/motor_setup/launch/__pycache__
[9.209s] -- Installing: /home/proto/Manipulator/DynamixelSDK/install/motor_setup/share/motor_setup/launch/__pycache__/init_component.launch.cpython-310.pyc
[9.210s] -- Installing: /home/proto/Manipulator/DynamixelSDK/install/motor_setup/lib/motor_setup/set_pose
[9.210s] -- Set runtime path of "/home/proto/Manipulator/DynamixelSDK/install/motor_setup/lib/motor_setup/set_pose" to ""
[9.210s] -- Installing: /home/proto/Manipulator/DynamixelSDK/install/motor_setup/share/ament_index/resource_index/package_run_dependencies/motor_setup
[9.210s] -- Installing: /home/proto/Manipulator/DynamixelSDK/install/motor_setup/share/ament_index/resource_index/parent_prefix_path/motor_setup
[9.210s] -- Installing: /home/proto/Manipulator/DynamixelSDK/install/motor_setup/share/motor_setup/environment/ament_prefix_path.sh
[9.210s] -- Installing: /home/proto/Manipulator/DynamixelSDK/install/motor_setup/share/motor_setup/environment/ament_prefix_path.dsv
[9.210s] -- Installing: /home/proto/Manipulator/DynamixelSDK/install/motor_setup/share/motor_setup/environment/path.sh
[9.210s] -- Installing: /home/proto/Manipulator/DynamixelSDK/install/motor_setup/share/motor_setup/environment/path.dsv
[9.210s] -- Installing: /home/proto/Manipulator/DynamixelSDK/install/motor_setup/share/motor_setup/local_setup.bash
[9.211s] -- Installing: /home/proto/Manipulator/DynamixelSDK/install/motor_setup/share/motor_setup/local_setup.sh
[9.211s] -- Installing: /home/proto/Manipulator/DynamixelSDK/install/motor_setup/share/motor_setup/local_setup.zsh
[9.211s] -- Installing: /home/proto/Manipulator/DynamixelSDK/install/motor_setup/share/motor_setup/local_setup.dsv
[9.211s] -- Installing: /home/proto/Manipulator/DynamixelSDK/install/motor_setup/share/motor_setup/package.dsv
[9.211s] -- Installing: /home/proto/Manipulator/DynamixelSDK/install/motor_setup/share/ament_index/resource_index/packages/motor_setup
[9.211s] -- Installing: /home/proto/Manipulator/DynamixelSDK/install/motor_setup/share/ament_index/resource_index/rclcpp_components/motor_setup
[9.211s] -- Installing: /home/proto/Manipulator/DynamixelSDK/install/motor_setup/share/motor_setup/cmake/motor_setupConfig.cmake
[9.211s] -- Installing: /home/proto/Manipulator/DynamixelSDK/install/motor_setup/share/motor_setup/cmake/motor_setupConfig-version.cmake
[9.211s] -- Installing: /home/proto/Manipulator/DynamixelSDK/install/motor_setup/share/motor_setup/package.xml
[9.214s] Invoked command in '/home/proto/Manipulator/DynamixelSDK/build/motor_setup' returned '0': AMENT_PREFIX_PATH=/home/proto/Manipulator/DynamixelSDK/install/dynamixel_sdk_inf:/home/proto/Manipulator/DynamixelSDK/install/dynamixel_sdk:${AMENT_PREFIX_PATH} CMAKE_PREFIX_PATH=/home/proto/Manipulator/DynamixelSDK/install/dynamixel_sdk_inf:/home/proto/Manipulator/DynamixelSDK/install/dynamixel_sdk:/opt/ros/humble LD_LIBRARY_PATH=/home/proto/Manipulator/DynamixelSDK/install/dynamixel_sdk_inf/lib:/home/proto/Manipulator/DynamixelSDK/install/dynamixel_sdk/lib:${LD_LIBRARY_PATH} PYTHONPATH=/home/proto/Manipulator/DynamixelSDK/install/dynamixel_sdk_inf/local/lib/python3.10/dist-packages:${PYTHONPATH} /usr/bin/cmake --install /home/proto/Manipulator/DynamixelSDK/build/motor_setup
