[0.009s] Invoking command in '/home/proto/Manipulator/DynamixelSDK/build/motor_setup': CMAKE_PREFIX_PATH=/home/proto/Manipulator/DynamixelSDK/install/dynamixel_sdk_inf:/home/proto/Manipulator/DynamixelSDK/install/dynamixel_sdk:/home/proto/Manipulator/DynamixelSDK/install/motor_setup:/opt/ros/humble LD_LIBRARY_PATH=/home/proto/Manipulator/DynamixelSDK/install/dynamixel_sdk_inf/lib:/home/proto/Manipulator/DynamixelSDK/install/dynamixel_sdk/lib:/home/proto/Manipulator/DynamixelSDK/install/motor_setup/lib:/usr/lib/x86_64-linux-gnu/gazebo-11/plugins:/opt/ros/humble/opt/rviz_ogre_vendor/lib:/opt/ros/humble/lib/x86_64-linux-gnu:/opt/ros/humble/lib /usr/bin/cmake --build /home/proto/Manipulator/DynamixelSDK/build/motor_setup -- -j8 -l8
[0.041s] [35m[1mConsolidate compiler generated dependencies of target set_pose[0m
[0.050s] [ 66%] Built target position_control
[0.050s] [ 66%] Built target init_component
[0.054s] [ 83%] [32mBuilding CXX object CMakeFiles/set_pose.dir/src/position_pub.cpp.o[0m
[1.642s] [01m[K/home/proto/Manipulator/DynamixelSDK/motor_setup/src/position_pub.cpp:[m[K In member function ‘[01m[Kvoid PositionPublisher::timer_callback()[m[K’:
[1.642s] [01m[K/home/proto/Manipulator/DynamixelSDK/motor_setup/src/position_pub.cpp:36:26:[m[K [01;31m[Kerror: [m[Kno matching function for call to ‘[01m[Krclcpp::Publisher<dynamixel_sdk_inf::msg::SetPosition_<std::allocator<void> > >::publish(std::shared_ptr<dynamixel_sdk_inf::msg::SetPosition_<std::allocator<void> > >&)[m[K’
[1.642s]    36 |       [01;31m[Kpublisher_->publish(pose_message)[m[K;
[1.642s]       |       [01;31m[K~~~~~~~~~~~~~~~~~~~^~~~~~~~~~~~~~[m[K
[1.642s] In file included from [01m[K/opt/ros/humble/include/rclcpp/rclcpp/topic_statistics/subscription_topic_statistics.hpp:31[m[K,
[1.642s]                  from [01m[K/opt/ros/humble/include/rclcpp/rclcpp/subscription.hpp:50[m[K,
[1.642s]                  from [01m[K/opt/ros/humble/include/rclcpp/rclcpp/any_executable.hpp:25[m[K,
[1.642s]                  from [01m[K/opt/ros/humble/include/rclcpp/rclcpp/memory_strategy.hpp:25[m[K,
[1.642s]                  from [01m[K/opt/ros/humble/include/rclcpp/rclcpp/memory_strategies.hpp:18[m[K,
[1.643s]                  from [01m[K/opt/ros/humble/include/rclcpp/rclcpp/executor_options.hpp:20[m[K,
[1.643s]                  from [01m[K/opt/ros/humble/include/rclcpp/rclcpp/executor.hpp:37[m[K,
[1.643s]                  from [01m[K/opt/ros/humble/include/rclcpp/rclcpp/executors/multi_threaded_executor.hpp:25[m[K,
[1.643s]                  from [01m[K/opt/ros/humble/include/rclcpp/rclcpp/executors.hpp:21[m[K,
[1.643s]                  from [01m[K/opt/ros/humble/include/rclcpp/rclcpp/rclcpp.hpp:155[m[K,
[1.643s]                  from [01m[K/home/proto/Manipulator/DynamixelSDK/motor_setup/src/position_pub.cpp:1[m[K:
[1.643s] [01m[K/opt/ros/humble/include/rclcpp/rclcpp/publisher.hpp:251:3:[m[K [01;36m[Knote: [m[Kcandidate: ‘[01m[Ktemplate<class T> std::enable_if_t<(rosidl_generator_traits::is_message<T>::value && std::is_same<T, typename rclcpp::TypeAdapter<MessageT>::ros_message_type>::value)> rclcpp::Publisher<MessageT, AllocatorT>::publish(std::unique_ptr<T, typename std::conditional<std::is_same<typename std::allocator_traits<typename std::allocator_traits<_Allocator>::rebind_traits<typename rclcpp::TypeAdapter<MessageT, void, void>::ros_message_type>::allocator_type>::rebind_alloc<typename rclcpp::TypeAdapter<MessageT, void, void>::ros_message_type>, std::allocator<typename rclcpp::TypeAdapter<MessageT>::ros_message_type> >::value, std::default_delete<typename rclcpp::TypeAdapter<MessageT>::ros_message_type>, rclcpp::allocator::AllocatorDeleter<typename std::allocator_traits<_Allocator>::rebind_traits<typename rclcpp::TypeAdapter<MessageT, void, void>::ros_message_type>::allocator_type> >::type>) [with T = T; MessageT = dynamixel_sdk_inf::msg::SetPosition_<std::allocator<void> >; AllocatorT = std::allocator<void>][m[K’
[1.643s]   251 |   [01;36m[Kpublish[m[K(std::unique_ptr<T, ROSMessageTypeDeleter> msg)
[1.643s]       |   [01;36m[K^~~~~~~[m[K
[1.643s] [01m[K/opt/ros/humble/include/rclcpp/rclcpp/publisher.hpp:251:3:[m[K [01;36m[Knote: [m[K  template argument deduction/substitution failed:
[1.643s] [01m[K/home/proto/Manipulator/DynamixelSDK/motor_setup/src/position_pub.cpp:36:26:[m[K [01;36m[Knote: [m[K  ‘[01m[Kstd::shared_ptr<dynamixel_sdk_inf::msg::SetPosition_<std::allocator<void> > >[m[K’ is not derived from ‘[01m[Kstd::unique_ptr<T, std::default_delete<dynamixel_sdk_inf::msg::SetPosition_<std::allocator<void> > > >[m[K’
[1.643s]    36 |       [01;36m[Kpublisher_->publish(pose_message)[m[K;
[1.643s]       |       [01;36m[K~~~~~~~~~~~~~~~~~~~^~~~~~~~~~~~~~[m[K
[1.643s] In file included from [01m[K/opt/ros/humble/include/rclcpp/rclcpp/topic_statistics/subscription_topic_statistics.hpp:31[m[K,
[1.643s]                  from [01m[K/opt/ros/humble/include/rclcpp/rclcpp/subscription.hpp:50[m[K,
[1.643s]                  from [01m[K/opt/ros/humble/include/rclcpp/rclcpp/any_executable.hpp:25[m[K,
[1.643s]                  from [01m[K/opt/ros/humble/include/rclcpp/rclcpp/memory_strategy.hpp:25[m[K,
[1.643s]                  from [01m[K/opt/ros/humble/include/rclcpp/rclcpp/memory_strategies.hpp:18[m[K,
[1.643s]                  from [01m[K/opt/ros/humble/include/rclcpp/rclcpp/executor_options.hpp:20[m[K,
[1.643s]                  from [01m[K/opt/ros/humble/include/rclcpp/rclcpp/executor.hpp:37[m[K,
[1.643s]                  from [01m[K/opt/ros/humble/include/rclcpp/rclcpp/executors/multi_threaded_executor.hpp:25[m[K,
[1.643s]                  from [01m[K/opt/ros/humble/include/rclcpp/rclcpp/executors.hpp:21[m[K,
[1.643s]                  from [01m[K/opt/ros/humble/include/rclcpp/rclcpp/rclcpp.hpp:155[m[K,
[1.643s]                  from [01m[K/home/proto/Manipulator/DynamixelSDK/motor_setup/src/position_pub.cpp:1[m[K:
[1.643s] [01m[K/opt/ros/humble/include/rclcpp/rclcpp/publisher.hpp:292:3:[m[K [01;36m[Knote: [m[Kcandidate: ‘[01m[Ktemplate<class T> std::enable_if_t<(rosidl_generator_traits::is_message<T>::value && std::is_same<T, typename rclcpp::TypeAdapter<MessageT>::ros_message_type>::value)> rclcpp::Publisher<MessageT, AllocatorT>::publish(const T&) [with T = T; MessageT = dynamixel_sdk_inf::msg::SetPosition_<std::allocator<void> >; AllocatorT = std::allocator<void>][m[K’
[1.644s]   292 |   [01;36m[Kpublish[m[K(const T & msg)
[1.644s]       |   [01;36m[K^~~~~~~[m[K
[1.644s] [01m[K/opt/ros/humble/include/rclcpp/rclcpp/publisher.hpp:292:3:[m[K [01;36m[Knote: [m[K  template argument deduction/substitution failed:
[1.644s] In file included from [01m[K/usr/include/c++/11/bits/move.h:57[m[K,
[1.644s]                  from [01m[K/usr/include/c++/11/bits/stl_pair.h:59[m[K,
[1.644s]                  from [01m[K/usr/include/c++/11/bits/stl_algobase.h:64[m[K,
[1.644s]                  from [01m[K/usr/include/c++/11/memory:63[m[K,
[1.644s]                  from [01m[K/opt/ros/humble/include/rclcpp/rclcpp/rclcpp.hpp:153[m[K,
[1.644s]                  from [01m[K/home/proto/Manipulator/DynamixelSDK/motor_setup/src/position_pub.cpp:1[m[K:
[1.644s] /usr/include/c++/11/type_traits: In substitution of ‘[01m[Ktemplate<bool _Cond, class _Tp> using enable_if_t = typename std::enable_if::type [with bool _Cond = false; _Tp = void][m[K’:
[1.644s] [01m[K/opt/ros/humble/include/rclcpp/rclcpp/publisher.hpp:292:3:[m[K   required by substitution of ‘[01m[Ktemplate<class T> std::enable_if_t<(rosidl_generator_traits::is_message<T>::value && std::is_same<T, dynamixel_sdk_inf::msg::SetPosition_<std::allocator<void> > >::value), void> rclcpp::Publisher<dynamixel_sdk_inf::msg::SetPosition_<std::allocator<void> > >::publish<T>(const T&) [with T = std::shared_ptr<dynamixel_sdk_inf::msg::SetPosition_<std::allocator<void> > >][m[K’
[1.644s] [01m[K/home/proto/Manipulator/DynamixelSDK/motor_setup/src/position_pub.cpp:36:26:[m[K   required from here
[1.644s] [01m[K/usr/include/c++/11/type_traits:2585:11:[m[K [01;31m[Kerror: [m[Kno type named ‘[01m[Ktype[m[K’ in ‘[01m[Kstruct std::enable_if<false, void>[m[K’
[1.644s]  2585 |     using [01;31m[Kenable_if_t[m[K = typename enable_if<_Cond, _Tp>::type;
[1.644s]       |           [01;31m[K^~~~~~~~~~~[m[K
[1.644s] In file included from [01m[K/opt/ros/humble/include/rclcpp/rclcpp/topic_statistics/subscription_topic_statistics.hpp:31[m[K,
[1.644s]                  from [01m[K/opt/ros/humble/include/rclcpp/rclcpp/subscription.hpp:50[m[K,
[1.644s]                  from [01m[K/opt/ros/humble/include/rclcpp/rclcpp/any_executable.hpp:25[m[K,
[1.644s]                  from [01m[K/opt/ros/humble/include/rclcpp/rclcpp/memory_strategy.hpp:25[m[K,
[1.644s]                  from [01m[K/opt/ros/humble/include/rclcpp/rclcpp/memory_strategies.hpp:18[m[K,
[1.644s]                  from [01m[K/opt/ros/humble/include/rclcpp/rclcpp/executor_options.hpp:20[m[K,
[1.644s]                  from [01m[K/opt/ros/humble/include/rclcpp/rclcpp/executor.hpp:37[m[K,
[1.644s]                  from [01m[K/opt/ros/humble/include/rclcpp/rclcpp/executors/multi_threaded_executor.hpp:25[m[K,
[1.644s]                  from [01m[K/opt/ros/humble/include/rclcpp/rclcpp/executors.hpp:21[m[K,
[1.644s]                  from [01m[K/opt/ros/humble/include/rclcpp/rclcpp/rclcpp.hpp:155[m[K,
[1.644s]                  from [01m[K/home/proto/Manipulator/DynamixelSDK/motor_setup/src/position_pub.cpp:1[m[K:
[1.644s] [01m[K/opt/ros/humble/include/rclcpp/rclcpp/publisher.hpp:322:3:[m[K [01;36m[Knote: [m[Kcandidate: ‘[01m[Ktemplate<class T> std::enable_if_t<(typename rclcpp::TypeAdapter<MessageT>::is_specialized::value && std::is_same<T, typename rclcpp::TypeAdapter<MessageT>::custom_type>::value)> rclcpp::Publisher<MessageT, AllocatorT>::publish(std::unique_ptr<T, typename std::conditional<std::is_same<typename std::allocator_traits<typename std::allocator_traits<_Allocator>::rebind_traits<typename rclcpp::TypeAdapter<MessageT, void, void>::custom_type>::allocator_type>::rebind_alloc<typename rclcpp::TypeAdapter<MessageT, void, void>::custom_type>, std::allocator<typename rclcpp::TypeAdapter<MessageT>::custom_type> >::value, std::default_delete<typename rclcpp::TypeAdapter<MessageT>::custom_type>, rclcpp::allocator::AllocatorDeleter<typename std::allocator_traits<_Allocator>::rebind_traits<typename rclcpp::TypeAdapter<MessageT, void, void>::custom_type>::allocator_type> >::type>) [with T = T; MessageT = dynamixel_sdk_inf::msg::SetPosition_<std::allocator<void> >; AllocatorT = std::allocator<void>][m[K’
[1.644s]   322 |   [01;36m[Kpublish[m[K(std::unique_ptr<T, PublishedTypeDeleter> msg)
[1.645s]       |   [01;36m[K^~~~~~~[m[K
[1.645s] [01m[K/opt/ros/humble/include/rclcpp/rclcpp/publisher.hpp:322:3:[m[K [01;36m[Knote: [m[K  template argument deduction/substitution failed:
[1.645s] [01m[K/home/proto/Manipulator/DynamixelSDK/motor_setup/src/position_pub.cpp:36:26:[m[K [01;36m[Knote: [m[K  ‘[01m[Kstd::shared_ptr<dynamixel_sdk_inf::msg::SetPosition_<std::allocator<void> > >[m[K’ is not derived from ‘[01m[Kstd::unique_ptr<T, std::default_delete<dynamixel_sdk_inf::msg::SetPosition_<std::allocator<void> > > >[m[K’
[1.645s]    36 |       [01;36m[Kpublisher_->publish(pose_message)[m[K;
[1.645s]       |       [01;36m[K~~~~~~~~~~~~~~~~~~~^~~~~~~~~~~~~~[m[K
[1.645s] In file included from [01m[K/opt/ros/humble/include/rclcpp/rclcpp/topic_statistics/subscription_topic_statistics.hpp:31[m[K,
[1.645s]                  from [01m[K/opt/ros/humble/include/rclcpp/rclcpp/subscription.hpp:50[m[K,
[1.645s]                  from [01m[K/opt/ros/humble/include/rclcpp/rclcpp/any_executable.hpp:25[m[K,
[1.645s]                  from [01m[K/opt/ros/humble/include/rclcpp/rclcpp/memory_strategy.hpp:25[m[K,
[1.645s]                  from [01m[K/opt/ros/humble/include/rclcpp/rclcpp/memory_strategies.hpp:18[m[K,
[1.645s]                  from [01m[K/opt/ros/humble/include/rclcpp/rclcpp/executor_options.hpp:20[m[K,
[1.645s]                  from [01m[K/opt/ros/humble/include/rclcpp/rclcpp/executor.hpp:37[m[K,
[1.645s]                  from [01m[K/opt/ros/humble/include/rclcpp/rclcpp/executors/multi_threaded_executor.hpp:25[m[K,
[1.645s]                  from [01m[K/opt/ros/humble/include/rclcpp/rclcpp/executors.hpp:21[m[K,
[1.645s]                  from [01m[K/opt/ros/humble/include/rclcpp/rclcpp/rclcpp.hpp:155[m[K,
[1.645s]                  from [01m[K/home/proto/Manipulator/DynamixelSDK/motor_setup/src/position_pub.cpp:1[m[K:
[1.645s] [01m[K/opt/ros/humble/include/rclcpp/rclcpp/publisher.hpp:364:3:[m[K [01;36m[Knote: [m[Kcandidate: ‘[01m[Ktemplate<class T> std::enable_if_t<(typename rclcpp::TypeAdapter<MessageT>::is_specialized::value && std::is_same<T, typename rclcpp::TypeAdapter<MessageT>::custom_type>::value)> rclcpp::Publisher<MessageT, AllocatorT>::publish(const T&) [with T = T; MessageT = dynamixel_sdk_inf::msg::SetPosition_<std::allocator<void> >; AllocatorT = std::allocator<void>][m[K’
[1.645s]   364 |   [01;36m[Kpublish[m[K(const T & msg)
[1.645s]       |   [01;36m[K^~~~~~~[m[K
[1.645s] [01m[K/opt/ros/humble/include/rclcpp/rclcpp/publisher.hpp:364:3:[m[K [01;36m[Knote: [m[K  template argument deduction/substitution failed:
[1.645s] [01m[K/opt/ros/humble/include/rclcpp/rclcpp/publisher.hpp:383:3:[m[K [01;36m[Knote: [m[Kcandidate: ‘[01m[Kvoid rclcpp::Publisher<MessageT, AllocatorT>::publish(const rcl_serialized_message_t&) [with MessageT = dynamixel_sdk_inf::msg::SetPosition_<std::allocator<void> >; AllocatorT = std::allocator<void>; rcl_serialized_message_t = rcutils_uint8_array_s][m[K’
[1.645s]   383 |   [01;36m[Kpublish[m[K(const rcl_serialized_message_t & serialized_msg)
[1.645s]       |   [01;36m[K^~~~~~~[m[K
[1.645s] [01m[K/opt/ros/humble/include/rclcpp/rclcpp/publisher.hpp:383:44:[m[K [01;36m[Knote: [m[K  no known conversion for argument 1 from ‘[01m[Kstd::shared_ptr<dynamixel_sdk_inf::msg::SetPosition_<std::allocator<void> > >[m[K’ to ‘[01m[Kconst rcl_serialized_message_t&[m[K’ {aka ‘[01m[Kconst rcutils_uint8_array_s&[m[K’}
[1.645s]   383 |   publish([01;36m[Kconst rcl_serialized_message_t & serialized_msg[m[K)
[1.645s]       |           [01;36m[K~~~~~~~~~~~~~~~~~~~~~~~~~~~~~~~~~^~~~~~~~~~~~~~[m[K
[1.645s] [01m[K/opt/ros/humble/include/rclcpp/rclcpp/publisher.hpp:389:3:[m[K [01;36m[Knote: [m[Kcandidate: ‘[01m[Kvoid rclcpp::Publisher<MessageT, AllocatorT>::publish(const rclcpp::SerializedMessage&) [with MessageT = dynamixel_sdk_inf::msg::SetPosition_<std::allocator<void> >; AllocatorT = std::allocator<void>][m[K’
[1.645s]   389 |   [01;36m[Kpublish[m[K(const SerializedMessage & serialized_msg)
[1.645s]       |   [01;36m[K^~~~~~~[m[K
[1.646s] [01m[K/opt/ros/humble/include/rclcpp/rclcpp/publisher.hpp:389:37:[m[K [01;36m[Knote: [m[K  no known conversion for argument 1 from ‘[01m[Kstd::shared_ptr<dynamixel_sdk_inf::msg::SetPosition_<std::allocator<void> > >[m[K’ to ‘[01m[Kconst rclcpp::SerializedMessage&[m[K’
[1.646s]   389 |   publish([01;36m[Kconst SerializedMessage & serialized_msg[m[K)
[1.646s]       |           [01;36m[K~~~~~~~~~~~~~~~~~~~~~~~~~~^~~~~~~~~~~~~~[m[K
[1.646s] [01m[K/opt/ros/humble/include/rclcpp/rclcpp/publisher.hpp:403:3:[m[K [01;36m[Knote: [m[Kcandidate: ‘[01m[Kvoid rclcpp::Publisher<MessageT, AllocatorT>::publish(rclcpp::LoanedMessage<typename rclcpp::TypeAdapter<MessageT>::ros_message_type, AllocatorT>&&) [with MessageT = dynamixel_sdk_inf::msg::SetPosition_<std::allocator<void> >; AllocatorT = std::allocator<void>; typename rclcpp::TypeAdapter<MessageT>::ros_message_type = dynamixel_sdk_inf::msg::SetPosition_<std::allocator<void> >][m[K’
[1.646s]   403 |   [01;36m[Kpublish[m[K(rclcpp::LoanedMessage<ROSMessageType, AllocatorT> && loaned_msg)
[1.646s]       |   [01;36m[K^~~~~~~[m[K
[1.646s] [01m[K/opt/ros/humble/include/rclcpp/rclcpp/publisher.hpp:403:64:[m[K [01;36m[Knote: [m[K  no known conversion for argument 1 from ‘[01m[Kstd::shared_ptr<dynamixel_sdk_inf::msg::SetPosition_<std::allocator<void> > >[m[K’ to ‘[01m[Krclcpp::LoanedMessage<dynamixel_sdk_inf::msg::SetPosition_<std::allocator<void> >, std::allocator<void> >&&[m[K’
[1.646s]   403 |   publish([01;36m[Krclcpp::LoanedMessage<ROSMessageType, AllocatorT> && loaned_msg[m[K)
[1.646s]       |           [01;36m[K~~~~~~~~~~~~~~~~~~~~~~~~~~~~~~~~~~~~~~~~~~~~~~~~~~~~~^~~~~~~~~~[m[K
[2.171s] gmake[2]: *** [CMakeFiles/set_pose.dir/build.make:76: CMakeFiles/set_pose.dir/src/position_pub.cpp.o] Error 1
[2.171s] gmake[1]: *** [CMakeFiles/Makefile2:167: CMakeFiles/set_pose.dir/all] Error 2
[2.171s] gmake: *** [Makefile:146: all] Error 2
[2.174s] Invoked command in '/home/proto/Manipulator/DynamixelSDK/build/motor_setup' returned '2': CMAKE_PREFIX_PATH=/home/proto/Manipulator/DynamixelSDK/install/dynamixel_sdk_inf:/home/proto/Manipulator/DynamixelSDK/install/dynamixel_sdk:/home/proto/Manipulator/DynamixelSDK/install/motor_setup:/opt/ros/humble LD_LIBRARY_PATH=/home/proto/Manipulator/DynamixelSDK/install/dynamixel_sdk_inf/lib:/home/proto/Manipulator/DynamixelSDK/install/dynamixel_sdk/lib:/home/proto/Manipulator/DynamixelSDK/install/motor_setup/lib:/usr/lib/x86_64-linux-gnu/gazebo-11/plugins:/opt/ros/humble/opt/rviz_ogre_vendor/lib:/opt/ros/humble/lib/x86_64-linux-gnu:/opt/ros/humble/lib /usr/bin/cmake --build /home/proto/Manipulator/DynamixelSDK/build/motor_setup -- -j8 -l8
