[0.007s] Invoking command in '/home/proto/Manipulator/DynamixelSDK/build/motor_setup': AMENT_PREFIX_PATH=/home/proto/Manipulator/DynamixelSDK/install/dynamixel_sdk_inf:/home/proto/Manipulator/DynamixelSDK/install/dynamixel_sdk:${AMENT_PREFIX_PATH} CMAKE_PREFIX_PATH=/home/proto/Manipulator/DynamixelSDK/install/dynamixel_sdk_inf:/home/proto/Manipulator/DynamixelSDK/install/dynamixel_sdk:/opt/ros/humble LD_LIBRARY_PATH=/home/proto/Manipulator/DynamixelSDK/install/dynamixel_sdk_inf/lib:/home/proto/Manipulator/DynamixelSDK/install/dynamixel_sdk/lib:${LD_LIBRARY_PATH} PYTHONPATH=/home/proto/Manipulator/DynamixelSDK/install/dynamixel_sdk_inf/local/lib/python3.10/dist-packages:${PYTHONPATH} /usr/bin/cmake --build /home/proto/Manipulator/DynamixelSDK/build/motor_setup -- -j8 -l8
[0.023s] -- Found ament_cmake: 1.3.4 (/opt/ros/humble/share/ament_cmake/cmake)
[0.117s] -- Found rclcpp: 16.0.4 (/opt/ros/humble/share/rclcpp/cmake)
[0.136s] -- Found rosidl_generator_c: 3.1.4 (/opt/ros/humble/share/rosidl_generator_c/cmake)
[0.137s] -- Found rosidl_adapter: 3.1.4 (/opt/ros/humble/share/rosidl_adapter/cmake)
[0.141s] -- Found rosidl_generator_cpp: 3.1.4 (/opt/ros/humble/share/rosidl_generator_cpp/cmake)
[0.147s] -- Using all available rosidl_typesupport_c: rosidl_typesupport_fastrtps_c;rosidl_typesupport_introspection_c
[0.158s] -- Using all available rosidl_typesupport_cpp: rosidl_typesupport_fastrtps_cpp;rosidl_typesupport_introspection_cpp
[0.207s] -- Found rmw_implementation_cmake: 6.1.1 (/opt/ros/humble/share/rmw_implementation_cmake/cmake)
[0.208s] -- Found rmw_fastrtps_cpp: 6.2.2 (/opt/ros/humble/share/rmw_fastrtps_cpp/cmake)
[0.291s] -- Using RMW implementation 'rmw_fastrtps_cpp' as default
[0.389s] -- Found rclcpp_components: 16.0.4 (/opt/ros/humble/share/rclcpp_components/cmake)
[0.426s] -- Found composition: 0.20.3 (/opt/ros/humble/share/composition/cmake)
[0.426s] -- Found dynamixel_sdk: 3.7.40 (/home/proto/Manipulator/DynamixelSDK/install/dynamixel_sdk/share/dynamixel_sdk/cmake)
[0.427s] -- Found dynamixel_sdk_inf: 3.7.40 (/home/proto/Manipulator/DynamixelSDK/install/dynamixel_sdk_inf/share/dynamixel_sdk_inf/cmake)
[0.450s] -- Found ament_lint_auto: 0.12.6 (/opt/ros/humble/share/ament_lint_auto/cmake)
[0.494s] -- Added test 'copyright' to check source files copyright and LICENSE
[0.495s] -- Added test 'cppcheck' to perform static code analysis on C / C++ code
[0.495s] -- Configured cppcheck include dirs: /home/proto/Manipulator/DynamixelSDK/src/motor_setup/include
[0.495s] -- Configured cppcheck exclude dirs and/or files: 
[0.496s] -- Added test 'cpplint' to check C / C++ code against the Google style
[0.496s] -- Configured cpplint exclude dirs and/or files: 
[0.496s] -- Added test 'flake8' to check Python code syntax and style conventions
[0.496s] -- Added test 'lint_cmake' to check CMake code style
[0.496s] -- Added test 'pep257' to check Python code against some of the docstring style conventions in PEP 257
[0.497s] -- Added test 'uncrustify' to check C / C++ code style
[0.497s] -- Configured uncrustify additional arguments: 
[0.497s] -- Added test 'xmllint' to check XML markup files
[0.498s] -- Configuring done
[0.510s] -- Generating done
[0.512s] -- Build files have been written to: /home/proto/Manipulator/DynamixelSDK/build/motor_setup
[0.531s] [35m[1mConsolidate compiler generated dependencies of target init_component[0m
[0.531s] [35m[1mConsolidate compiler generated dependencies of target position_torque_control[0m
[0.532s] [35m[1mConsolidate compiler generated dependencies of target position_control[0m
[0.533s] [35m[1mConsolidate compiler generated dependencies of target set_pose[0m
[0.544s] [ 12%] [32mBuilding CXX object CMakeFiles/position_torque_control.dir/src/pos_torque_control.cpp.o[0m
[0.545s] [ 25%] [32m[1mLinking CXX shared library libinit_component.so[0m
[0.548s] [ 37%] [32m[1mLinking CXX executable set_pose[0m
[0.549s] [ 50%] [32m[1mLinking CXX shared library libposition_control.so[0m
[0.748s] [ 62%] Built target init_component
[0.756s] [ 75%] Built target set_pose
[0.979s] [ 87%] Built target position_control
[2.254s] In file included from [01m[K/opt/ros/humble/include/rclcpp/rclcpp/callback_group.hpp:28[m[K,
[2.254s]                  from [01m[K/opt/ros/humble/include/rclcpp/rclcpp/any_executable.hpp:20[m[K,
[2.254s]                  from [01m[K/opt/ros/humble/include/rclcpp/rclcpp/memory_strategy.hpp:25[m[K,
[2.254s]                  from [01m[K/opt/ros/humble/include/rclcpp/rclcpp/memory_strategies.hpp:18[m[K,
[2.254s]                  from [01m[K/opt/ros/humble/include/rclcpp/rclcpp/executor_options.hpp:20[m[K,
[2.254s]                  from [01m[K/opt/ros/humble/include/rclcpp/rclcpp/executor.hpp:37[m[K,
[2.254s]                  from [01m[K/opt/ros/humble/include/rclcpp/rclcpp/executors/multi_threaded_executor.hpp:25[m[K,
[2.254s]                  from [01m[K/opt/ros/humble/include/rclcpp/rclcpp/executors.hpp:21[m[K,
[2.254s]                  from [01m[K/opt/ros/humble/include/rclcpp/rclcpp/rclcpp.hpp:155[m[K,
[2.254s]                  from [01m[K/home/proto/Manipulator/DynamixelSDK/src/motor_setup/include/motor_setup/pos_torque_control.hpp:8[m[K,
[2.254s]                  from [01m[K/home/proto/Manipulator/DynamixelSDK/src/motor_setup/src/pos_torque_control.cpp:1[m[K:
[2.254s] /opt/ros/humble/include/rclcpp/rclcpp/service.hpp: In instantiation of ‘[01m[Kclass rclcpp::Service<dynamixel_sdk_inf::msg::SetTorque_<std::allocator<void> > >[m[K’:
[2.255s] [01m[K/home/proto/Manipulator/DynamixelSDK/src/motor_setup/include/motor_setup/pos_torque_control.hpp:36:29:[m[K   required from here
[2.255s] [01m[K/opt/ros/humble/include/rclcpp/rclcpp/service.hpp:282:9:[m[K [01;31m[Kerror: [m[Kno type named ‘[01m[KResponse[m[K’ in ‘[01m[Kstruct dynamixel_sdk_inf::msg::SetTorque_<std::allocator<void> >[m[K’
[2.255s]   282 |   using [01;31m[KCallbackType[m[K = std::function<
[2.255s]       |         [01;31m[K^~~~~~~~~~~~[m[K
[2.255s] [01m[K/opt/ros/humble/include/rclcpp/rclcpp/service.hpp:287:9:[m[K [01;31m[Kerror: [m[Kno type named ‘[01m[KResponse[m[K’ in ‘[01m[Kstruct dynamixel_sdk_inf::msg::SetTorque_<std::allocator<void> >[m[K’
[2.255s]   287 |   using [01;31m[KCallbackWithHeaderType[m[K = std::function<
[2.255s]       |         [01;31m[K^~~~~~~~~~~~~~~~~~~~~~[m[K
[2.255s] [01m[K/opt/ros/humble/include/rclcpp/rclcpp/service.hpp:450:3:[m[K [01;31m[Kerror: [m[Kno type named ‘[01m[KRequest[m[K’ in ‘[01m[Kstruct dynamixel_sdk_inf::msg::SetTorque_<std::allocator<void> >[m[K’
[2.255s]   450 |   [01;31m[Ktake_request[m[K(typename ServiceT::Request & request_out, rmw_request_id_t & request_id_out)
[2.255s]       |   [01;31m[K^~~~~~~~~~~~[m[K
[2.255s] [01m[K/opt/ros/humble/include/rclcpp/rclcpp/service.hpp:480:3:[m[K [01;31m[Kerror: [m[Kno type named ‘[01m[KResponse[m[K’ in ‘[01m[Kstruct dynamixel_sdk_inf::msg::SetTorque_<std::allocator<void> >[m[K’
[2.255s]   480 |   [01;31m[Ksend_response[m[K(rmw_request_id_t & req_id, typename ServiceT::Response & response)
[2.255s]       |   [01;31m[K^~~~~~~~~~~~~[m[K
[2.255s] In file included from [01m[K/opt/ros/humble/include/rclcpp/rclcpp/service.hpp:36[m[K,
[2.255s]                  from [01m[K/opt/ros/humble/include/rclcpp/rclcpp/callback_group.hpp:28[m[K,
[2.256s]                  from [01m[K/opt/ros/humble/include/rclcpp/rclcpp/any_executable.hpp:20[m[K,
[2.256s]                  from [01m[K/opt/ros/humble/include/rclcpp/rclcpp/memory_strategy.hpp:25[m[K,
[2.256s]                  from [01m[K/opt/ros/humble/include/rclcpp/rclcpp/memory_strategies.hpp:18[m[K,
[2.256s]                  from [01m[K/opt/ros/humble/include/rclcpp/rclcpp/executor_options.hpp:20[m[K,
[2.256s]                  from [01m[K/opt/ros/humble/include/rclcpp/rclcpp/executor.hpp:37[m[K,
[2.256s]                  from [01m[K/opt/ros/humble/include/rclcpp/rclcpp/executors/multi_threaded_executor.hpp:25[m[K,
[2.256s]                  from [01m[K/opt/ros/humble/include/rclcpp/rclcpp/executors.hpp:21[m[K,
[2.256s]                  from [01m[K/opt/ros/humble/include/rclcpp/rclcpp/rclcpp.hpp:155[m[K,
[2.256s]                  from [01m[K/home/proto/Manipulator/DynamixelSDK/src/motor_setup/include/motor_setup/pos_torque_control.hpp:8[m[K,
[2.256s]                  from [01m[K/home/proto/Manipulator/DynamixelSDK/src/motor_setup/src/pos_torque_control.cpp:1[m[K:
[2.256s] /opt/ros/humble/include/rclcpp/rclcpp/any_service_callback.hpp: In instantiation of ‘[01m[Kclass rclcpp::AnyServiceCallback<dynamixel_sdk_inf::msg::SetTorque_<std::allocator<void> > >[m[K’:
[2.256s] [01m[K/opt/ros/humble/include/rclcpp/rclcpp/service.hpp:492:32:[m[K   required from ‘[01m[Kclass rclcpp::Service<dynamixel_sdk_inf::msg::SetTorque_<std::allocator<void> > >[m[K’
[2.256s] [01m[K/home/proto/Manipulator/DynamixelSDK/src/motor_setup/include/motor_setup/pos_torque_control.hpp:36:29:[m[K   required from here
[2.256s] [01m[K/opt/ros/humble/include/rclcpp/rclcpp/any_service_callback.hpp:154:3:[m[K [01;31m[Kerror: [m[Kno type named ‘[01m[KResponse[m[K’ in ‘[01m[Kstruct dynamixel_sdk_inf::msg::SetTorque_<std::allocator<void> >[m[K’
[2.256s]   154 |   [01;31m[Kdispatch[m[K(
[2.257s]       |   [01;31m[K^~~~~~~~[m[K
[2.257s] [01m[K/opt/ros/humble/include/rclcpp/rclcpp/any_service_callback.hpp:203:9:[m[K [01;31m[Kerror: [m[Kno type named ‘[01m[KResponse[m[K’ in ‘[01m[Kstruct dynamixel_sdk_inf::msg::SetTorque_<std::allocator<void> >[m[K’
[2.257s]   203 |   using [01;31m[KSharedPtrCallback[m[K = std::function<
[2.257s]       |         [01;31m[K^~~~~~~~~~~~~~~~~[m[K
[2.257s] [01m[K/opt/ros/humble/include/rclcpp/rclcpp/any_service_callback.hpp:208:9:[m[K [01;31m[Kerror: [m[Kno type named ‘[01m[KResponse[m[K’ in ‘[01m[Kstruct dynamixel_sdk_inf::msg::SetTorque_<std::allocator<void> >[m[K’
[2.257s]   208 |   using [01;31m[KSharedPtrWithRequestHeaderCallback[m[K = std::function<
[2.257s]       |         [01;31m[K^~~~~~~~~~~~~~~~~~~~~~~~~~~~~~~~~~[m[K
[2.257s] [01m[K/opt/ros/humble/include/rclcpp/rclcpp/any_service_callback.hpp:214:9:[m[K [01;31m[Kerror: [m[Kno type named ‘[01m[KRequest[m[K’ in ‘[01m[Kstruct dynamixel_sdk_inf::msg::SetTorque_<std::allocator<void> >[m[K’
[2.257s]   214 |   using [01;31m[KSharedPtrDeferResponseCallback[m[K = std::function<
[2.257s]       |         [01;31m[K^~~~~~~~~~~~~~~~~~~~~~~~~~~~~~[m[K
[2.257s] [01m[K/opt/ros/humble/include/rclcpp/rclcpp/any_service_callback.hpp:219:9:[m[K [01;31m[Kerror: [m[Kno type named ‘[01m[KRequest[m[K’ in ‘[01m[Kstruct dynamixel_sdk_inf::msg::SetTorque_<std::allocator<void> >[m[K’
[2.257s]   219 |   using [01;31m[KSharedPtrDeferResponseCallbackWithServiceHandle[m[K = std::function<
[2.257s]       |         [01;31m[K^~~~~~~~~~~~~~~~~~~~~~~~~~~~~~~~~~~~~~~~~~~~~~~[m[K
[2.257s] [01m[K/opt/ros/humble/include/rclcpp/rclcpp/any_service_callback.hpp:231:54:[m[K [01;31m[Kerror: [m[Kno type named ‘[01m[KResponse[m[K’ in ‘[01m[Kstruct dynamixel_sdk_inf::msg::SetTorque_<std::allocator<void> >[m[K’
[2.257s]   231 |     SharedPtrDeferResponseCallbackWithServiceHandle> [01;31m[Kcallback_[m[K;
[2.257s]       |                                                      [01;31m[K^~~~~~~~~[m[K
[2.274s] [01m[K/home/proto/Manipulator/DynamixelSDK/src/motor_setup/src/pos_torque_control.cpp:[m[K In constructor ‘[01m[Kmotor_setup::PosTorqueControl::PosTorqueControl(const rclcpp::NodeOptions&)[m[K’:
[2.274s] [01m[K/home/proto/Manipulator/DynamixelSDK/src/motor_setup/src/pos_torque_control.cpp:119:84:[m[K [01;31m[Kerror: [m[Kno match for ‘[01m[Koperator=[m[K’ (operand types are ‘[01m[Krclcpp::Service<dynamixel_sdk_inf::msg::SetTorque_<std::allocator<void> > >::SharedPtr[m[K’ {aka ‘[01m[Kstd::shared_ptr<rclcpp::Service<dynamixel_sdk_inf::msg::SetTorque_<std::allocator<void> > > >[m[K’} and ‘[01m[Krclcpp::Service<dynamixel_sdk_inf::srv::SetId>::SharedPtr[m[K’ {aka ‘[01m[Kstd::shared_ptr<rclcpp::Service<dynamixel_sdk_inf::srv::SetId> >[m[K’})
[2.274s]   119 |   set_torque_mode_server_ = create_service<SetId>("set_id", set_torque_control_mode[01;31m[K)[m[K;
[2.274s]       |                                                                                    [01;31m[K^[m[K
[2.274s] In file included from [01m[K/usr/include/c++/11/memory:77[m[K,
[2.274s]                  from [01m[K/home/proto/Manipulator/DynamixelSDK/src/motor_setup/include/motor_setup/pos_torque_control.hpp:5[m[K,
[2.274s]                  from [01m[K/home/proto/Manipulator/DynamixelSDK/src/motor_setup/src/pos_torque_control.cpp:1[m[K:
[2.274s] [01m[K/usr/include/c++/11/bits/shared_ptr.h:363:9:[m[K [01;36m[Knote: [m[Kcandidate: ‘[01m[Ktemplate<class _Yp> std::shared_ptr<_Tp>::_Assignable<const std::shared_ptr<_Yp>&> std::shared_ptr<_Tp>::operator=(const std::shared_ptr<_Yp>&) [with _Yp = _Yp; _Tp = rclcpp::Service<dynamixel_sdk_inf::msg::SetTorque_<std::allocator<void> > >][m[K’
[2.274s]   363 |         [01;36m[Koperator[m[K=(const shared_ptr<_Yp>& __r) noexcept
[2.275s]       |         [01;36m[K^~~~~~~~[m[K
[2.275s] [01m[K/usr/include/c++/11/bits/shared_ptr.h:363:9:[m[K [01;36m[Knote: [m[K  template argument deduction/substitution failed:
[2.275s] /usr/include/c++/11/bits/shared_ptr.h: In substitution of ‘[01m[Ktemplate<class _Tp> template<class _Arg> using _Assignable = typename std::enable_if<std::is_assignable<std::__shared_ptr<_Tp>&, _Arg>::value, std::shared_ptr<_Tp>&>::type [with _Arg = const std::shared_ptr<rclcpp::Service<dynamixel_sdk_inf::srv::SetId> >&; _Tp = rclcpp::Service<dynamixel_sdk_inf::msg::SetTorque_<std::allocator<void> > >][m[K’:
[2.275s] [01m[K/usr/include/c++/11/bits/shared_ptr.h:363:2:[m[K   required by substitution of ‘[01m[Ktemplate<class _Yp> std::shared_ptr<rclcpp::Service<dynamixel_sdk_inf::msg::SetTorque_<std::allocator<void> > > >::_Assignable<const std::shared_ptr<_Tp>&> std::shared_ptr<rclcpp::Service<dynamixel_sdk_inf::msg::SetTorque_<std::allocator<void> > > >::operator=<_Yp>(const std::shared_ptr<_Tp>&) [with _Yp = rclcpp::Service<dynamixel_sdk_inf::srv::SetId>][m[K’
[2.275s] [01m[K/home/proto/Manipulator/DynamixelSDK/src/motor_setup/src/pos_torque_control.cpp:119:84:[m[K   required from here
[2.275s] [01m[K/usr/include/c++/11/bits/shared_ptr.h:130:15:[m[K [01;31m[Kerror: [m[Kno type named ‘[01m[Ktype[m[K’ in ‘[01m[Kstruct std::enable_if<false, std::shared_ptr<rclcpp::Service<dynamixel_sdk_inf::msg::SetTorque_<std::allocator<void> > > >&>[m[K’
[2.275s]   130 |         using [01;31m[K_Assignable[m[K = typename enable_if<
[2.275s]       |               [01;31m[K^~~~~~~~~~~[m[K
[2.275s] [01m[K/usr/include/c++/11/bits/shared_ptr.h:374:9:[m[K [01;36m[Knote: [m[Kcandidate: ‘[01m[Ktemplate<class _Yp> std::shared_ptr<_Tp>::_Assignable<std::auto_ptr<_Up> > std::shared_ptr<_Tp>::operator=(std::auto_ptr<_Up>&&) [with _Yp = _Yp; _Tp = rclcpp::Service<dynamixel_sdk_inf::msg::SetTorque_<std::allocator<void> > >][m[K’
[2.275s]   374 |         [01;36m[Koperator[m[K=(auto_ptr<_Yp>&& __r)
[2.275s]       |         [01;36m[K^~~~~~~~[m[K
[2.275s] [01m[K/usr/include/c++/11/bits/shared_ptr.h:374:9:[m[K [01;36m[Knote: [m[K  template argument deduction/substitution failed:
[2.275s] [01m[K/home/proto/Manipulator/DynamixelSDK/src/motor_setup/src/pos_torque_control.cpp:119:84:[m[K [01;36m[Knote: [m[K  ‘[01m[Krclcpp::Service<dynamixel_sdk_inf::srv::SetId>::SharedPtr[m[K’ {aka ‘[01m[Kstd::shared_ptr<rclcpp::Service<dynamixel_sdk_inf::srv::SetId> >[m[K’} is not derived from ‘[01m[Kstd::auto_ptr<_Up>[m[K’
[2.275s]   119 |   set_torque_mode_server_ = create_service<SetId>("set_id", set_torque_control_mode[01;36m[K)[m[K;
[2.276s]       |                                                                                    [01;36m[K^[m[K
[2.276s] In file included from [01m[K/usr/include/c++/11/memory:77[m[K,
[2.276s]                  from [01m[K/home/proto/Manipulator/DynamixelSDK/src/motor_setup/include/motor_setup/pos_torque_control.hpp:5[m[K,
[2.276s]                  from [01m[K/home/proto/Manipulator/DynamixelSDK/src/motor_setup/src/pos_torque_control.cpp:1[m[K:
[2.276s] [01m[K/usr/include/c++/11/bits/shared_ptr.h:391:9:[m[K [01;36m[Knote: [m[Kcandidate: ‘[01m[Ktemplate<class _Yp> std::shared_ptr<_Tp>::_Assignable<std::shared_ptr<_Yp> > std::shared_ptr<_Tp>::operator=(std::shared_ptr<_Yp>&&) [with _Yp = _Yp; _Tp = rclcpp::Service<dynamixel_sdk_inf::msg::SetTorque_<std::allocator<void> > >][m[K’
[2.276s]   391 |         [01;36m[Koperator[m[K=(shared_ptr<_Yp>&& __r) noexcept
[2.276s]       |         [01;36m[K^~~~~~~~[m[K
[2.276s] [01m[K/usr/include/c++/11/bits/shared_ptr.h:391:9:[m[K [01;36m[Knote: [m[K  template argument deduction/substitution failed:
[2.276s] /usr/include/c++/11/bits/shared_ptr.h: In substitution of ‘[01m[Ktemplate<class _Tp> template<class _Arg> using _Assignable = typename std::enable_if<std::is_assignable<std::__shared_ptr<_Tp>&, _Arg>::value, std::shared_ptr<_Tp>&>::type [with _Arg = std::shared_ptr<rclcpp::Service<dynamixel_sdk_inf::srv::SetId> >; _Tp = rclcpp::Service<dynamixel_sdk_inf::msg::SetTorque_<std::allocator<void> > >][m[K’:
[2.276s] [01m[K/usr/include/c++/11/bits/shared_ptr.h:391:2:[m[K   required by substitution of ‘[01m[Ktemplate<class _Yp> std::shared_ptr<rclcpp::Service<dynamixel_sdk_inf::msg::SetTorque_<std::allocator<void> > > >::_Assignable<std::shared_ptr<_Tp> > std::shared_ptr<rclcpp::Service<dynamixel_sdk_inf::msg::SetTorque_<std::allocator<void> > > >::operator=<_Yp>(std::shared_ptr<_Tp>&&) [with _Yp = rclcpp::Service<dynamixel_sdk_inf::srv::SetId>][m[K’
[2.276s] [01m[K/home/proto/Manipulator/DynamixelSDK/src/motor_setup/src/pos_torque_control.cpp:119:84:[m[K   required from here
[2.276s] [01m[K/usr/include/c++/11/bits/shared_ptr.h:130:15:[m[K [01;31m[Kerror: [m[Kno type named ‘[01m[Ktype[m[K’ in ‘[01m[Kstruct std::enable_if<false, std::shared_ptr<rclcpp::Service<dynamixel_sdk_inf::msg::SetTorque_<std::allocator<void> > > >&>[m[K’
[2.276s]   130 |         using [01;31m[K_Assignable[m[K = typename enable_if<
[2.276s]       |               [01;31m[K^~~~~~~~~~~[m[K
[2.276s] [01m[K/usr/include/c++/11/bits/shared_ptr.h:399:9:[m[K [01;36m[Knote: [m[Kcandidate: ‘[01m[Ktemplate<class _Yp, class _Del> std::shared_ptr<_Tp>::_Assignable<std::unique_ptr<_Up, _Ep> > std::shared_ptr<_Tp>::operator=(std::unique_ptr<_Up, _Ep>&&) [with _Yp = _Yp; _Del = _Del; _Tp = rclcpp::Service<dynamixel_sdk_inf::msg::SetTorque_<std::allocator<void> > >][m[K’
[2.277s]   399 |         [01;36m[Koperator[m[K=(unique_ptr<_Yp, _Del>&& __r)
[2.277s]       |         [01;36m[K^~~~~~~~[m[K
[2.277s] [01m[K/usr/include/c++/11/bits/shared_ptr.h:399:9:[m[K [01;36m[Knote: [m[K  template argument deduction/substitution failed:
[2.277s] [01m[K/home/proto/Manipulator/DynamixelSDK/src/motor_setup/src/pos_torque_control.cpp:119:84:[m[K [01;36m[Knote: [m[K  ‘[01m[Krclcpp::Service<dynamixel_sdk_inf::srv::SetId>::SharedPtr[m[K’ {aka ‘[01m[Kstd::shared_ptr<rclcpp::Service<dynamixel_sdk_inf::srv::SetId> >[m[K’} is not derived from ‘[01m[Kstd::unique_ptr<_Tp, _Dp>[m[K’
[2.277s]   119 |   set_torque_mode_server_ = create_service<SetId>("set_id", set_torque_control_mode[01;36m[K)[m[K;
[2.277s]       |                                                                                    [01;36m[K^[m[K
[2.277s] In file included from [01m[K/usr/include/c++/11/memory:77[m[K,
[2.277s]                  from [01m[K/home/proto/Manipulator/DynamixelSDK/src/motor_setup/include/motor_setup/pos_torque_control.hpp:5[m[K,
[2.277s]                  from [01m[K/home/proto/Manipulator/DynamixelSDK/src/motor_setup/src/pos_torque_control.cpp:1[m[K:
[2.277s] [01m[K/usr/include/c++/11/bits/shared_ptr.h:359:19:[m[K [01;36m[Knote: [m[Kcandidate: ‘[01m[Kstd::shared_ptr<_Tp>& std::shared_ptr<_Tp>::operator=(const std::shared_ptr<_Tp>&) [with _Tp = rclcpp::Service<dynamixel_sdk_inf::msg::SetTorque_<std::allocator<void> > >][m[K’
[2.277s]   359 |       shared_ptr& [01;36m[Koperator[m[K=(const shared_ptr&) noexcept = default;
[2.277s]       |                   [01;36m[K^~~~~~~~[m[K
[2.277s] [01m[K/usr/include/c++/11/bits/shared_ptr.h:359:29:[m[K [01;36m[Knote: [m[K  no known conversion for argument 1 from ‘[01m[Krclcpp::Service<dynamixel_sdk_inf::srv::SetId>::SharedPtr[m[K’ {aka ‘[01m[Kstd::shared_ptr<rclcpp::Service<dynamixel_sdk_inf::srv::SetId> >[m[K’} to ‘[01m[Kconst std::shared_ptr<rclcpp::Service<dynamixel_sdk_inf::msg::SetTorque_<std::allocator<void> > > >&[m[K’
[2.277s]   359 |       shared_ptr& operator=([01;36m[Kconst shared_ptr&[m[K) noexcept = default;
[2.278s]       |                             [01;36m[K^~~~~~~~~~~~~~~~~[m[K
[2.278s] [01m[K/usr/include/c++/11/bits/shared_ptr.h:383:7:[m[K [01;36m[Knote: [m[Kcandidate: ‘[01m[Kstd::shared_ptr<_Tp>& std::shared_ptr<_Tp>::operator=(std::shared_ptr<_Tp>&&) [with _Tp = rclcpp::Service<dynamixel_sdk_inf::msg::SetTorque_<std::allocator<void> > >][m[K’
[2.278s]   383 |       [01;36m[Koperator[m[K=(shared_ptr&& __r) noexcept
[2.278s]       |       [01;36m[K^~~~~~~~[m[K
[2.278s] [01m[K/usr/include/c++/11/bits/shared_ptr.h:383:30:[m[K [01;36m[Knote: [m[K  no known conversion for argument 1 from ‘[01m[Krclcpp::Service<dynamixel_sdk_inf::srv::SetId>::SharedPtr[m[K’ {aka ‘[01m[Kstd::shared_ptr<rclcpp::Service<dynamixel_sdk_inf::srv::SetId> >[m[K’} to ‘[01m[Kstd::shared_ptr<rclcpp::Service<dynamixel_sdk_inf::msg::SetTorque_<std::allocator<void> > > >&&[m[K’
[2.278s]   383 |       operator=([01;36m[Kshared_ptr&& __r[m[K) noexcept
[2.278s]       |                 [01;36m[K~~~~~~~~~~~~~^~~[m[K
[4.447s] gmake[2]: *** [CMakeFiles/position_torque_control.dir/build.make:76: CMakeFiles/position_torque_control.dir/src/pos_torque_control.cpp.o] Error 1
[4.447s] gmake[1]: *** [CMakeFiles/Makefile2:221: CMakeFiles/position_torque_control.dir/all] Error 2
[4.447s] gmake: *** [Makefile:146: all] Error 2
[4.449s] Invoked command in '/home/proto/Manipulator/DynamixelSDK/build/motor_setup' returned '2': AMENT_PREFIX_PATH=/home/proto/Manipulator/DynamixelSDK/install/dynamixel_sdk_inf:/home/proto/Manipulator/DynamixelSDK/install/dynamixel_sdk:${AMENT_PREFIX_PATH} CMAKE_PREFIX_PATH=/home/proto/Manipulator/DynamixelSDK/install/dynamixel_sdk_inf:/home/proto/Manipulator/DynamixelSDK/install/dynamixel_sdk:/opt/ros/humble LD_LIBRARY_PATH=/home/proto/Manipulator/DynamixelSDK/install/dynamixel_sdk_inf/lib:/home/proto/Manipulator/DynamixelSDK/install/dynamixel_sdk/lib:${LD_LIBRARY_PATH} PYTHONPATH=/home/proto/Manipulator/DynamixelSDK/install/dynamixel_sdk_inf/local/lib/python3.10/dist-packages:${PYTHONPATH} /usr/bin/cmake --build /home/proto/Manipulator/DynamixelSDK/build/motor_setup -- -j8 -l8
