-- Found ament_cmake: 1.3.4 (/opt/ros/humble/share/ament_cmake/cmake)
-- Found builtin_interfaces: 1.2.1 (/opt/ros/humble/share/builtin_interfaces/cmake)
-- Found rosidl_generator_c: 3.1.4 (/opt/ros/humble/share/rosidl_generator_c/cmake)
-- Found rosidl_adapter: 3.1.4 (/opt/ros/humble/share/rosidl_adapter/cmake)
-- Found rosidl_generator_cpp: 3.1.4 (/opt/ros/humble/share/rosidl_generator_cpp/cmake)
-- Using all available rosidl_typesupport_c: rosidl_typesupport_fastrtps_c;rosidl_typesupport_introspection_c
-- Using all available rosidl_typesupport_cpp: rosidl_typesupport_fastrtps_cpp;rosidl_typesupport_introspection_cpp
-- Found rosidl_default_generators: 1.2.0 (/opt/ros/humble/share/rosidl_default_generators/cmake)
-- Found ament_cmake_ros: 0.10.0 (/opt/ros/humble/share/ament_cmake_ros/cmake)
-- Using all available rosidl_typesupport_c: rosidl_typesupport_fastrtps_c;rosidl_typesupport_introspection_c
-- Using all available rosidl_typesupport_cpp: rosidl_typesupport_fastrtps_cpp;rosidl_typesupport_introspection_cpp
-- Found python_cmake_module: 0.10.0 (/opt/ros/humble/share/python_cmake_module/cmake)
-- Using PYTHON_EXECUTABLE: /usr/bin/python3.6
-- Using PYTHON_INCLUDE_DIRS: /usr/include/python3.10
-- Using PYTHON_LIBRARIES: /usr/lib/x86_64-linux-gnu/libpython3.10.so
-- Configuring done
-- Generating done
-- Build files have been written to: /home/proto/Manipulator/DynamixelSDK/build/dynamixel_sdk_inf
[  1%] [34m[1mGenerating C code for ROS interfaces[0m
[  3%] [34m[1mGenerating C++ code for ROS interfaces[0m
[  3%] Built target ament_cmake_python_copy_dynamixel_sdk_inf
running egg_info
writing dynamixel_sdk_inf.egg-info/PKG-INFO
writing dependency_links to dynamixel_sdk_inf.egg-info/dependency_links.txt
writing top-level names to dynamixel_sdk_inf.egg-info/top_level.txt
reading manifest file 'dynamixel_sdk_inf.egg-info/SOURCES.txt'
writing manifest file 'dynamixel_sdk_inf.egg-info/SOURCES.txt'
[  3%] Built target ament_cmake_python_build_dynamixel_sdk_inf_egg
[35m[1mConsolidate compiler generated dependencies of target dynamixel_sdk_inf__rosidl_generator_c[0m
[  4%] [32mBuilding C object CMakeFiles/dynamixel_sdk_inf__rosidl_generator_c.dir/rosidl_generator_c/dynamixel_sdk_inf/srv/detail/set_mode__functions.c.o[0m
[  9%] [32mBuilding C object CMakeFiles/dynamixel_sdk_inf__rosidl_generator_c.dir/rosidl_generator_c/dynamixel_sdk_inf/msg/detail/set_torque__functions.c.o[0m
[  9%] [32mBuilding C object CMakeFiles/dynamixel_sdk_inf__rosidl_generator_c.dir/rosidl_generator_c/dynamixel_sdk_inf/srv/detail/set_id__functions.c.o[0m
[  9%] [32mBuilding C object CMakeFiles/dynamixel_sdk_inf__rosidl_generator_c.dir/rosidl_generator_c/dynamixel_sdk_inf/srv/detail/get_position__functions.c.o[0m
[ 11%] [32mBuilding C object CMakeFiles/dynamixel_sdk_inf__rosidl_generator_c.dir/rosidl_generator_c/dynamixel_sdk_inf/msg/detail/set_position__functions.c.o[0m
[ 11%] Built target dynamixel_sdk_inf__cpp
[ 12%] [32m[1mLinking C shared library libdynamixel_sdk_inf__rosidl_generator_c.so[0m
[ 15%] [34m[1mGenerating C++ introspection for ROS interfaces[0m
[ 15%] [34m[1mGenerating C++ type support for eProsima Fast-RTPS[0m
[ 17%] [34m[1mGenerating C++ type support dispatch for ROS interfaces[0m
[ 17%] Built target dynamixel_sdk_inf__rosidl_generator_c
[ 19%] [34m[1mGenerating C type support dispatch for ROS interfaces[0m
[ 20%] [34m[1mGenerating C type support for eProsima Fast-RTPS[0m
[ 22%] [34m[1mGenerating C introspection for ROS interfaces[0m
[35m[1mConsolidate compiler generated dependencies of target dynamixel_sdk_inf__rosidl_typesupport_cpp[0m
[ 23%] [32mBuilding CXX object CMakeFiles/dynamixel_sdk_inf__rosidl_typesupport_cpp.dir/rosidl_typesupport_cpp/dynamixel_sdk_inf/msg/set_position__type_support.cpp.o[0m
[ 25%] [32mBuilding CXX object CMakeFiles/dynamixel_sdk_inf__rosidl_typesupport_cpp.dir/rosidl_typesupport_cpp/dynamixel_sdk_inf/srv/get_position__type_support.cpp.o[0m
[ 26%] [32mBuilding CXX object CMakeFiles/dynamixel_sdk_inf__rosidl_typesupport_cpp.dir/rosidl_typesupport_cpp/dynamixel_sdk_inf/msg/set_torque__type_support.cpp.o[0m
[35m[1mConsolidate compiler generated dependencies of target dynamixel_sdk_inf__rosidl_typesupport_c[0m
[ 28%] [32mBuilding CXX object CMakeFiles/dynamixel_sdk_inf__rosidl_typesupport_c.dir/rosidl_typesupport_c/dynamixel_sdk_inf/msg/set_position__type_support.cpp.o[0m
[ 30%] [32mBuilding CXX object CMakeFiles/dynamixel_sdk_inf__rosidl_typesupport_c.dir/rosidl_typesupport_c/dynamixel_sdk_inf/msg/set_torque__type_support.cpp.o[0m
[35m[1mConsolidate compiler generated dependencies of target dynamixel_sdk_inf__rosidl_typesupport_introspection_cpp[0m
[ 31%] [32mBuilding CXX object CMakeFiles/dynamixel_sdk_inf__rosidl_typesupport_c.dir/rosidl_typesupport_c/dynamixel_sdk_inf/srv/get_position__type_support.cpp.o[0m
[ 33%] [32mBuilding CXX object CMakeFiles/dynamixel_sdk_inf__rosidl_typesupport_introspection_cpp.dir/rosidl_typesupport_introspection_cpp/dynamixel_sdk_inf/msg/detail/set_position__type_support.cpp.o[0m
[ 34%] [32mBuilding CXX object CMakeFiles/dynamixel_sdk_inf__rosidl_typesupport_cpp.dir/rosidl_typesupport_cpp/dynamixel_sdk_inf/srv/set_mode__type_support.cpp.o[0m
[35m[1mConsolidate compiler generated dependencies of target dynamixel_sdk_inf__rosidl_typesupport_fastrtps_cpp[0m
[ 36%] [32mBuilding CXX object CMakeFiles/dynamixel_sdk_inf__rosidl_typesupport_c.dir/rosidl_typesupport_c/dynamixel_sdk_inf/srv/set_mode__type_support.cpp.o[0m
[35m[1mConsolidate compiler generated dependencies of target dynamixel_sdk_inf__rosidl_typesupport_introspection_c[0m
[ 38%] [32mBuilding CXX object CMakeFiles/dynamixel_sdk_inf__rosidl_typesupport_cpp.dir/rosidl_typesupport_cpp/dynamixel_sdk_inf/srv/set_id__type_support.cpp.o[0m
[35m[1mConsolidate compiler generated dependencies of target dynamixel_sdk_inf__rosidl_typesupport_fastrtps_c[0m
[ 39%] [32mBuilding CXX object CMakeFiles/dynamixel_sdk_inf__rosidl_typesupport_c.dir/rosidl_typesupport_c/dynamixel_sdk_inf/srv/set_id__type_support.cpp.o[0m
[ 41%] [32mBuilding C object CMakeFiles/dynamixel_sdk_inf__rosidl_typesupport_introspection_c.dir/rosidl_typesupport_introspection_c/dynamixel_sdk_inf/msg/detail/set_position__type_support.c.o[0m
[ 42%] [32mBuilding CXX object CMakeFiles/dynamixel_sdk_inf__rosidl_typesupport_fastrtps_cpp.dir/rosidl_typesupport_fastrtps_cpp/dynamixel_sdk_inf/msg/detail/dds_fastrtps/set_position__type_support.cpp.o[0m
[ 44%] [32mBuilding CXX object CMakeFiles/dynamixel_sdk_inf__rosidl_typesupport_fastrtps_c.dir/rosidl_typesupport_fastrtps_c/dynamixel_sdk_inf/msg/detail/set_position__type_support_c.cpp.o[0m
[ 46%] [32mBuilding C object CMakeFiles/dynamixel_sdk_inf__rosidl_typesupport_introspection_c.dir/rosidl_typesupport_introspection_c/dynamixel_sdk_inf/msg/detail/set_torque__type_support.c.o[0m
[ 47%] [32m[1mLinking CXX shared library libdynamixel_sdk_inf__rosidl_typesupport_c.so[0m
[ 49%] [32mBuilding C object CMakeFiles/dynamixel_sdk_inf__rosidl_typesupport_introspection_c.dir/rosidl_typesupport_introspection_c/dynamixel_sdk_inf/srv/detail/get_position__type_support.c.o[0m
[ 50%] [32mBuilding C object CMakeFiles/dynamixel_sdk_inf__rosidl_typesupport_introspection_c.dir/rosidl_typesupport_introspection_c/dynamixel_sdk_inf/srv/detail/set_mode__type_support.c.o[0m
[ 52%] [32mBuilding C object CMakeFiles/dynamixel_sdk_inf__rosidl_typesupport_introspection_c.dir/rosidl_typesupport_introspection_c/dynamixel_sdk_inf/srv/detail/set_id__type_support.c.o[0m
[ 52%] Built target dynamixel_sdk_inf__rosidl_typesupport_c
[ 53%] [32mBuilding CXX object CMakeFiles/dynamixel_sdk_inf__rosidl_typesupport_fastrtps_c.dir/rosidl_typesupport_fastrtps_c/dynamixel_sdk_inf/msg/detail/set_torque__type_support_c.cpp.o[0m
[ 55%] [32mBuilding CXX object CMakeFiles/dynamixel_sdk_inf__rosidl_typesupport_fastrtps_c.dir/rosidl_typesupport_fastrtps_c/dynamixel_sdk_inf/srv/detail/get_position__type_support_c.cpp.o[0m
[ 57%] [32m[1mLinking C shared library libdynamixel_sdk_inf__rosidl_typesupport_introspection_c.so[0m
[ 58%] [32mBuilding CXX object CMakeFiles/dynamixel_sdk_inf__rosidl_typesupport_fastrtps_c.dir/rosidl_typesupport_fastrtps_c/dynamixel_sdk_inf/srv/detail/set_mode__type_support_c.cpp.o[0m
[ 60%] [32m[1mLinking CXX shared library libdynamixel_sdk_inf__rosidl_typesupport_cpp.so[0m
[ 60%] Built target dynamixel_sdk_inf__rosidl_typesupport_introspection_c
[ 61%] [32mBuilding CXX object CMakeFiles/dynamixel_sdk_inf__rosidl_typesupport_fastrtps_c.dir/rosidl_typesupport_fastrtps_c/dynamixel_sdk_inf/srv/detail/set_id__type_support_c.cpp.o[0m
[ 63%] [32mBuilding CXX object CMakeFiles/dynamixel_sdk_inf__rosidl_typesupport_introspection_cpp.dir/rosidl_typesupport_introspection_cpp/dynamixel_sdk_inf/msg/detail/set_torque__type_support.cpp.o[0m
[ 65%] [32mBuilding CXX object CMakeFiles/dynamixel_sdk_inf__rosidl_typesupport_fastrtps_cpp.dir/rosidl_typesupport_fastrtps_cpp/dynamixel_sdk_inf/msg/detail/dds_fastrtps/set_torque__type_support.cpp.o[0m
[ 66%] [32mBuilding CXX object CMakeFiles/dynamixel_sdk_inf__rosidl_typesupport_fastrtps_cpp.dir/rosidl_typesupport_fastrtps_cpp/dynamixel_sdk_inf/srv/detail/dds_fastrtps/get_position__type_support.cpp.o[0m
[ 66%] Built target dynamixel_sdk_inf__rosidl_typesupport_cpp
[ 68%] [32mBuilding CXX object CMakeFiles/dynamixel_sdk_inf__rosidl_typesupport_introspection_cpp.dir/rosidl_typesupport_introspection_cpp/dynamixel_sdk_inf/srv/detail/get_position__type_support.cpp.o[0m
[ 69%] [32mBuilding CXX object CMakeFiles/dynamixel_sdk_inf__rosidl_typesupport_introspection_cpp.dir/rosidl_typesupport_introspection_cpp/dynamixel_sdk_inf/srv/detail/set_mode__type_support.cpp.o[0m
[ 71%] [32mBuilding CXX object CMakeFiles/dynamixel_sdk_inf__rosidl_typesupport_introspection_cpp.dir/rosidl_typesupport_introspection_cpp/dynamixel_sdk_inf/srv/detail/set_id__type_support.cpp.o[0m
[ 73%] [32mBuilding CXX object CMakeFiles/dynamixel_sdk_inf__rosidl_typesupport_fastrtps_cpp.dir/rosidl_typesupport_fastrtps_cpp/dynamixel_sdk_inf/srv/detail/dds_fastrtps/set_mode__type_support.cpp.o[0m
[ 74%] [32m[1mLinking CXX shared library libdynamixel_sdk_inf__rosidl_typesupport_fastrtps_c.so[0m
[ 74%] Built target dynamixel_sdk_inf__rosidl_typesupport_fastrtps_c
[ 76%] [32mBuilding CXX object CMakeFiles/dynamixel_sdk_inf__rosidl_typesupport_fastrtps_cpp.dir/rosidl_typesupport_fastrtps_cpp/dynamixel_sdk_inf/srv/detail/dds_fastrtps/set_id__type_support.cpp.o[0m
[ 77%] [32m[1mLinking CXX shared library libdynamixel_sdk_inf__rosidl_typesupport_introspection_cpp.so[0m
[ 77%] Built target dynamixel_sdk_inf__rosidl_typesupport_introspection_cpp
[ 79%] [32m[1mLinking CXX shared library libdynamixel_sdk_inf__rosidl_typesupport_fastrtps_cpp.so[0m
[ 79%] Built target dynamixel_sdk_inf__rosidl_typesupport_fastrtps_cpp
[ 79%] Built target dynamixel_sdk_inf
[ 80%] [34m[1mGenerating Python code for ROS interfaces[0m
[ 80%] Built target dynamixel_sdk_inf__py
[35m[1mConsolidate compiler generated dependencies of target dynamixel_sdk_inf__rosidl_generator_py[0m
[ 85%] [32mBuilding C object CMakeFiles/dynamixel_sdk_inf__rosidl_generator_py.dir/rosidl_generator_py/dynamixel_sdk_inf/srv/_set_mode_s.c.o[0m
[ 85%] [32mBuilding C object CMakeFiles/dynamixel_sdk_inf__rosidl_generator_py.dir/rosidl_generator_py/dynamixel_sdk_inf/msg/_set_torque_s.c.o[0m
[ 85%] [32mBuilding C object CMakeFiles/dynamixel_sdk_inf__rosidl_generator_py.dir/rosidl_generator_py/dynamixel_sdk_inf/srv/_set_id_s.c.o[0m
[ 87%] [32mBuilding C object CMakeFiles/dynamixel_sdk_inf__rosidl_generator_py.dir/rosidl_generator_py/dynamixel_sdk_inf/msg/_set_position_s.c.o[0m
[ 88%] [32mBuilding C object CMakeFiles/dynamixel_sdk_inf__rosidl_generator_py.dir/rosidl_generator_py/dynamixel_sdk_inf/srv/_get_position_s.c.o[0m
[ 90%] [32m[1mLinking C shared library rosidl_generator_py/dynamixel_sdk_inf/libdynamixel_sdk_inf__rosidl_generator_py.so[0m
[ 90%] Built target dynamixel_sdk_inf__rosidl_generator_py
[35m[1mConsolidate compiler generated dependencies of target dynamixel_sdk_inf__rosidl_typesupport_c__pyext[0m
[35m[1mConsolidate compiler generated dependencies of target dynamixel_sdk_inf__rosidl_typesupport_introspection_c__pyext[0m
[35m[1mConsolidate compiler generated dependencies of target dynamixel_sdk_inf__rosidl_typesupport_fastrtps_c__pyext[0m
[ 95%] [32mBuilding C object CMakeFiles/dynamixel_sdk_inf__rosidl_typesupport_introspection_c__pyext.dir/rosidl_generator_py/dynamixel_sdk_inf/_dynamixel_sdk_inf_s.ep.rosidl_typesupport_introspection_c.c.o[0m
[ 95%] [32mBuilding C object CMakeFiles/dynamixel_sdk_inf__rosidl_typesupport_c__pyext.dir/rosidl_generator_py/dynamixel_sdk_inf/_dynamixel_sdk_inf_s.ep.rosidl_typesupport_c.c.o[0m
[ 95%] [32mBuilding C object CMakeFiles/dynamixel_sdk_inf__rosidl_typesupport_fastrtps_c__pyext.dir/rosidl_generator_py/dynamixel_sdk_inf/_dynamixel_sdk_inf_s.ep.rosidl_typesupport_fastrtps_c.c.o[0m
[ 98%] [32m[1mLinking C shared library rosidl_generator_py/dynamixel_sdk_inf/dynamixel_sdk_inf_s__rosidl_typesupport_fastrtps_c.cpython-310-x86_64-linux-gnu.so[0m
[ 98%] [32m[1mLinking C shared library rosidl_generator_py/dynamixel_sdk_inf/dynamixel_sdk_inf_s__rosidl_typesupport_introspection_c.cpython-310-x86_64-linux-gnu.so[0m
[100%] [32m[1mLinking C shared library rosidl_generator_py/dynamixel_sdk_inf/dynamixel_sdk_inf_s__rosidl_typesupport_c.cpython-310-x86_64-linux-gnu.so[0m
[100%] Built target dynamixel_sdk_inf__rosidl_typesupport_fastrtps_c__pyext
[100%] Built target dynamixel_sdk_inf__rosidl_typesupport_introspection_c__pyext
[100%] Built target dynamixel_sdk_inf__rosidl_typesupport_c__pyext
-- Install configuration: ""
-- Installing: /home/proto/Manipulator/DynamixelSDK/install/dynamixel_sdk_inf/share/ament_index/resource_index/rosidl_interfaces/dynamixel_sdk_inf
-- Up-to-date: /home/proto/Manipulator/DynamixelSDK/install/dynamixel_sdk_inf/include/dynamixel_sdk_inf/dynamixel_sdk_inf
-- Up-to-date: /home/proto/Manipulator/DynamixelSDK/install/dynamixel_sdk_inf/include/dynamixel_sdk_inf/dynamixel_sdk_inf/srv
-- Installing: /home/proto/Manipulator/DynamixelSDK/install/dynamixel_sdk_inf/include/dynamixel_sdk_inf/dynamixel_sdk_inf/srv/get_position.h
-- Up-to-date: /home/proto/Manipulator/DynamixelSDK/install/dynamixel_sdk_inf/include/dynamixel_sdk_inf/dynamixel_sdk_inf/srv/get_torquectrl.h
-- Up-to-date: /home/proto/Manipulator/DynamixelSDK/install/dynamixel_sdk_inf/include/dynamixel_sdk_inf/dynamixel_sdk_inf/srv/detail
-- Installing: /home/proto/Manipulator/DynamixelSDK/install/dynamixel_sdk_inf/include/dynamixel_sdk_inf/dynamixel_sdk_inf/srv/detail/get_position__functions.c
-- Installing: /home/proto/Manipulator/DynamixelSDK/install/dynamixel_sdk_inf/include/dynamixel_sdk_inf/dynamixel_sdk_inf/srv/detail/set_id__functions.c
-- Installing: /home/proto/Manipulator/DynamixelSDK/install/dynamixel_sdk_inf/include/dynamixel_sdk_inf/dynamixel_sdk_inf/srv/detail/set_mode__functions.h
-- Installing: /home/proto/Manipulator/DynamixelSDK/install/dynamixel_sdk_inf/include/dynamixel_sdk_inf/dynamixel_sdk_inf/srv/detail/set_id__functions.h
-- Installing: /home/proto/Manipulator/DynamixelSDK/install/dynamixel_sdk_inf/include/dynamixel_sdk_inf/dynamixel_sdk_inf/srv/detail/get_position__type_support.h
-- Installing: /home/proto/Manipulator/DynamixelSDK/install/dynamixel_sdk_inf/include/dynamixel_sdk_inf/dynamixel_sdk_inf/srv/detail/get_position__functions.h
-- Installing: /home/proto/Manipulator/DynamixelSDK/install/dynamixel_sdk_inf/include/dynamixel_sdk_inf/dynamixel_sdk_inf/srv/detail/set_mode__functions.c
-- Up-to-date: /home/proto/Manipulator/DynamixelSDK/install/dynamixel_sdk_inf/include/dynamixel_sdk_inf/dynamixel_sdk_inf/srv/detail/get_torquectrl__functions.h
-- Installing: /home/proto/Manipulator/DynamixelSDK/install/dynamixel_sdk_inf/include/dynamixel_sdk_inf/dynamixel_sdk_inf/srv/detail/set_id__struct.h
-- Up-to-date: /home/proto/Manipulator/DynamixelSDK/install/dynamixel_sdk_inf/include/dynamixel_sdk_inf/dynamixel_sdk_inf/srv/detail/get_torquectrl__struct.h
-- Installing: /home/proto/Manipulator/DynamixelSDK/install/dynamixel_sdk_inf/include/dynamixel_sdk_inf/dynamixel_sdk_inf/srv/detail/set_id__type_support.h
-- Installing: /home/proto/Manipulator/DynamixelSDK/install/dynamixel_sdk_inf/include/dynamixel_sdk_inf/dynamixel_sdk_inf/srv/detail/set_mode__struct.h
-- Up-to-date: /home/proto/Manipulator/DynamixelSDK/install/dynamixel_sdk_inf/include/dynamixel_sdk_inf/dynamixel_sdk_inf/srv/detail/get_torquectrl__type_support.h
-- Up-to-date: /home/proto/Manipulator/DynamixelSDK/install/dynamixel_sdk_inf/include/dynamixel_sdk_inf/dynamixel_sdk_inf/srv/detail/get_torquectrl__functions.c
-- Installing: /home/proto/Manipulator/DynamixelSDK/install/dynamixel_sdk_inf/include/dynamixel_sdk_inf/dynamixel_sdk_inf/srv/detail/set_mode__type_support.h
-- Installing: /home/proto/Manipulator/DynamixelSDK/install/dynamixel_sdk_inf/include/dynamixel_sdk_inf/dynamixel_sdk_inf/srv/detail/get_position__struct.h
-- Installing: /home/proto/Manipulator/DynamixelSDK/install/dynamixel_sdk_inf/include/dynamixel_sdk_inf/dynamixel_sdk_inf/srv/set_mode.h
-- Installing: /home/proto/Manipulator/DynamixelSDK/install/dynamixel_sdk_inf/include/dynamixel_sdk_inf/dynamixel_sdk_inf/srv/set_id.h
-- Up-to-date: /home/proto/Manipulator/DynamixelSDK/install/dynamixel_sdk_inf/include/dynamixel_sdk_inf/dynamixel_sdk_inf/msg
-- Up-to-date: /home/proto/Manipulator/DynamixelSDK/install/dynamixel_sdk_inf/include/dynamixel_sdk_inf/dynamixel_sdk_inf/msg/detail
-- Installing: /home/proto/Manipulator/DynamixelSDK/install/dynamixel_sdk_inf/include/dynamixel_sdk_inf/dynamixel_sdk_inf/msg/detail/set_position__type_support.h
-- Installing: /home/proto/Manipulator/DynamixelSDK/install/dynamixel_sdk_inf/include/dynamixel_sdk_inf/dynamixel_sdk_inf/msg/detail/set_torque__struct.h
-- Installing: /home/proto/Manipulator/DynamixelSDK/install/dynamixel_sdk_inf/include/dynamixel_sdk_inf/dynamixel_sdk_inf/msg/detail/set_position__struct.h
-- Installing: /home/proto/Manipulator/DynamixelSDK/install/dynamixel_sdk_inf/include/dynamixel_sdk_inf/dynamixel_sdk_inf/msg/detail/set_position__functions.c
-- Installing: /home/proto/Manipulator/DynamixelSDK/install/dynamixel_sdk_inf/include/dynamixel_sdk_inf/dynamixel_sdk_inf/msg/detail/set_position__functions.h
-- Installing: /home/proto/Manipulator/DynamixelSDK/install/dynamixel_sdk_inf/include/dynamixel_sdk_inf/dynamixel_sdk_inf/msg/detail/set_torque__type_support.h
-- Installing: /home/proto/Manipulator/DynamixelSDK/install/dynamixel_sdk_inf/include/dynamixel_sdk_inf/dynamixel_sdk_inf/msg/detail/set_torque__functions.h
-- Installing: /home/proto/Manipulator/DynamixelSDK/install/dynamixel_sdk_inf/include/dynamixel_sdk_inf/dynamixel_sdk_inf/msg/detail/set_torque__functions.c
-- Installing: /home/proto/Manipulator/DynamixelSDK/install/dynamixel_sdk_inf/include/dynamixel_sdk_inf/dynamixel_sdk_inf/msg/set_torque.h
-- Installing: /home/proto/Manipulator/DynamixelSDK/install/dynamixel_sdk_inf/include/dynamixel_sdk_inf/dynamixel_sdk_inf/msg/set_position.h
-- Up-to-date: /home/proto/Manipulator/DynamixelSDK/install/dynamixel_sdk_inf/include/dynamixel_sdk_inf/dynamixel_sdk_inf/msg/rosidl_generator_c__visibility_control.h
-- Up-to-date: /home/proto/Manipulator/DynamixelSDK/install/dynamixel_sdk_inf/share/dynamixel_sdk_inf/environment/library_path.sh
-- Installing: /home/proto/Manipulator/DynamixelSDK/install/dynamixel_sdk_inf/share/dynamixel_sdk_inf/environment/library_path.dsv
-- Installing: /home/proto/Manipulator/DynamixelSDK/install/dynamixel_sdk_inf/lib/libdynamixel_sdk_inf__rosidl_generator_c.so
-- Set runtime path of "/home/proto/Manipulator/DynamixelSDK/install/dynamixel_sdk_inf/lib/libdynamixel_sdk_inf__rosidl_generator_c.so" to ""
-- Up-to-date: /home/proto/Manipulator/DynamixelSDK/install/dynamixel_sdk_inf/include/dynamixel_sdk_inf/dynamixel_sdk_inf
-- Up-to-date: /home/proto/Manipulator/DynamixelSDK/install/dynamixel_sdk_inf/include/dynamixel_sdk_inf/dynamixel_sdk_inf/srv
-- Up-to-date: /home/proto/Manipulator/DynamixelSDK/install/dynamixel_sdk_inf/include/dynamixel_sdk_inf/dynamixel_sdk_inf/srv/detail
-- Installing: /home/proto/Manipulator/DynamixelSDK/install/dynamixel_sdk_inf/include/dynamixel_sdk_inf/dynamixel_sdk_inf/srv/detail/get_position__rosidl_typesupport_fastrtps_c.h
-- Installing: /home/proto/Manipulator/DynamixelSDK/install/dynamixel_sdk_inf/include/dynamixel_sdk_inf/dynamixel_sdk_inf/srv/detail/set_id__rosidl_typesupport_fastrtps_c.h
-- Installing: /home/proto/Manipulator/DynamixelSDK/install/dynamixel_sdk_inf/include/dynamixel_sdk_inf/dynamixel_sdk_inf/srv/detail/set_mode__rosidl_typesupport_fastrtps_c.h
-- Up-to-date: /home/proto/Manipulator/DynamixelSDK/install/dynamixel_sdk_inf/include/dynamixel_sdk_inf/dynamixel_sdk_inf/srv/detail/get_torquectrl__rosidl_typesupport_fastrtps_c.h
-- Up-to-date: /home/proto/Manipulator/DynamixelSDK/install/dynamixel_sdk_inf/include/dynamixel_sdk_inf/dynamixel_sdk_inf/msg
-- Up-to-date: /home/proto/Manipulator/DynamixelSDK/install/dynamixel_sdk_inf/include/dynamixel_sdk_inf/dynamixel_sdk_inf/msg/detail
-- Installing: /home/proto/Manipulator/DynamixelSDK/install/dynamixel_sdk_inf/include/dynamixel_sdk_inf/dynamixel_sdk_inf/msg/detail/set_position__rosidl_typesupport_fastrtps_c.h
-- Installing: /home/proto/Manipulator/DynamixelSDK/install/dynamixel_sdk_inf/include/dynamixel_sdk_inf/dynamixel_sdk_inf/msg/detail/set_torque__rosidl_typesupport_fastrtps_c.h
-- Up-to-date: /home/proto/Manipulator/DynamixelSDK/install/dynamixel_sdk_inf/include/dynamixel_sdk_inf/dynamixel_sdk_inf/msg/rosidl_typesupport_fastrtps_c__visibility_control.h
-- Installing: /home/proto/Manipulator/DynamixelSDK/install/dynamixel_sdk_inf/lib/libdynamixel_sdk_inf__rosidl_typesupport_fastrtps_c.so
-- Set runtime path of "/home/proto/Manipulator/DynamixelSDK/install/dynamixel_sdk_inf/lib/libdynamixel_sdk_inf__rosidl_typesupport_fastrtps_c.so" to ""
-- Up-to-date: /home/proto/Manipulator/DynamixelSDK/install/dynamixel_sdk_inf/include/dynamixel_sdk_inf/dynamixel_sdk_inf
-- Up-to-date: /home/proto/Manipulator/DynamixelSDK/install/dynamixel_sdk_inf/include/dynamixel_sdk_inf/dynamixel_sdk_inf/srv
-- Installing: /home/proto/Manipulator/DynamixelSDK/install/dynamixel_sdk_inf/include/dynamixel_sdk_inf/dynamixel_sdk_inf/srv/get_position.hpp
-- Installing: /home/proto/Manipulator/DynamixelSDK/install/dynamixel_sdk_inf/include/dynamixel_sdk_inf/dynamixel_sdk_inf/srv/set_id.hpp
-- Up-to-date: /home/proto/Manipulator/DynamixelSDK/install/dynamixel_sdk_inf/include/dynamixel_sdk_inf/dynamixel_sdk_inf/srv/detail
-- Up-to-date: /home/proto/Manipulator/DynamixelSDK/install/dynamixel_sdk_inf/include/dynamixel_sdk_inf/dynamixel_sdk_inf/srv/detail/get_torquectrl__traits.hpp
-- Installing: /home/proto/Manipulator/DynamixelSDK/install/dynamixel_sdk_inf/include/dynamixel_sdk_inf/dynamixel_sdk_inf/srv/detail/get_position__traits.hpp
-- Installing: /home/proto/Manipulator/DynamixelSDK/install/dynamixel_sdk_inf/include/dynamixel_sdk_inf/dynamixel_sdk_inf/srv/detail/set_id__traits.hpp
-- Installing: /home/proto/Manipulator/DynamixelSDK/install/dynamixel_sdk_inf/include/dynamixel_sdk_inf/dynamixel_sdk_inf/srv/detail/set_id__builder.hpp
-- Installing: /home/proto/Manipulator/DynamixelSDK/install/dynamixel_sdk_inf/include/dynamixel_sdk_inf/dynamixel_sdk_inf/srv/detail/get_position__struct.hpp
-- Up-to-date: /home/proto/Manipulator/DynamixelSDK/install/dynamixel_sdk_inf/include/dynamixel_sdk_inf/dynamixel_sdk_inf/srv/detail/get_torquectrl__builder.hpp
-- Installing: /home/proto/Manipulator/DynamixelSDK/install/dynamixel_sdk_inf/include/dynamixel_sdk_inf/dynamixel_sdk_inf/srv/detail/set_id__struct.hpp
-- Up-to-date: /home/proto/Manipulator/DynamixelSDK/install/dynamixel_sdk_inf/include/dynamixel_sdk_inf/dynamixel_sdk_inf/srv/detail/get_torquectrl__struct.hpp
-- Installing: /home/proto/Manipulator/DynamixelSDK/install/dynamixel_sdk_inf/include/dynamixel_sdk_inf/dynamixel_sdk_inf/srv/detail/get_position__builder.hpp
-- Installing: /home/proto/Manipulator/DynamixelSDK/install/dynamixel_sdk_inf/include/dynamixel_sdk_inf/dynamixel_sdk_inf/srv/detail/set_mode__struct.hpp
-- Installing: /home/proto/Manipulator/DynamixelSDK/install/dynamixel_sdk_inf/include/dynamixel_sdk_inf/dynamixel_sdk_inf/srv/detail/set_mode__builder.hpp
-- Installing: /home/proto/Manipulator/DynamixelSDK/install/dynamixel_sdk_inf/include/dynamixel_sdk_inf/dynamixel_sdk_inf/srv/detail/set_mode__traits.hpp
-- Installing: /home/proto/Manipulator/DynamixelSDK/install/dynamixel_sdk_inf/include/dynamixel_sdk_inf/dynamixel_sdk_inf/srv/set_mode.hpp
-- Up-to-date: /home/proto/Manipulator/DynamixelSDK/install/dynamixel_sdk_inf/include/dynamixel_sdk_inf/dynamixel_sdk_inf/srv/get_torquectrl.hpp
-- Up-to-date: /home/proto/Manipulator/DynamixelSDK/install/dynamixel_sdk_inf/include/dynamixel_sdk_inf/dynamixel_sdk_inf/msg
-- Installing: /home/proto/Manipulator/DynamixelSDK/install/dynamixel_sdk_inf/include/dynamixel_sdk_inf/dynamixel_sdk_inf/msg/set_torque.hpp
-- Up-to-date: /home/proto/Manipulator/DynamixelSDK/install/dynamixel_sdk_inf/include/dynamixel_sdk_inf/dynamixel_sdk_inf/msg/detail
-- Installing: /home/proto/Manipulator/DynamixelSDK/install/dynamixel_sdk_inf/include/dynamixel_sdk_inf/dynamixel_sdk_inf/msg/detail/set_torque__builder.hpp
-- Installing: /home/proto/Manipulator/DynamixelSDK/install/dynamixel_sdk_inf/include/dynamixel_sdk_inf/dynamixel_sdk_inf/msg/detail/set_torque__traits.hpp
-- Installing: /home/proto/Manipulator/DynamixelSDK/install/dynamixel_sdk_inf/include/dynamixel_sdk_inf/dynamixel_sdk_inf/msg/detail/set_torque__struct.hpp
-- Installing: /home/proto/Manipulator/DynamixelSDK/install/dynamixel_sdk_inf/include/dynamixel_sdk_inf/dynamixel_sdk_inf/msg/detail/set_position__builder.hpp
-- Installing: /home/proto/Manipulator/DynamixelSDK/install/dynamixel_sdk_inf/include/dynamixel_sdk_inf/dynamixel_sdk_inf/msg/detail/set_position__traits.hpp
-- Installing: /home/proto/Manipulator/DynamixelSDK/install/dynamixel_sdk_inf/include/dynamixel_sdk_inf/dynamixel_sdk_inf/msg/detail/set_position__struct.hpp
-- Installing: /home/proto/Manipulator/DynamixelSDK/install/dynamixel_sdk_inf/include/dynamixel_sdk_inf/dynamixel_sdk_inf/msg/set_position.hpp
-- Up-to-date: /home/proto/Manipulator/DynamixelSDK/install/dynamixel_sdk_inf/include/dynamixel_sdk_inf/dynamixel_sdk_inf
-- Up-to-date: /home/proto/Manipulator/DynamixelSDK/install/dynamixel_sdk_inf/include/dynamixel_sdk_inf/dynamixel_sdk_inf/srv
-- Up-to-date: /home/proto/Manipulator/DynamixelSDK/install/dynamixel_sdk_inf/include/dynamixel_sdk_inf/dynamixel_sdk_inf/srv/detail
-- Installing: /home/proto/Manipulator/DynamixelSDK/install/dynamixel_sdk_inf/include/dynamixel_sdk_inf/dynamixel_sdk_inf/srv/detail/get_position__rosidl_typesupport_fastrtps_cpp.hpp
-- Installing: /home/proto/Manipulator/DynamixelSDK/install/dynamixel_sdk_inf/include/dynamixel_sdk_inf/dynamixel_sdk_inf/srv/detail/set_id__rosidl_typesupport_fastrtps_cpp.hpp
-- Installing: /home/proto/Manipulator/DynamixelSDK/install/dynamixel_sdk_inf/include/dynamixel_sdk_inf/dynamixel_sdk_inf/srv/detail/set_mode__rosidl_typesupport_fastrtps_cpp.hpp
-- Up-to-date: /home/proto/Manipulator/DynamixelSDK/install/dynamixel_sdk_inf/include/dynamixel_sdk_inf/dynamixel_sdk_inf/srv/detail/get_torquectrl__rosidl_typesupport_fastrtps_cpp.hpp
-- Up-to-date: /home/proto/Manipulator/DynamixelSDK/install/dynamixel_sdk_inf/include/dynamixel_sdk_inf/dynamixel_sdk_inf/srv/detail/dds_fastrtps
-- Up-to-date: /home/proto/Manipulator/DynamixelSDK/install/dynamixel_sdk_inf/include/dynamixel_sdk_inf/dynamixel_sdk_inf/msg
-- Up-to-date: /home/proto/Manipulator/DynamixelSDK/install/dynamixel_sdk_inf/include/dynamixel_sdk_inf/dynamixel_sdk_inf/msg/detail
-- Installing: /home/proto/Manipulator/DynamixelSDK/install/dynamixel_sdk_inf/include/dynamixel_sdk_inf/dynamixel_sdk_inf/msg/detail/set_position__rosidl_typesupport_fastrtps_cpp.hpp
-- Up-to-date: /home/proto/Manipulator/DynamixelSDK/install/dynamixel_sdk_inf/include/dynamixel_sdk_inf/dynamixel_sdk_inf/msg/detail/dds_fastrtps
-- Installing: /home/proto/Manipulator/DynamixelSDK/install/dynamixel_sdk_inf/include/dynamixel_sdk_inf/dynamixel_sdk_inf/msg/detail/set_torque__rosidl_typesupport_fastrtps_cpp.hpp
-- Up-to-date: /home/proto/Manipulator/DynamixelSDK/install/dynamixel_sdk_inf/include/dynamixel_sdk_inf/dynamixel_sdk_inf/msg/rosidl_typesupport_fastrtps_cpp__visibility_control.h
-- Installing: /home/proto/Manipulator/DynamixelSDK/install/dynamixel_sdk_inf/lib/libdynamixel_sdk_inf__rosidl_typesupport_fastrtps_cpp.so
-- Set runtime path of "/home/proto/Manipulator/DynamixelSDK/install/dynamixel_sdk_inf/lib/libdynamixel_sdk_inf__rosidl_typesupport_fastrtps_cpp.so" to ""
-- Up-to-date: /home/proto/Manipulator/DynamixelSDK/install/dynamixel_sdk_inf/include/dynamixel_sdk_inf/dynamixel_sdk_inf
-- Up-to-date: /home/proto/Manipulator/DynamixelSDK/install/dynamixel_sdk_inf/include/dynamixel_sdk_inf/dynamixel_sdk_inf/srv
-- Up-to-date: /home/proto/Manipulator/DynamixelSDK/install/dynamixel_sdk_inf/include/dynamixel_sdk_inf/dynamixel_sdk_inf/srv/detail
-- Up-to-date: /home/proto/Manipulator/DynamixelSDK/install/dynamixel_sdk_inf/include/dynamixel_sdk_inf/dynamixel_sdk_inf/srv/detail/get_torquectrl__rosidl_typesupport_introspection_c.h
-- Installing: /home/proto/Manipulator/DynamixelSDK/install/dynamixel_sdk_inf/include/dynamixel_sdk_inf/dynamixel_sdk_inf/srv/detail/set_id__type_support.c
-- Up-to-date: /home/proto/Manipulator/DynamixelSDK/install/dynamixel_sdk_inf/include/dynamixel_sdk_inf/dynamixel_sdk_inf/srv/detail/get_torquectrl__type_support.c
-- Installing: /home/proto/Manipulator/DynamixelSDK/install/dynamixel_sdk_inf/include/dynamixel_sdk_inf/dynamixel_sdk_inf/srv/detail/get_position__type_support.c
-- Installing: /home/proto/Manipulator/DynamixelSDK/install/dynamixel_sdk_inf/include/dynamixel_sdk_inf/dynamixel_sdk_inf/srv/detail/set_mode__type_support.c
-- Installing: /home/proto/Manipulator/DynamixelSDK/install/dynamixel_sdk_inf/include/dynamixel_sdk_inf/dynamixel_sdk_inf/srv/detail/get_position__rosidl_typesupport_introspection_c.h
-- Installing: /home/proto/Manipulator/DynamixelSDK/install/dynamixel_sdk_inf/include/dynamixel_sdk_inf/dynamixel_sdk_inf/srv/detail/set_id__rosidl_typesupport_introspection_c.h
-- Installing: /home/proto/Manipulator/DynamixelSDK/install/dynamixel_sdk_inf/include/dynamixel_sdk_inf/dynamixel_sdk_inf/srv/detail/set_mode__rosidl_typesupport_introspection_c.h
-- Up-to-date: /home/proto/Manipulator/DynamixelSDK/install/dynamixel_sdk_inf/include/dynamixel_sdk_inf/dynamixel_sdk_inf/msg
-- Up-to-date: /home/proto/Manipulator/DynamixelSDK/install/dynamixel_sdk_inf/include/dynamixel_sdk_inf/dynamixel_sdk_inf/msg/rosidl_typesupport_introspection_c__visibility_control.h
-- Up-to-date: /home/proto/Manipulator/DynamixelSDK/install/dynamixel_sdk_inf/include/dynamixel_sdk_inf/dynamixel_sdk_inf/msg/detail
-- Installing: /home/proto/Manipulator/DynamixelSDK/install/dynamixel_sdk_inf/include/dynamixel_sdk_inf/dynamixel_sdk_inf/msg/detail/set_torque__rosidl_typesupport_introspection_c.h
-- Installing: /home/proto/Manipulator/DynamixelSDK/install/dynamixel_sdk_inf/include/dynamixel_sdk_inf/dynamixel_sdk_inf/msg/detail/set_position__type_support.c
-- Installing: /home/proto/Manipulator/DynamixelSDK/install/dynamixel_sdk_inf/include/dynamixel_sdk_inf/dynamixel_sdk_inf/msg/detail/set_torque__type_support.c
-- Installing: /home/proto/Manipulator/DynamixelSDK/install/dynamixel_sdk_inf/include/dynamixel_sdk_inf/dynamixel_sdk_inf/msg/detail/set_position__rosidl_typesupport_introspection_c.h
-- Installing: /home/proto/Manipulator/DynamixelSDK/install/dynamixel_sdk_inf/lib/libdynamixel_sdk_inf__rosidl_typesupport_introspection_c.so
-- Set runtime path of "/home/proto/Manipulator/DynamixelSDK/install/dynamixel_sdk_inf/lib/libdynamixel_sdk_inf__rosidl_typesupport_introspection_c.so" to ""
-- Installing: /home/proto/Manipulator/DynamixelSDK/install/dynamixel_sdk_inf/lib/libdynamixel_sdk_inf__rosidl_typesupport_c.so
-- Set runtime path of "/home/proto/Manipulator/DynamixelSDK/install/dynamixel_sdk_inf/lib/libdynamixel_sdk_inf__rosidl_typesupport_c.so" to ""
-- Up-to-date: /home/proto/Manipulator/DynamixelSDK/install/dynamixel_sdk_inf/include/dynamixel_sdk_inf/dynamixel_sdk_inf
-- Up-to-date: /home/proto/Manipulator/DynamixelSDK/install/dynamixel_sdk_inf/include/dynamixel_sdk_inf/dynamixel_sdk_inf/srv
-- Up-to-date: /home/proto/Manipulator/DynamixelSDK/install/dynamixel_sdk_inf/include/dynamixel_sdk_inf/dynamixel_sdk_inf/srv/detail
-- Installing: /home/proto/Manipulator/DynamixelSDK/install/dynamixel_sdk_inf/include/dynamixel_sdk_inf/dynamixel_sdk_inf/srv/detail/get_position__type_support.cpp
-- Up-to-date: /home/proto/Manipulator/DynamixelSDK/install/dynamixel_sdk_inf/include/dynamixel_sdk_inf/dynamixel_sdk_inf/srv/detail/get_torquectrl__rosidl_typesupport_introspection_cpp.hpp
-- Installing: /home/proto/Manipulator/DynamixelSDK/install/dynamixel_sdk_inf/include/dynamixel_sdk_inf/dynamixel_sdk_inf/srv/detail/get_position__rosidl_typesupport_introspection_cpp.hpp
-- Up-to-date: /home/proto/Manipulator/DynamixelSDK/install/dynamixel_sdk_inf/include/dynamixel_sdk_inf/dynamixel_sdk_inf/srv/detail/get_torquectrl__type_support.cpp
-- Installing: /home/proto/Manipulator/DynamixelSDK/install/dynamixel_sdk_inf/include/dynamixel_sdk_inf/dynamixel_sdk_inf/srv/detail/set_mode__rosidl_typesupport_introspection_cpp.hpp
-- Installing: /home/proto/Manipulator/DynamixelSDK/install/dynamixel_sdk_inf/include/dynamixel_sdk_inf/dynamixel_sdk_inf/srv/detail/set_mode__type_support.cpp
-- Installing: /home/proto/Manipulator/DynamixelSDK/install/dynamixel_sdk_inf/include/dynamixel_sdk_inf/dynamixel_sdk_inf/srv/detail/set_id__rosidl_typesupport_introspection_cpp.hpp
-- Installing: /home/proto/Manipulator/DynamixelSDK/install/dynamixel_sdk_inf/include/dynamixel_sdk_inf/dynamixel_sdk_inf/srv/detail/set_id__type_support.cpp
-- Up-to-date: /home/proto/Manipulator/DynamixelSDK/install/dynamixel_sdk_inf/include/dynamixel_sdk_inf/dynamixel_sdk_inf/msg
-- Up-to-date: /home/proto/Manipulator/DynamixelSDK/install/dynamixel_sdk_inf/include/dynamixel_sdk_inf/dynamixel_sdk_inf/msg/detail
-- Installing: /home/proto/Manipulator/DynamixelSDK/install/dynamixel_sdk_inf/include/dynamixel_sdk_inf/dynamixel_sdk_inf/msg/detail/set_position__type_support.cpp
-- Installing: /home/proto/Manipulator/DynamixelSDK/install/dynamixel_sdk_inf/include/dynamixel_sdk_inf/dynamixel_sdk_inf/msg/detail/set_position__rosidl_typesupport_introspection_cpp.hpp
-- Installing: /home/proto/Manipulator/DynamixelSDK/install/dynamixel_sdk_inf/include/dynamixel_sdk_inf/dynamixel_sdk_inf/msg/detail/set_torque__rosidl_typesupport_introspection_cpp.hpp
-- Installing: /home/proto/Manipulator/DynamixelSDK/install/dynamixel_sdk_inf/include/dynamixel_sdk_inf/dynamixel_sdk_inf/msg/detail/set_torque__type_support.cpp
-- Installing: /home/proto/Manipulator/DynamixelSDK/install/dynamixel_sdk_inf/lib/libdynamixel_sdk_inf__rosidl_typesupport_introspection_cpp.so
-- Set runtime path of "/home/proto/Manipulator/DynamixelSDK/install/dynamixel_sdk_inf/lib/libdynamixel_sdk_inf__rosidl_typesupport_introspection_cpp.so" to ""
-- Installing: /home/proto/Manipulator/DynamixelSDK/install/dynamixel_sdk_inf/lib/libdynamixel_sdk_inf__rosidl_typesupport_cpp.so
-- Set runtime path of "/home/proto/Manipulator/DynamixelSDK/install/dynamixel_sdk_inf/lib/libdynamixel_sdk_inf__rosidl_typesupport_cpp.so" to ""
-- Up-to-date: /home/proto/Manipulator/DynamixelSDK/install/dynamixel_sdk_inf/share/dynamixel_sdk_inf/environment/pythonpath.sh
-- Installing: /home/proto/Manipulator/DynamixelSDK/install/dynamixel_sdk_inf/share/dynamixel_sdk_inf/environment/pythonpath.dsv
-- Up-to-date: /home/proto/Manipulator/DynamixelSDK/install/dynamixel_sdk_inf/local/lib/python3.10/dist-packages/dynamixel_sdk_inf-3.7.40-py3.10.egg-info
-- Installing: /home/proto/Manipulator/DynamixelSDK/install/dynamixel_sdk_inf/local/lib/python3.10/dist-packages/dynamixel_sdk_inf-3.7.40-py3.10.egg-info/SOURCES.txt
-- Installing: /home/proto/Manipulator/DynamixelSDK/install/dynamixel_sdk_inf/local/lib/python3.10/dist-packages/dynamixel_sdk_inf-3.7.40-py3.10.egg-info/PKG-INFO
-- Installing: /home/proto/Manipulator/DynamixelSDK/install/dynamixel_sdk_inf/local/lib/python3.10/dist-packages/dynamixel_sdk_inf-3.7.40-py3.10.egg-info/dependency_links.txt
-- Installing: /home/proto/Manipulator/DynamixelSDK/install/dynamixel_sdk_inf/local/lib/python3.10/dist-packages/dynamixel_sdk_inf-3.7.40-py3.10.egg-info/top_level.txt
-- Up-to-date: /home/proto/Manipulator/DynamixelSDK/install/dynamixel_sdk_inf/local/lib/python3.10/dist-packages/dynamixel_sdk_inf
-- Installing: /home/proto/Manipulator/DynamixelSDK/install/dynamixel_sdk_inf/local/lib/python3.10/dist-packages/dynamixel_sdk_inf/dynamixel_sdk_inf_s__rosidl_typesupport_fastrtps_c.cpython-310-x86_64-linux-gnu.so
-- Up-to-date: /home/proto/Manipulator/DynamixelSDK/install/dynamixel_sdk_inf/local/lib/python3.10/dist-packages/dynamixel_sdk_inf/srv
-- Installing: /home/proto/Manipulator/DynamixelSDK/install/dynamixel_sdk_inf/local/lib/python3.10/dist-packages/dynamixel_sdk_inf/srv/_set_mode.py
-- Installing: /home/proto/Manipulator/DynamixelSDK/install/dynamixel_sdk_inf/local/lib/python3.10/dist-packages/dynamixel_sdk_inf/srv/_set_mode_s.c
-- Installing: /home/proto/Manipulator/DynamixelSDK/install/dynamixel_sdk_inf/local/lib/python3.10/dist-packages/dynamixel_sdk_inf/srv/__init__.py
-- Up-to-date: /home/proto/Manipulator/DynamixelSDK/install/dynamixel_sdk_inf/local/lib/python3.10/dist-packages/dynamixel_sdk_inf/srv/_get_torquectrl.py
-- Installing: /home/proto/Manipulator/DynamixelSDK/install/dynamixel_sdk_inf/local/lib/python3.10/dist-packages/dynamixel_sdk_inf/srv/_get_position_s.c
-- Installing: /home/proto/Manipulator/DynamixelSDK/install/dynamixel_sdk_inf/local/lib/python3.10/dist-packages/dynamixel_sdk_inf/srv/_get_position.py
-- Up-to-date: /home/proto/Manipulator/DynamixelSDK/install/dynamixel_sdk_inf/local/lib/python3.10/dist-packages/dynamixel_sdk_inf/srv/_get_torquectrl_s.c
-- Installing: /home/proto/Manipulator/DynamixelSDK/install/dynamixel_sdk_inf/local/lib/python3.10/dist-packages/dynamixel_sdk_inf/srv/_set_id_s.c
-- Installing: /home/proto/Manipulator/DynamixelSDK/install/dynamixel_sdk_inf/local/lib/python3.10/dist-packages/dynamixel_sdk_inf/srv/_set_id.py
-- Up-to-date: /home/proto/Manipulator/DynamixelSDK/install/dynamixel_sdk_inf/local/lib/python3.10/dist-packages/dynamixel_sdk_inf/msg
-- Installing: /home/proto/Manipulator/DynamixelSDK/install/dynamixel_sdk_inf/local/lib/python3.10/dist-packages/dynamixel_sdk_inf/msg/_set_position_s.c
-- Installing: /home/proto/Manipulator/DynamixelSDK/install/dynamixel_sdk_inf/local/lib/python3.10/dist-packages/dynamixel_sdk_inf/msg/__init__.py
-- Installing: /home/proto/Manipulator/DynamixelSDK/install/dynamixel_sdk_inf/local/lib/python3.10/dist-packages/dynamixel_sdk_inf/msg/_set_torque.py
-- Installing: /home/proto/Manipulator/DynamixelSDK/install/dynamixel_sdk_inf/local/lib/python3.10/dist-packages/dynamixel_sdk_inf/msg/_set_position.py
-- Installing: /home/proto/Manipulator/DynamixelSDK/install/dynamixel_sdk_inf/local/lib/python3.10/dist-packages/dynamixel_sdk_inf/msg/_set_torque_s.c
-- Installing: /home/proto/Manipulator/DynamixelSDK/install/dynamixel_sdk_inf/local/lib/python3.10/dist-packages/dynamixel_sdk_inf/__init__.py
-- Installing: /home/proto/Manipulator/DynamixelSDK/install/dynamixel_sdk_inf/local/lib/python3.10/dist-packages/dynamixel_sdk_inf/_dynamixel_sdk_inf_s.ep.rosidl_typesupport_c.c
-- Installing: /home/proto/Manipulator/DynamixelSDK/install/dynamixel_sdk_inf/local/lib/python3.10/dist-packages/dynamixel_sdk_inf/_dynamixel_sdk_inf_s.ep.rosidl_typesupport_introspection_c.c
-- Installing: /home/proto/Manipulator/DynamixelSDK/install/dynamixel_sdk_inf/local/lib/python3.10/dist-packages/dynamixel_sdk_inf/dynamixel_sdk_inf_s__rosidl_typesupport_c.cpython-310-x86_64-linux-gnu.so
-- Installing: /home/proto/Manipulator/DynamixelSDK/install/dynamixel_sdk_inf/local/lib/python3.10/dist-packages/dynamixel_sdk_inf/libdynamixel_sdk_inf__rosidl_generator_py.so
-- Installing: /home/proto/Manipulator/DynamixelSDK/install/dynamixel_sdk_inf/local/lib/python3.10/dist-packages/dynamixel_sdk_inf/dynamixel_sdk_inf_s__rosidl_typesupport_introspection_c.cpython-310-x86_64-linux-gnu.so
-- Installing: /home/proto/Manipulator/DynamixelSDK/install/dynamixel_sdk_inf/local/lib/python3.10/dist-packages/dynamixel_sdk_inf/_dynamixel_sdk_inf_s.ep.rosidl_typesupport_fastrtps_c.c
Listing '/home/proto/Manipulator/DynamixelSDK/install/dynamixel_sdk_inf/local/lib/python3.10/dist-packages/dynamixel_sdk_inf'...
Compiling '/home/proto/Manipulator/DynamixelSDK/install/dynamixel_sdk_inf/local/lib/python3.10/dist-packages/dynamixel_sdk_inf/__init__.py'...
Listing '/home/proto/Manipulator/DynamixelSDK/install/dynamixel_sdk_inf/local/lib/python3.10/dist-packages/dynamixel_sdk_inf/msg'...
Compiling '/home/proto/Manipulator/DynamixelSDK/install/dynamixel_sdk_inf/local/lib/python3.10/dist-packages/dynamixel_sdk_inf/msg/__init__.py'...
Compiling '/home/proto/Manipulator/DynamixelSDK/install/dynamixel_sdk_inf/local/lib/python3.10/dist-packages/dynamixel_sdk_inf/msg/_set_position.py'...
Compiling '/home/proto/Manipulator/DynamixelSDK/install/dynamixel_sdk_inf/local/lib/python3.10/dist-packages/dynamixel_sdk_inf/msg/_set_torque.py'...
Listing '/home/proto/Manipulator/DynamixelSDK/install/dynamixel_sdk_inf/local/lib/python3.10/dist-packages/dynamixel_sdk_inf/srv'...
Compiling '/home/proto/Manipulator/DynamixelSDK/install/dynamixel_sdk_inf/local/lib/python3.10/dist-packages/dynamixel_sdk_inf/srv/__init__.py'...
Compiling '/home/proto/Manipulator/DynamixelSDK/install/dynamixel_sdk_inf/local/lib/python3.10/dist-packages/dynamixel_sdk_inf/srv/_get_position.py'...
Compiling '/home/proto/Manipulator/DynamixelSDK/install/dynamixel_sdk_inf/local/lib/python3.10/dist-packages/dynamixel_sdk_inf/srv/_set_id.py'...
Compiling '/home/proto/Manipulator/DynamixelSDK/install/dynamixel_sdk_inf/local/lib/python3.10/dist-packages/dynamixel_sdk_inf/srv/_set_mode.py'...
-- Installing: /home/proto/Manipulator/DynamixelSDK/install/dynamixel_sdk_inf/local/lib/python3.10/dist-packages/dynamixel_sdk_inf/dynamixel_sdk_inf_s__rosidl_typesupport_fastrtps_c.cpython-310-x86_64-linux-gnu.so
-- Set runtime path of "/home/proto/Manipulator/DynamixelSDK/install/dynamixel_sdk_inf/local/lib/python3.10/dist-packages/dynamixel_sdk_inf/dynamixel_sdk_inf_s__rosidl_typesupport_fastrtps_c.cpython-310-x86_64-linux-gnu.so" to ""
-- Installing: /home/proto/Manipulator/DynamixelSDK/install/dynamixel_sdk_inf/local/lib/python3.10/dist-packages/dynamixel_sdk_inf/dynamixel_sdk_inf_s__rosidl_typesupport_introspection_c.cpython-310-x86_64-linux-gnu.so
-- Set runtime path of "/home/proto/Manipulator/DynamixelSDK/install/dynamixel_sdk_inf/local/lib/python3.10/dist-packages/dynamixel_sdk_inf/dynamixel_sdk_inf_s__rosidl_typesupport_introspection_c.cpython-310-x86_64-linux-gnu.so" to ""
-- Installing: /home/proto/Manipulator/DynamixelSDK/install/dynamixel_sdk_inf/local/lib/python3.10/dist-packages/dynamixel_sdk_inf/dynamixel_sdk_inf_s__rosidl_typesupport_c.cpython-310-x86_64-linux-gnu.so
-- Set runtime path of "/home/proto/Manipulator/DynamixelSDK/install/dynamixel_sdk_inf/local/lib/python3.10/dist-packages/dynamixel_sdk_inf/dynamixel_sdk_inf_s__rosidl_typesupport_c.cpython-310-x86_64-linux-gnu.so" to ""
-- Installing: /home/proto/Manipulator/DynamixelSDK/install/dynamixel_sdk_inf/lib/libdynamixel_sdk_inf__rosidl_generator_py.so
-- Set runtime path of "/home/proto/Manipulator/DynamixelSDK/install/dynamixel_sdk_inf/lib/libdynamixel_sdk_inf__rosidl_generator_py.so" to ""
-- Up-to-date: /home/proto/Manipulator/DynamixelSDK/install/dynamixel_sdk_inf/share/dynamixel_sdk_inf/msg/SetPosition.idl
-- Up-to-date: /home/proto/Manipulator/DynamixelSDK/install/dynamixel_sdk_inf/share/dynamixel_sdk_inf/msg/SetTorque.idl
-- Up-to-date: /home/proto/Manipulator/DynamixelSDK/install/dynamixel_sdk_inf/share/dynamixel_sdk_inf/srv/GetPosition.idl
-- Installing: /home/proto/Manipulator/DynamixelSDK/install/dynamixel_sdk_inf/share/dynamixel_sdk_inf/srv/SetMode.idl
-- Up-to-date: /home/proto/Manipulator/DynamixelSDK/install/dynamixel_sdk_inf/share/dynamixel_sdk_inf/srv/SetId.idl
-- Up-to-date: /home/proto/Manipulator/DynamixelSDK/install/dynamixel_sdk_inf/share/dynamixel_sdk_inf/msg/SetPosition.msg
-- Up-to-date: /home/proto/Manipulator/DynamixelSDK/install/dynamixel_sdk_inf/share/dynamixel_sdk_inf/msg/SetTorque.msg
-- Up-to-date: /home/proto/Manipulator/DynamixelSDK/install/dynamixel_sdk_inf/share/dynamixel_sdk_inf/srv/GetPosition.srv
-- Up-to-date: /home/proto/Manipulator/DynamixelSDK/install/dynamixel_sdk_inf/share/dynamixel_sdk_inf/srv/GetPosition_Request.msg
-- Up-to-date: /home/proto/Manipulator/DynamixelSDK/install/dynamixel_sdk_inf/share/dynamixel_sdk_inf/srv/GetPosition_Response.msg
-- Installing: /home/proto/Manipulator/DynamixelSDK/install/dynamixel_sdk_inf/share/dynamixel_sdk_inf/srv/SetMode.srv
-- Installing: /home/proto/Manipulator/DynamixelSDK/install/dynamixel_sdk_inf/share/dynamixel_sdk_inf/srv/SetMode_Request.msg
-- Installing: /home/proto/Manipulator/DynamixelSDK/install/dynamixel_sdk_inf/share/dynamixel_sdk_inf/srv/SetMode_Response.msg
-- Up-to-date: /home/proto/Manipulator/DynamixelSDK/install/dynamixel_sdk_inf/share/dynamixel_sdk_inf/srv/SetId.srv
-- Up-to-date: /home/proto/Manipulator/DynamixelSDK/install/dynamixel_sdk_inf/share/dynamixel_sdk_inf/srv/SetId_Request.msg
-- Up-to-date: /home/proto/Manipulator/DynamixelSDK/install/dynamixel_sdk_inf/share/dynamixel_sdk_inf/srv/SetId_Response.msg
-- Up-to-date: /home/proto/Manipulator/DynamixelSDK/install/dynamixel_sdk_inf/share/ament_index/resource_index/package_run_dependencies/dynamixel_sdk_inf
-- Up-to-date: /home/proto/Manipulator/DynamixelSDK/install/dynamixel_sdk_inf/share/ament_index/resource_index/parent_prefix_path/dynamixel_sdk_inf
-- Up-to-date: /home/proto/Manipulator/DynamixelSDK/install/dynamixel_sdk_inf/share/dynamixel_sdk_inf/environment/ament_prefix_path.sh
-- Installing: /home/proto/Manipulator/DynamixelSDK/install/dynamixel_sdk_inf/share/dynamixel_sdk_inf/environment/ament_prefix_path.dsv
-- Up-to-date: /home/proto/Manipulator/DynamixelSDK/install/dynamixel_sdk_inf/share/dynamixel_sdk_inf/environment/path.sh
-- Installing: /home/proto/Manipulator/DynamixelSDK/install/dynamixel_sdk_inf/share/dynamixel_sdk_inf/environment/path.dsv
-- Up-to-date: /home/proto/Manipulator/DynamixelSDK/install/dynamixel_sdk_inf/share/dynamixel_sdk_inf/local_setup.bash
-- Up-to-date: /home/proto/Manipulator/DynamixelSDK/install/dynamixel_sdk_inf/share/dynamixel_sdk_inf/local_setup.sh
-- Up-to-date: /home/proto/Manipulator/DynamixelSDK/install/dynamixel_sdk_inf/share/dynamixel_sdk_inf/local_setup.zsh
-- Installing: /home/proto/Manipulator/DynamixelSDK/install/dynamixel_sdk_inf/share/dynamixel_sdk_inf/local_setup.dsv
-- Installing: /home/proto/Manipulator/DynamixelSDK/install/dynamixel_sdk_inf/share/dynamixel_sdk_inf/package.dsv
-- Up-to-date: /home/proto/Manipulator/DynamixelSDK/install/dynamixel_sdk_inf/share/ament_index/resource_index/packages/dynamixel_sdk_inf
-- Up-to-date: /home/proto/Manipulator/DynamixelSDK/install/dynamixel_sdk_inf/share/dynamixel_sdk_inf/cmake/export_dynamixel_sdk_inf__rosidl_generator_cExport.cmake
-- Up-to-date: /home/proto/Manipulator/DynamixelSDK/install/dynamixel_sdk_inf/share/dynamixel_sdk_inf/cmake/export_dynamixel_sdk_inf__rosidl_generator_cExport-noconfig.cmake
-- Up-to-date: /home/proto/Manipulator/DynamixelSDK/install/dynamixel_sdk_inf/share/dynamixel_sdk_inf/cmake/export_dynamixel_sdk_inf__rosidl_typesupport_fastrtps_cExport.cmake
-- Up-to-date: /home/proto/Manipulator/DynamixelSDK/install/dynamixel_sdk_inf/share/dynamixel_sdk_inf/cmake/export_dynamixel_sdk_inf__rosidl_typesupport_fastrtps_cExport-noconfig.cmake
-- Up-to-date: /home/proto/Manipulator/DynamixelSDK/install/dynamixel_sdk_inf/share/dynamixel_sdk_inf/cmake/export_dynamixel_sdk_inf__rosidl_generator_cppExport.cmake
-- Up-to-date: /home/proto/Manipulator/DynamixelSDK/install/dynamixel_sdk_inf/share/dynamixel_sdk_inf/cmake/export_dynamixel_sdk_inf__rosidl_typesupport_fastrtps_cppExport.cmake
-- Up-to-date: /home/proto/Manipulator/DynamixelSDK/install/dynamixel_sdk_inf/share/dynamixel_sdk_inf/cmake/export_dynamixel_sdk_inf__rosidl_typesupport_fastrtps_cppExport-noconfig.cmake
-- Up-to-date: /home/proto/Manipulator/DynamixelSDK/install/dynamixel_sdk_inf/share/dynamixel_sdk_inf/cmake/dynamixel_sdk_inf__rosidl_typesupport_introspection_cExport.cmake
-- Up-to-date: /home/proto/Manipulator/DynamixelSDK/install/dynamixel_sdk_inf/share/dynamixel_sdk_inf/cmake/dynamixel_sdk_inf__rosidl_typesupport_introspection_cExport-noconfig.cmake
-- Up-to-date: /home/proto/Manipulator/DynamixelSDK/install/dynamixel_sdk_inf/share/dynamixel_sdk_inf/cmake/dynamixel_sdk_inf__rosidl_typesupport_cExport.cmake
-- Up-to-date: /home/proto/Manipulator/DynamixelSDK/install/dynamixel_sdk_inf/share/dynamixel_sdk_inf/cmake/dynamixel_sdk_inf__rosidl_typesupport_cExport-noconfig.cmake
-- Up-to-date: /home/proto/Manipulator/DynamixelSDK/install/dynamixel_sdk_inf/share/dynamixel_sdk_inf/cmake/dynamixel_sdk_inf__rosidl_typesupport_introspection_cppExport.cmake
-- Up-to-date: /home/proto/Manipulator/DynamixelSDK/install/dynamixel_sdk_inf/share/dynamixel_sdk_inf/cmake/dynamixel_sdk_inf__rosidl_typesupport_introspection_cppExport-noconfig.cmake
-- Up-to-date: /home/proto/Manipulator/DynamixelSDK/install/dynamixel_sdk_inf/share/dynamixel_sdk_inf/cmake/dynamixel_sdk_inf__rosidl_typesupport_cppExport.cmake
-- Up-to-date: /home/proto/Manipulator/DynamixelSDK/install/dynamixel_sdk_inf/share/dynamixel_sdk_inf/cmake/dynamixel_sdk_inf__rosidl_typesupport_cppExport-noconfig.cmake
-- Up-to-date: /home/proto/Manipulator/DynamixelSDK/install/dynamixel_sdk_inf/share/dynamixel_sdk_inf/cmake/export_dynamixel_sdk_inf__rosidl_generator_pyExport.cmake
-- Up-to-date: /home/proto/Manipulator/DynamixelSDK/install/dynamixel_sdk_inf/share/dynamixel_sdk_inf/cmake/export_dynamixel_sdk_inf__rosidl_generator_pyExport-noconfig.cmake
-- Installing: /home/proto/Manipulator/DynamixelSDK/install/dynamixel_sdk_inf/share/dynamixel_sdk_inf/cmake/rosidl_cmake-extras.cmake
-- Up-to-date: /home/proto/Manipulator/DynamixelSDK/install/dynamixel_sdk_inf/share/dynamixel_sdk_inf/cmake/ament_cmake_export_dependencies-extras.cmake
-- Up-to-date: /home/proto/Manipulator/DynamixelSDK/install/dynamixel_sdk_inf/share/dynamixel_sdk_inf/cmake/ament_cmake_export_include_directories-extras.cmake
-- Up-to-date: /home/proto/Manipulator/DynamixelSDK/install/dynamixel_sdk_inf/share/dynamixel_sdk_inf/cmake/ament_cmake_export_libraries-extras.cmake
-- Up-to-date: /home/proto/Manipulator/DynamixelSDK/install/dynamixel_sdk_inf/share/dynamixel_sdk_inf/cmake/ament_cmake_export_targets-extras.cmake
-- Up-to-date: /home/proto/Manipulator/DynamixelSDK/install/dynamixel_sdk_inf/share/dynamixel_sdk_inf/cmake/rosidl_cmake_export_typesupport_targets-extras.cmake
-- Up-to-date: /home/proto/Manipulator/DynamixelSDK/install/dynamixel_sdk_inf/share/dynamixel_sdk_inf/cmake/rosidl_cmake_export_typesupport_libraries-extras.cmake
-- Up-to-date: /home/proto/Manipulator/DynamixelSDK/install/dynamixel_sdk_inf/share/dynamixel_sdk_inf/cmake/dynamixel_sdk_infConfig.cmake
-- Up-to-date: /home/proto/Manipulator/DynamixelSDK/install/dynamixel_sdk_inf/share/dynamixel_sdk_inf/cmake/dynamixel_sdk_infConfig-version.cmake
-- Up-to-date: /home/proto/Manipulator/DynamixelSDK/install/dynamixel_sdk_inf/share/dynamixel_sdk_inf/package.xml
