[100%] Built target position_control
[100%] Built target set_pose
[100%] Built target init_component
-- Install configuration: ""
-- Up-to-date: /home/proto/Manipulator/DynamixelSDK/install/motor_setup/lib/libinit_component.so
-- Up-to-date: /home/proto/Manipulator/DynamixelSDK/install/motor_setup/lib/libposition_control.so
-- Up-to-date: /home/proto/Manipulator/DynamixelSDK/install/motor_setup/share/motor_setup/launch
-- Up-to-date: /home/proto/Manipulator/DynamixelSDK/install/motor_setup/share/motor_setup/launch/init_component.launch.py
-- Up-to-date: /home/proto/Manipulator/DynamixelSDK/install/motor_setup/share/motor_setup/launch/__pycache__
-- Installing: /home/proto/Manipulator/DynamixelSDK/install/motor_setup/share/motor_setup/launch/__pycache__/init_component.launch.cpython-310.pyc
-- Up-to-date: /home/proto/Manipulator/DynamixelSDK/install/motor_setup/lib/motor_setup/set_pose
-- Up-to-date: /home/proto/Manipulator/DynamixelSDK/install/motor_setup/share/ament_index/resource_index/package_run_dependencies/motor_setup
-- Up-to-date: /home/proto/Manipulator/DynamixelSDK/install/motor_setup/share/ament_index/resource_index/parent_prefix_path/motor_setup
-- Up-to-date: /home/proto/Manipulator/DynamixelSDK/install/motor_setup/share/motor_setup/environment/ament_prefix_path.sh
-- Up-to-date: /home/proto/Manipulator/DynamixelSDK/install/motor_setup/share/motor_setup/environment/ament_prefix_path.dsv
-- Up-to-date: /home/proto/Manipulator/DynamixelSDK/install/motor_setup/share/motor_setup/environment/path.sh
-- Up-to-date: /home/proto/Manipulator/DynamixelSDK/install/motor_setup/share/motor_setup/environment/path.dsv
-- Up-to-date: /home/proto/Manipulator/DynamixelSDK/install/motor_setup/share/motor_setup/local_setup.bash
-- Up-to-date: /home/proto/Manipulator/DynamixelSDK/install/motor_setup/share/motor_setup/local_setup.sh
-- Up-to-date: /home/proto/Manipulator/DynamixelSDK/install/motor_setup/share/motor_setup/local_setup.zsh
-- Up-to-date: /home/proto/Manipulator/DynamixelSDK/install/motor_setup/share/motor_setup/local_setup.dsv
-- Installing: /home/proto/Manipulator/DynamixelSDK/install/motor_setup/share/motor_setup/package.dsv
-- Up-to-date: /home/proto/Manipulator/DynamixelSDK/install/motor_setup/share/ament_index/resource_index/packages/motor_setup
-- Up-to-date: /home/proto/Manipulator/DynamixelSDK/install/motor_setup/share/ament_index/resource_index/rclcpp_components/motor_setup
-- Up-to-date: /home/proto/Manipulator/DynamixelSDK/install/motor_setup/share/motor_setup/cmake/motor_setupConfig.cmake
-- Up-to-date: /home/proto/Manipulator/DynamixelSDK/install/motor_setup/share/motor_setup/cmake/motor_setupConfig-version.cmake
-- Up-to-date: /home/proto/Manipulator/DynamixelSDK/install/motor_setup/share/motor_setup/package.xml
