[0.010s] Invoking command in '/home/proto/Manipulator/DynamixelSDK/build/dynamixel_sdk_inf': CMAKE_PREFIX_PATH=/opt/ros/humble /usr/bin/cmake --build /home/proto/Manipulator/DynamixelSDK/build/dynamixel_sdk_inf -- -j8 -l8
[0.026s] -- Found ament_cmake: 1.3.4 (/opt/ros/humble/share/ament_cmake/cmake)
[0.127s] -- Found builtin_interfaces: 1.2.1 (/opt/ros/humble/share/builtin_interfaces/cmake)
[0.145s] -- Found rosidl_generator_c: 3.1.4 (/opt/ros/humble/share/rosidl_generator_c/cmake)
[0.146s] -- Found rosidl_adapter: 3.1.4 (/opt/ros/humble/share/rosidl_adapter/cmake)
[0.150s] -- Found rosidl_generator_cpp: 3.1.4 (/opt/ros/humble/share/rosidl_generator_cpp/cmake)
[0.158s] -- Using all available rosidl_typesupport_c: rosidl_typesupport_fastrtps_c;rosidl_typesupport_introspection_c
[0.167s] -- Using all available rosidl_typesupport_cpp: rosidl_typesupport_fastrtps_cpp;rosidl_typesupport_introspection_cpp
[0.176s] -- Found rosidl_default_generators: 1.2.0 (/opt/ros/humble/share/rosidl_default_generators/cmake)
[0.355s] -- Found ament_cmake_ros: 0.10.0 (/opt/ros/humble/share/ament_cmake_ros/cmake)
[0.553s] -- Using all available rosidl_typesupport_c: rosidl_typesupport_fastrtps_c;rosidl_typesupport_introspection_c
[0.635s] -- Using all available rosidl_typesupport_cpp: rosidl_typesupport_fastrtps_cpp;rosidl_typesupport_introspection_cpp
[0.650s] -- Found python_cmake_module: 0.10.0 (/opt/ros/humble/share/python_cmake_module/cmake)
[0.664s] -- Using PYTHON_EXECUTABLE: /usr/bin/python3.6
[0.664s] -- Using PYTHON_INCLUDE_DIRS: /usr/include/python3.10
[0.664s] -- Using PYTHON_LIBRARIES: /usr/lib/x86_64-linux-gnu/libpython3.10.so
[0.676s] -- Configuring done
[0.708s] -- Generating done
[0.710s] -- Build files have been written to: /home/proto/Manipulator/DynamixelSDK/build/dynamixel_sdk_inf
[0.728s] [  1%] [34m[1mGenerating C code for ROS interfaces[0m
[0.735s] [  3%] [34m[1mGenerating C++ code for ROS interfaces[0m
[0.741s] [  3%] Built target ament_cmake_python_copy_dynamixel_sdk_inf
[0.913s] running egg_info
[0.914s] writing dynamixel_sdk_inf.egg-info/PKG-INFO
[0.914s] writing dependency_links to dynamixel_sdk_inf.egg-info/dependency_links.txt
[0.914s] writing top-level names to dynamixel_sdk_inf.egg-info/top_level.txt
[0.916s] reading manifest file 'dynamixel_sdk_inf.egg-info/SOURCES.txt'
[0.916s] writing manifest file 'dynamixel_sdk_inf.egg-info/SOURCES.txt'
[0.943s] [  3%] Built target ament_cmake_python_build_dynamixel_sdk_inf_egg
[1.160s] [  3%] Built target dynamixel_sdk_inf__cpp
[1.169s] [  4%] [34m[1mGenerating C++ type support dispatch for ROS interfaces[0m
[1.171s] [  6%] [34m[1mGenerating C++ type support for eProsima Fast-RTPS[0m
[1.175s] [  7%] [34m[1mGenerating C++ introspection for ROS interfaces[0m
[1.200s] [35m[1mConsolidate compiler generated dependencies of target dynamixel_sdk_inf__rosidl_generator_c[0m
[1.212s] [ 12%] [32mBuilding C object CMakeFiles/dynamixel_sdk_inf__rosidl_generator_c.dir/rosidl_generator_c/dynamixel_sdk_inf/msg/detail/set_torque__functions.c.o[0m
[1.212s] [ 14%] [32mBuilding C object CMakeFiles/dynamixel_sdk_inf__rosidl_generator_c.dir/rosidl_generator_c/dynamixel_sdk_inf/srv/detail/set_mode__functions.c.o[0m
[1.212s] [ 12%] [32mBuilding C object CMakeFiles/dynamixel_sdk_inf__rosidl_generator_c.dir/rosidl_generator_c/dynamixel_sdk_inf/srv/detail/get_position__functions.c.o[0m
[1.213s] [ 14%] [32mBuilding C object CMakeFiles/dynamixel_sdk_inf__rosidl_generator_c.dir/rosidl_generator_c/dynamixel_sdk_inf/msg/detail/set_position__functions.c.o[0m
[1.221s] [ 15%] [32mBuilding C object CMakeFiles/dynamixel_sdk_inf__rosidl_generator_c.dir/rosidl_generator_c/dynamixel_sdk_inf/srv/detail/set_id__functions.c.o[0m
[1.302s] [ 17%] [32m[1mLinking C shared library libdynamixel_sdk_inf__rosidl_generator_c.so[0m
[1.333s] [ 17%] Built target dynamixel_sdk_inf__rosidl_generator_c
[1.343s] [ 22%] [34m[1mGenerating C type support for eProsima Fast-RTPS[0m
[1.343s] [ 22%] [34m[1mGenerating C type support dispatch for ROS interfaces[0m
[1.344s] [ 22%] [34m[1mGenerating C introspection for ROS interfaces[0m
[1.632s] [35m[1mConsolidate compiler generated dependencies of target dynamixel_sdk_inf__rosidl_typesupport_cpp[0m
[1.652s] [ 23%] [32mBuilding CXX object CMakeFiles/dynamixel_sdk_inf__rosidl_typesupport_cpp.dir/rosidl_typesupport_cpp/dynamixel_sdk_inf/msg/set_position__type_support.cpp.o[0m
[1.655s] [ 25%] [32mBuilding CXX object CMakeFiles/dynamixel_sdk_inf__rosidl_typesupport_cpp.dir/rosidl_typesupport_cpp/dynamixel_sdk_inf/msg/set_torque__type_support.cpp.o[0m
[1.667s] [ 26%] [32mBuilding CXX object CMakeFiles/dynamixel_sdk_inf__rosidl_typesupport_cpp.dir/rosidl_typesupport_cpp/dynamixel_sdk_inf/srv/get_position__type_support.cpp.o[0m
[1.670s] [35m[1mConsolidate compiler generated dependencies of target dynamixel_sdk_inf__rosidl_typesupport_fastrtps_cpp[0m
[1.753s] [ 28%] [32mBuilding CXX object CMakeFiles/dynamixel_sdk_inf__rosidl_typesupport_fastrtps_cpp.dir/rosidl_typesupport_fastrtps_cpp/dynamixel_sdk_inf/msg/detail/dds_fastrtps/set_position__type_support.cpp.o[0m
[1.945s] [35m[1mConsolidate compiler generated dependencies of target dynamixel_sdk_inf__rosidl_typesupport_c[0m
[1.953s] [35m[1mConsolidate compiler generated dependencies of target dynamixel_sdk_inf__rosidl_typesupport_introspection_cpp[0m
[1.965s] [ 30%] [32mBuilding CXX object CMakeFiles/dynamixel_sdk_inf__rosidl_typesupport_cpp.dir/rosidl_typesupport_cpp/dynamixel_sdk_inf/srv/set_mode__type_support.cpp.o[0m
[1.972s] [ 33%] [32mBuilding CXX object CMakeFiles/dynamixel_sdk_inf__rosidl_typesupport_c.dir/rosidl_typesupport_c/dynamixel_sdk_inf/msg/set_position__type_support.cpp.o[0m
[1.972s] [ 33%] [32mBuilding CXX object CMakeFiles/dynamixel_sdk_inf__rosidl_typesupport_introspection_cpp.dir/rosidl_typesupport_introspection_cpp/dynamixel_sdk_inf/msg/detail/set_position__type_support.cpp.o[0m
[1.982s] [ 34%] [32mBuilding CXX object CMakeFiles/dynamixel_sdk_inf__rosidl_typesupport_c.dir/rosidl_typesupport_c/dynamixel_sdk_inf/msg/set_torque__type_support.cpp.o[0m
[2.002s] [ 36%] [32mBuilding CXX object CMakeFiles/dynamixel_sdk_inf__rosidl_typesupport_c.dir/rosidl_typesupport_c/dynamixel_sdk_inf/srv/get_position__type_support.cpp.o[0m
[2.007s] [ 38%] [32mBuilding CXX object CMakeFiles/dynamixel_sdk_inf__rosidl_typesupport_cpp.dir/rosidl_typesupport_cpp/dynamixel_sdk_inf/srv/set_id__type_support.cpp.o[0m
[2.017s] [35m[1mConsolidate compiler generated dependencies of target dynamixel_sdk_inf__rosidl_typesupport_introspection_c[0m
[2.034s] [ 39%] [32mBuilding CXX object CMakeFiles/dynamixel_sdk_inf__rosidl_typesupport_c.dir/rosidl_typesupport_c/dynamixel_sdk_inf/srv/set_id__type_support.cpp.o[0m
[2.042s] [ 41%] [32mBuilding C object CMakeFiles/dynamixel_sdk_inf__rosidl_typesupport_introspection_c.dir/rosidl_typesupport_introspection_c/dynamixel_sdk_inf/msg/detail/set_position__type_support.c.o[0m
[2.051s] [ 42%] [32mBuilding CXX object CMakeFiles/dynamixel_sdk_inf__rosidl_typesupport_c.dir/rosidl_typesupport_c/dynamixel_sdk_inf/srv/set_mode__type_support.cpp.o[0m
[2.065s] [35m[1mConsolidate compiler generated dependencies of target dynamixel_sdk_inf__rosidl_typesupport_fastrtps_c[0m
[2.087s] [ 44%] [32mBuilding CXX object CMakeFiles/dynamixel_sdk_inf__rosidl_typesupport_introspection_cpp.dir/rosidl_typesupport_introspection_cpp/dynamixel_sdk_inf/msg/detail/set_torque__type_support.cpp.o[0m
[2.089s] [ 46%] [32mBuilding C object CMakeFiles/dynamixel_sdk_inf__rosidl_typesupport_introspection_c.dir/rosidl_typesupport_introspection_c/dynamixel_sdk_inf/msg/detail/set_torque__type_support.c.o[0m
[2.095s] [ 47%] [32m[1mLinking CXX shared library libdynamixel_sdk_inf__rosidl_typesupport_c.so[0m
[2.107s] [ 49%] [32mBuilding CXX object CMakeFiles/dynamixel_sdk_inf__rosidl_typesupport_fastrtps_c.dir/rosidl_typesupport_fastrtps_c/dynamixel_sdk_inf/msg/detail/set_position__type_support_c.cpp.o[0m
[2.147s] [ 50%] [32mBuilding C object CMakeFiles/dynamixel_sdk_inf__rosidl_typesupport_introspection_c.dir/rosidl_typesupport_introspection_c/dynamixel_sdk_inf/srv/detail/get_position__type_support.c.o[0m
[2.179s] [ 50%] Built target dynamixel_sdk_inf__rosidl_typesupport_c
[2.213s] [ 52%] [32mBuilding C object CMakeFiles/dynamixel_sdk_inf__rosidl_typesupport_introspection_c.dir/rosidl_typesupport_introspection_c/dynamixel_sdk_inf/srv/detail/set_mode__type_support.c.o[0m
[2.215s] [ 53%] [32mBuilding C object CMakeFiles/dynamixel_sdk_inf__rosidl_typesupport_introspection_c.dir/rosidl_typesupport_introspection_c/dynamixel_sdk_inf/srv/detail/set_id__type_support.c.o[0m
[2.224s] [ 55%] [32mBuilding CXX object CMakeFiles/dynamixel_sdk_inf__rosidl_typesupport_fastrtps_cpp.dir/rosidl_typesupport_fastrtps_cpp/dynamixel_sdk_inf/msg/detail/dds_fastrtps/set_torque__type_support.cpp.o[0m
[2.268s] [ 57%] [32mBuilding CXX object CMakeFiles/dynamixel_sdk_inf__rosidl_typesupport_fastrtps_c.dir/rosidl_typesupport_fastrtps_c/dynamixel_sdk_inf/msg/detail/set_torque__type_support_c.cpp.o[0m
[2.268s] [ 58%] [32mBuilding CXX object CMakeFiles/dynamixel_sdk_inf__rosidl_typesupport_fastrtps_cpp.dir/rosidl_typesupport_fastrtps_cpp/dynamixel_sdk_inf/srv/detail/dds_fastrtps/get_position__type_support.cpp.o[0m
[2.276s] [ 60%] [32m[1mLinking C shared library libdynamixel_sdk_inf__rosidl_typesupport_introspection_c.so[0m
[2.344s] [ 60%] Built target dynamixel_sdk_inf__rosidl_typesupport_introspection_c
[2.357s] [ 61%] [32mBuilding CXX object CMakeFiles/dynamixel_sdk_inf__rosidl_typesupport_fastrtps_c.dir/rosidl_typesupport_fastrtps_c/dynamixel_sdk_inf/srv/detail/get_position__type_support_c.cpp.o[0m
[2.377s] [ 63%] [32m[1mLinking CXX shared library libdynamixel_sdk_inf__rosidl_typesupport_cpp.so[0m
[2.488s] [ 65%] [32mBuilding CXX object CMakeFiles/dynamixel_sdk_inf__rosidl_typesupport_introspection_cpp.dir/rosidl_typesupport_introspection_cpp/dynamixel_sdk_inf/srv/detail/get_position__type_support.cpp.o[0m
[2.623s] [ 65%] Built target dynamixel_sdk_inf__rosidl_typesupport_cpp
[2.639s] [ 66%] [32mBuilding CXX object CMakeFiles/dynamixel_sdk_inf__rosidl_typesupport_introspection_cpp.dir/rosidl_typesupport_introspection_cpp/dynamixel_sdk_inf/srv/detail/set_mode__type_support.cpp.o[0m
[2.795s] [ 68%] [32mBuilding CXX object CMakeFiles/dynamixel_sdk_inf__rosidl_typesupport_introspection_cpp.dir/rosidl_typesupport_introspection_cpp/dynamixel_sdk_inf/srv/detail/set_id__type_support.cpp.o[0m
[2.971s] [ 69%] [32mBuilding CXX object CMakeFiles/dynamixel_sdk_inf__rosidl_typesupport_fastrtps_c.dir/rosidl_typesupport_fastrtps_c/dynamixel_sdk_inf/srv/detail/set_mode__type_support_c.cpp.o[0m
[3.007s] [ 71%] [32mBuilding CXX object CMakeFiles/dynamixel_sdk_inf__rosidl_typesupport_fastrtps_c.dir/rosidl_typesupport_fastrtps_c/dynamixel_sdk_inf/srv/detail/set_id__type_support_c.cpp.o[0m
[3.080s] [ 73%] [32mBuilding CXX object CMakeFiles/dynamixel_sdk_inf__rosidl_typesupport_fastrtps_cpp.dir/rosidl_typesupport_fastrtps_cpp/dynamixel_sdk_inf/srv/detail/dds_fastrtps/set_mode__type_support.cpp.o[0m
[3.098s] [ 74%] [32mBuilding CXX object CMakeFiles/dynamixel_sdk_inf__rosidl_typesupport_fastrtps_cpp.dir/rosidl_typesupport_fastrtps_cpp/dynamixel_sdk_inf/srv/detail/dds_fastrtps/set_id__type_support.cpp.o[0m
[3.574s] [ 76%] [32m[1mLinking CXX shared library libdynamixel_sdk_inf__rosidl_typesupport_introspection_cpp.so[0m
[3.708s] [ 76%] Built target dynamixel_sdk_inf__rosidl_typesupport_introspection_cpp
[3.742s] [ 77%] [32m[1mLinking CXX shared library libdynamixel_sdk_inf__rosidl_typesupport_fastrtps_c.so[0m
[3.840s] [ 77%] Built target dynamixel_sdk_inf__rosidl_typesupport_fastrtps_c
[3.884s] [ 79%] [32m[1mLinking CXX shared library libdynamixel_sdk_inf__rosidl_typesupport_fastrtps_cpp.so[0m
[3.964s] [ 79%] Built target dynamixel_sdk_inf__rosidl_typesupport_fastrtps_cpp
[3.986s] [ 79%] Built target dynamixel_sdk_inf
[4.007s] [ 80%] [34m[1mGenerating Python code for ROS interfaces[0m
[5.172s] [ 80%] Built target dynamixel_sdk_inf__py
[5.186s] [35m[1mConsolidate compiler generated dependencies of target dynamixel_sdk_inf__rosidl_generator_py[0m
[5.208s] [ 82%] [32mBuilding C object CMakeFiles/dynamixel_sdk_inf__rosidl_generator_py.dir/rosidl_generator_py/dynamixel_sdk_inf/msg/_set_position_s.c.o[0m
[5.210s] [ 84%] [32mBuilding C object CMakeFiles/dynamixel_sdk_inf__rosidl_generator_py.dir/rosidl_generator_py/dynamixel_sdk_inf/msg/_set_torque_s.c.o[0m
[5.211s] [ 85%] [32mBuilding C object CMakeFiles/dynamixel_sdk_inf__rosidl_generator_py.dir/rosidl_generator_py/dynamixel_sdk_inf/srv/_set_mode_s.c.o[0m
[5.212s] [ 87%] [32mBuilding C object CMakeFiles/dynamixel_sdk_inf__rosidl_generator_py.dir/rosidl_generator_py/dynamixel_sdk_inf/srv/_set_id_s.c.o[0m
[5.212s] [ 88%] [32mBuilding C object CMakeFiles/dynamixel_sdk_inf__rosidl_generator_py.dir/rosidl_generator_py/dynamixel_sdk_inf/srv/_get_position_s.c.o[0m
[5.403s] [ 90%] [32m[1mLinking C shared library rosidl_generator_py/dynamixel_sdk_inf/libdynamixel_sdk_inf__rosidl_generator_py.so[0m
[5.430s] [ 90%] Built target dynamixel_sdk_inf__rosidl_generator_py
[5.437s] [35m[1mConsolidate compiler generated dependencies of target dynamixel_sdk_inf__rosidl_typesupport_introspection_c__pyext[0m
[5.437s] [35m[1mConsolidate compiler generated dependencies of target dynamixel_sdk_inf__rosidl_typesupport_c__pyext[0m
[5.438s] [35m[1mConsolidate compiler generated dependencies of target dynamixel_sdk_inf__rosidl_typesupport_fastrtps_c__pyext[0m
[5.446s] [ 92%] [32mBuilding C object CMakeFiles/dynamixel_sdk_inf__rosidl_typesupport_c__pyext.dir/rosidl_generator_py/dynamixel_sdk_inf/_dynamixel_sdk_inf_s.ep.rosidl_typesupport_c.c.o[0m
[5.447s] [ 93%] [32mBuilding C object CMakeFiles/dynamixel_sdk_inf__rosidl_typesupport_fastrtps_c__pyext.dir/rosidl_generator_py/dynamixel_sdk_inf/_dynamixel_sdk_inf_s.ep.rosidl_typesupport_fastrtps_c.c.o[0m
[5.448s] [ 95%] [32mBuilding C object CMakeFiles/dynamixel_sdk_inf__rosidl_typesupport_introspection_c__pyext.dir/rosidl_generator_py/dynamixel_sdk_inf/_dynamixel_sdk_inf_s.ep.rosidl_typesupport_introspection_c.c.o[0m
[5.525s] [ 96%] [32m[1mLinking C shared library rosidl_generator_py/dynamixel_sdk_inf/dynamixel_sdk_inf_s__rosidl_typesupport_fastrtps_c.cpython-310-x86_64-linux-gnu.so[0m
[5.549s] [ 96%] Built target dynamixel_sdk_inf__rosidl_typesupport_fastrtps_c__pyext
[5.570s] [ 98%] [32m[1mLinking C shared library rosidl_generator_py/dynamixel_sdk_inf/dynamixel_sdk_inf_s__rosidl_typesupport_c.cpython-310-x86_64-linux-gnu.so[0m
[5.570s] [100%] [32m[1mLinking C shared library rosidl_generator_py/dynamixel_sdk_inf/dynamixel_sdk_inf_s__rosidl_typesupport_introspection_c.cpython-310-x86_64-linux-gnu.so[0m
[5.593s] [100%] Built target dynamixel_sdk_inf__rosidl_typesupport_introspection_c__pyext
[5.594s] [100%] Built target dynamixel_sdk_inf__rosidl_typesupport_c__pyext
[5.601s] Invoked command in '/home/proto/Manipulator/DynamixelSDK/build/dynamixel_sdk_inf' returned '0': CMAKE_PREFIX_PATH=/opt/ros/humble /usr/bin/cmake --build /home/proto/Manipulator/DynamixelSDK/build/dynamixel_sdk_inf -- -j8 -l8
[5.673s] Invoking command in '/home/proto/Manipulator/DynamixelSDK/build/dynamixel_sdk_inf': CMAKE_PREFIX_PATH=/opt/ros/humble /usr/bin/cmake --install /home/proto/Manipulator/DynamixelSDK/build/dynamixel_sdk_inf
[5.678s] -- Install configuration: ""
[5.678s] -- Up-to-date: /home/proto/Manipulator/DynamixelSDK/install/dynamixel_sdk_inf/share/ament_index/resource_index/rosidl_interfaces/dynamixel_sdk_inf
[5.678s] -- Up-to-date: /home/proto/Manipulator/DynamixelSDK/install/dynamixel_sdk_inf/include/dynamixel_sdk_inf/dynamixel_sdk_inf
[5.679s] -- Up-to-date: /home/proto/Manipulator/DynamixelSDK/install/dynamixel_sdk_inf/include/dynamixel_sdk_inf/dynamixel_sdk_inf/srv
[5.679s] -- Installing: /home/proto/Manipulator/DynamixelSDK/install/dynamixel_sdk_inf/include/dynamixel_sdk_inf/dynamixel_sdk_inf/srv/get_position.h
[5.679s] -- Up-to-date: /home/proto/Manipulator/DynamixelSDK/install/dynamixel_sdk_inf/include/dynamixel_sdk_inf/dynamixel_sdk_inf/srv/get_torquectrl.h
[5.679s] -- Up-to-date: /home/proto/Manipulator/DynamixelSDK/install/dynamixel_sdk_inf/include/dynamixel_sdk_inf/dynamixel_sdk_inf/srv/detail
[5.679s] -- Installing: /home/proto/Manipulator/DynamixelSDK/install/dynamixel_sdk_inf/include/dynamixel_sdk_inf/dynamixel_sdk_inf/srv/detail/get_position__functions.c
[5.679s] -- Installing: /home/proto/Manipulator/DynamixelSDK/install/dynamixel_sdk_inf/include/dynamixel_sdk_inf/dynamixel_sdk_inf/srv/detail/set_id__functions.c
[5.679s] -- Installing: /home/proto/Manipulator/DynamixelSDK/install/dynamixel_sdk_inf/include/dynamixel_sdk_inf/dynamixel_sdk_inf/srv/detail/set_mode__functions.h
[5.679s] -- Installing: /home/proto/Manipulator/DynamixelSDK/install/dynamixel_sdk_inf/include/dynamixel_sdk_inf/dynamixel_sdk_inf/srv/detail/set_id__functions.h
[5.679s] -- Installing: /home/proto/Manipulator/DynamixelSDK/install/dynamixel_sdk_inf/include/dynamixel_sdk_inf/dynamixel_sdk_inf/srv/detail/get_position__type_support.h
[5.679s] -- Installing: /home/proto/Manipulator/DynamixelSDK/install/dynamixel_sdk_inf/include/dynamixel_sdk_inf/dynamixel_sdk_inf/srv/detail/get_position__functions.h
[5.679s] -- Installing: /home/proto/Manipulator/DynamixelSDK/install/dynamixel_sdk_inf/include/dynamixel_sdk_inf/dynamixel_sdk_inf/srv/detail/set_mode__functions.c
[5.680s] -- Up-to-date: /home/proto/Manipulator/DynamixelSDK/install/dynamixel_sdk_inf/include/dynamixel_sdk_inf/dynamixel_sdk_inf/srv/detail/get_torquectrl__functions.h
[5.680s] -- Installing: /home/proto/Manipulator/DynamixelSDK/install/dynamixel_sdk_inf/include/dynamixel_sdk_inf/dynamixel_sdk_inf/srv/detail/set_id__struct.h
[5.680s] -- Up-to-date: /home/proto/Manipulator/DynamixelSDK/install/dynamixel_sdk_inf/include/dynamixel_sdk_inf/dynamixel_sdk_inf/srv/detail/get_torquectrl__struct.h
[5.680s] -- Installing: /home/proto/Manipulator/DynamixelSDK/install/dynamixel_sdk_inf/include/dynamixel_sdk_inf/dynamixel_sdk_inf/srv/detail/set_id__type_support.h
[5.680s] -- Installing: /home/proto/Manipulator/DynamixelSDK/install/dynamixel_sdk_inf/include/dynamixel_sdk_inf/dynamixel_sdk_inf/srv/detail/set_mode__struct.h
[5.680s] -- Up-to-date: /home/proto/Manipulator/DynamixelSDK/install/dynamixel_sdk_inf/include/dynamixel_sdk_inf/dynamixel_sdk_inf/srv/detail/get_torquectrl__type_support.h
[5.680s] -- Up-to-date: /home/proto/Manipulator/DynamixelSDK/install/dynamixel_sdk_inf/include/dynamixel_sdk_inf/dynamixel_sdk_inf/srv/detail/get_torquectrl__functions.c
[5.680s] -- Installing: /home/proto/Manipulator/DynamixelSDK/install/dynamixel_sdk_inf/include/dynamixel_sdk_inf/dynamixel_sdk_inf/srv/detail/set_mode__type_support.h
[5.680s] -- Installing: /home/proto/Manipulator/DynamixelSDK/install/dynamixel_sdk_inf/include/dynamixel_sdk_inf/dynamixel_sdk_inf/srv/detail/get_position__struct.h
[5.680s] -- Installing: /home/proto/Manipulator/DynamixelSDK/install/dynamixel_sdk_inf/include/dynamixel_sdk_inf/dynamixel_sdk_inf/srv/set_mode.h
[5.680s] -- Installing: /home/proto/Manipulator/DynamixelSDK/install/dynamixel_sdk_inf/include/dynamixel_sdk_inf/dynamixel_sdk_inf/srv/set_id.h
[5.680s] -- Up-to-date: /home/proto/Manipulator/DynamixelSDK/install/dynamixel_sdk_inf/include/dynamixel_sdk_inf/dynamixel_sdk_inf/msg
[5.681s] -- Up-to-date: /home/proto/Manipulator/DynamixelSDK/install/dynamixel_sdk_inf/include/dynamixel_sdk_inf/dynamixel_sdk_inf/msg/detail
[5.681s] -- Installing: /home/proto/Manipulator/DynamixelSDK/install/dynamixel_sdk_inf/include/dynamixel_sdk_inf/dynamixel_sdk_inf/msg/detail/set_position__type_support.h
[5.681s] -- Installing: /home/proto/Manipulator/DynamixelSDK/install/dynamixel_sdk_inf/include/dynamixel_sdk_inf/dynamixel_sdk_inf/msg/detail/set_torque__struct.h
[5.681s] -- Installing: /home/proto/Manipulator/DynamixelSDK/install/dynamixel_sdk_inf/include/dynamixel_sdk_inf/dynamixel_sdk_inf/msg/detail/set_position__struct.h
[5.681s] -- Installing: /home/proto/Manipulator/DynamixelSDK/install/dynamixel_sdk_inf/include/dynamixel_sdk_inf/dynamixel_sdk_inf/msg/detail/set_position__functions.c
[5.681s] -- Installing: /home/proto/Manipulator/DynamixelSDK/install/dynamixel_sdk_inf/include/dynamixel_sdk_inf/dynamixel_sdk_inf/msg/detail/set_position__functions.h
[5.681s] -- Installing: /home/proto/Manipulator/DynamixelSDK/install/dynamixel_sdk_inf/include/dynamixel_sdk_inf/dynamixel_sdk_inf/msg/detail/set_torque__type_support.h
[5.681s] -- Installing: /home/proto/Manipulator/DynamixelSDK/install/dynamixel_sdk_inf/include/dynamixel_sdk_inf/dynamixel_sdk_inf/msg/detail/set_torque__functions.h
[5.681s] -- Installing: /home/proto/Manipulator/DynamixelSDK/install/dynamixel_sdk_inf/include/dynamixel_sdk_inf/dynamixel_sdk_inf/msg/detail/set_torque__functions.c
[5.681s] -- Installing: /home/proto/Manipulator/DynamixelSDK/install/dynamixel_sdk_inf/include/dynamixel_sdk_inf/dynamixel_sdk_inf/msg/set_torque.h
[5.681s] -- Installing: /home/proto/Manipulator/DynamixelSDK/install/dynamixel_sdk_inf/include/dynamixel_sdk_inf/dynamixel_sdk_inf/msg/set_position.h
[5.681s] -- Up-to-date: /home/proto/Manipulator/DynamixelSDK/install/dynamixel_sdk_inf/include/dynamixel_sdk_inf/dynamixel_sdk_inf/msg/rosidl_generator_c__visibility_control.h
[5.681s] -- Up-to-date: /home/proto/Manipulator/DynamixelSDK/install/dynamixel_sdk_inf/share/dynamixel_sdk_inf/environment/library_path.sh
[5.681s] -- Installing: /home/proto/Manipulator/DynamixelSDK/install/dynamixel_sdk_inf/share/dynamixel_sdk_inf/environment/library_path.dsv
[5.682s] -- Installing: /home/proto/Manipulator/DynamixelSDK/install/dynamixel_sdk_inf/lib/libdynamixel_sdk_inf__rosidl_generator_c.so
[5.682s] -- Set runtime path of "/home/proto/Manipulator/DynamixelSDK/install/dynamixel_sdk_inf/lib/libdynamixel_sdk_inf__rosidl_generator_c.so" to ""
[5.682s] -- Up-to-date: /home/proto/Manipulator/DynamixelSDK/install/dynamixel_sdk_inf/include/dynamixel_sdk_inf/dynamixel_sdk_inf
[5.682s] -- Up-to-date: /home/proto/Manipulator/DynamixelSDK/install/dynamixel_sdk_inf/include/dynamixel_sdk_inf/dynamixel_sdk_inf/srv
[5.682s] -- Up-to-date: /home/proto/Manipulator/DynamixelSDK/install/dynamixel_sdk_inf/include/dynamixel_sdk_inf/dynamixel_sdk_inf/srv/detail
[5.682s] -- Installing: /home/proto/Manipulator/DynamixelSDK/install/dynamixel_sdk_inf/include/dynamixel_sdk_inf/dynamixel_sdk_inf/srv/detail/get_position__rosidl_typesupport_fastrtps_c.h
[5.682s] -- Installing: /home/proto/Manipulator/DynamixelSDK/install/dynamixel_sdk_inf/include/dynamixel_sdk_inf/dynamixel_sdk_inf/srv/detail/set_id__rosidl_typesupport_fastrtps_c.h
[5.682s] -- Installing: /home/proto/Manipulator/DynamixelSDK/install/dynamixel_sdk_inf/include/dynamixel_sdk_inf/dynamixel_sdk_inf/srv/detail/set_mode__rosidl_typesupport_fastrtps_c.h
[5.682s] -- Up-to-date: /home/proto/Manipulator/DynamixelSDK/install/dynamixel_sdk_inf/include/dynamixel_sdk_inf/dynamixel_sdk_inf/srv/detail/get_torquectrl__rosidl_typesupport_fastrtps_c.h
[5.682s] -- Up-to-date: /home/proto/Manipulator/DynamixelSDK/install/dynamixel_sdk_inf/include/dynamixel_sdk_inf/dynamixel_sdk_inf/msg
[5.682s] -- Up-to-date: /home/proto/Manipulator/DynamixelSDK/install/dynamixel_sdk_inf/include/dynamixel_sdk_inf/dynamixel_sdk_inf/msg/detail
[5.682s] -- Installing: /home/proto/Manipulator/DynamixelSDK/install/dynamixel_sdk_inf/include/dynamixel_sdk_inf/dynamixel_sdk_inf/msg/detail/set_position__rosidl_typesupport_fastrtps_c.h
[5.683s] -- Installing: /home/proto/Manipulator/DynamixelSDK/install/dynamixel_sdk_inf/include/dynamixel_sdk_inf/dynamixel_sdk_inf/msg/detail/set_torque__rosidl_typesupport_fastrtps_c.h
[5.683s] -- Up-to-date: /home/proto/Manipulator/DynamixelSDK/install/dynamixel_sdk_inf/include/dynamixel_sdk_inf/dynamixel_sdk_inf/msg/rosidl_typesupport_fastrtps_c__visibility_control.h
[5.683s] -- Installing: /home/proto/Manipulator/DynamixelSDK/install/dynamixel_sdk_inf/lib/libdynamixel_sdk_inf__rosidl_typesupport_fastrtps_c.so
[5.683s] -- Set runtime path of "/home/proto/Manipulator/DynamixelSDK/install/dynamixel_sdk_inf/lib/libdynamixel_sdk_inf__rosidl_typesupport_fastrtps_c.so" to ""
[5.683s] -- Up-to-date: /home/proto/Manipulator/DynamixelSDK/install/dynamixel_sdk_inf/include/dynamixel_sdk_inf/dynamixel_sdk_inf
[5.683s] -- Up-to-date: /home/proto/Manipulator/DynamixelSDK/install/dynamixel_sdk_inf/include/dynamixel_sdk_inf/dynamixel_sdk_inf/srv
[5.683s] -- Installing: /home/proto/Manipulator/DynamixelSDK/install/dynamixel_sdk_inf/include/dynamixel_sdk_inf/dynamixel_sdk_inf/srv/get_position.hpp
[5.683s] -- Installing: /home/proto/Manipulator/DynamixelSDK/install/dynamixel_sdk_inf/include/dynamixel_sdk_inf/dynamixel_sdk_inf/srv/set_id.hpp
[5.683s] -- Up-to-date: /home/proto/Manipulator/DynamixelSDK/install/dynamixel_sdk_inf/include/dynamixel_sdk_inf/dynamixel_sdk_inf/srv/detail
[5.683s] -- Up-to-date: /home/proto/Manipulator/DynamixelSDK/install/dynamixel_sdk_inf/include/dynamixel_sdk_inf/dynamixel_sdk_inf/srv/detail/get_torquectrl__traits.hpp
[5.683s] -- Installing: /home/proto/Manipulator/DynamixelSDK/install/dynamixel_sdk_inf/include/dynamixel_sdk_inf/dynamixel_sdk_inf/srv/detail/get_position__traits.hpp
[5.683s] -- Installing: /home/proto/Manipulator/DynamixelSDK/install/dynamixel_sdk_inf/include/dynamixel_sdk_inf/dynamixel_sdk_inf/srv/detail/set_id__traits.hpp
[5.683s] -- Installing: /home/proto/Manipulator/DynamixelSDK/install/dynamixel_sdk_inf/include/dynamixel_sdk_inf/dynamixel_sdk_inf/srv/detail/set_id__builder.hpp
[5.684s] -- Installing: /home/proto/Manipulator/DynamixelSDK/install/dynamixel_sdk_inf/include/dynamixel_sdk_inf/dynamixel_sdk_inf/srv/detail/get_position__struct.hpp
[5.684s] -- Up-to-date: /home/proto/Manipulator/DynamixelSDK/install/dynamixel_sdk_inf/include/dynamixel_sdk_inf/dynamixel_sdk_inf/srv/detail/get_torquectrl__builder.hpp
[5.684s] -- Installing: /home/proto/Manipulator/DynamixelSDK/install/dynamixel_sdk_inf/include/dynamixel_sdk_inf/dynamixel_sdk_inf/srv/detail/set_id__struct.hpp
[5.684s] -- Up-to-date: /home/proto/Manipulator/DynamixelSDK/install/dynamixel_sdk_inf/include/dynamixel_sdk_inf/dynamixel_sdk_inf/srv/detail/get_torquectrl__struct.hpp
[5.684s] -- Installing: /home/proto/Manipulator/DynamixelSDK/install/dynamixel_sdk_inf/include/dynamixel_sdk_inf/dynamixel_sdk_inf/srv/detail/get_position__builder.hpp
[5.684s] -- Installing: /home/proto/Manipulator/DynamixelSDK/install/dynamixel_sdk_inf/include/dynamixel_sdk_inf/dynamixel_sdk_inf/srv/detail/set_mode__struct.hpp
[5.684s] -- Installing: /home/proto/Manipulator/DynamixelSDK/install/dynamixel_sdk_inf/include/dynamixel_sdk_inf/dynamixel_sdk_inf/srv/detail/set_mode__builder.hpp
[5.684s] -- Installing: /home/proto/Manipulator/DynamixelSDK/install/dynamixel_sdk_inf/include/dynamixel_sdk_inf/dynamixel_sdk_inf/srv/detail/set_mode__traits.hpp
[5.684s] -- Installing: /home/proto/Manipulator/DynamixelSDK/install/dynamixel_sdk_inf/include/dynamixel_sdk_inf/dynamixel_sdk_inf/srv/set_mode.hpp
[5.684s] -- Up-to-date: /home/proto/Manipulator/DynamixelSDK/install/dynamixel_sdk_inf/include/dynamixel_sdk_inf/dynamixel_sdk_inf/srv/get_torquectrl.hpp
[5.684s] -- Up-to-date: /home/proto/Manipulator/DynamixelSDK/install/dynamixel_sdk_inf/include/dynamixel_sdk_inf/dynamixel_sdk_inf/msg
[5.684s] -- Installing: /home/proto/Manipulator/DynamixelSDK/install/dynamixel_sdk_inf/include/dynamixel_sdk_inf/dynamixel_sdk_inf/msg/set_torque.hpp
[5.685s] -- Up-to-date: /home/proto/Manipulator/DynamixelSDK/install/dynamixel_sdk_inf/include/dynamixel_sdk_inf/dynamixel_sdk_inf/msg/detail
[5.685s] -- Installing: /home/proto/Manipulator/DynamixelSDK/install/dynamixel_sdk_inf/include/dynamixel_sdk_inf/dynamixel_sdk_inf/msg/detail/set_torque__builder.hpp
[5.685s] -- Installing: /home/proto/Manipulator/DynamixelSDK/install/dynamixel_sdk_inf/include/dynamixel_sdk_inf/dynamixel_sdk_inf/msg/detail/set_torque__traits.hpp
[5.685s] -- Installing: /home/proto/Manipulator/DynamixelSDK/install/dynamixel_sdk_inf/include/dynamixel_sdk_inf/dynamixel_sdk_inf/msg/detail/set_torque__struct.hpp
[5.685s] -- Installing: /home/proto/Manipulator/DynamixelSDK/install/dynamixel_sdk_inf/include/dynamixel_sdk_inf/dynamixel_sdk_inf/msg/detail/set_position__builder.hpp
[5.685s] -- Installing: /home/proto/Manipulator/DynamixelSDK/install/dynamixel_sdk_inf/include/dynamixel_sdk_inf/dynamixel_sdk_inf/msg/detail/set_position__traits.hpp
[5.685s] -- Installing: /home/proto/Manipulator/DynamixelSDK/install/dynamixel_sdk_inf/include/dynamixel_sdk_inf/dynamixel_sdk_inf/msg/detail/set_position__struct.hpp
[5.685s] -- Installing: /home/proto/Manipulator/DynamixelSDK/install/dynamixel_sdk_inf/include/dynamixel_sdk_inf/dynamixel_sdk_inf/msg/set_position.hpp
[5.685s] -- Up-to-date: /home/proto/Manipulator/DynamixelSDK/install/dynamixel_sdk_inf/include/dynamixel_sdk_inf/dynamixel_sdk_inf
[5.685s] -- Up-to-date: /home/proto/Manipulator/DynamixelSDK/install/dynamixel_sdk_inf/include/dynamixel_sdk_inf/dynamixel_sdk_inf/srv
[5.685s] -- Up-to-date: /home/proto/Manipulator/DynamixelSDK/install/dynamixel_sdk_inf/include/dynamixel_sdk_inf/dynamixel_sdk_inf/srv/detail
[5.685s] -- Installing: /home/proto/Manipulator/DynamixelSDK/install/dynamixel_sdk_inf/include/dynamixel_sdk_inf/dynamixel_sdk_inf/srv/detail/get_position__rosidl_typesupport_fastrtps_cpp.hpp
[5.685s] -- Installing: /home/proto/Manipulator/DynamixelSDK/install/dynamixel_sdk_inf/include/dynamixel_sdk_inf/dynamixel_sdk_inf/srv/detail/set_id__rosidl_typesupport_fastrtps_cpp.hpp
[5.686s] -- Installing: /home/proto/Manipulator/DynamixelSDK/install/dynamixel_sdk_inf/include/dynamixel_sdk_inf/dynamixel_sdk_inf/srv/detail/set_mode__rosidl_typesupport_fastrtps_cpp.hpp
[5.686s] -- Up-to-date: /home/proto/Manipulator/DynamixelSDK/install/dynamixel_sdk_inf/include/dynamixel_sdk_inf/dynamixel_sdk_inf/srv/detail/get_torquectrl__rosidl_typesupport_fastrtps_cpp.hpp
[5.686s] -- Up-to-date: /home/proto/Manipulator/DynamixelSDK/install/dynamixel_sdk_inf/include/dynamixel_sdk_inf/dynamixel_sdk_inf/srv/detail/dds_fastrtps
[5.686s] -- Up-to-date: /home/proto/Manipulator/DynamixelSDK/install/dynamixel_sdk_inf/include/dynamixel_sdk_inf/dynamixel_sdk_inf/msg
[5.686s] -- Up-to-date: /home/proto/Manipulator/DynamixelSDK/install/dynamixel_sdk_inf/include/dynamixel_sdk_inf/dynamixel_sdk_inf/msg/detail
[5.686s] -- Installing: /home/proto/Manipulator/DynamixelSDK/install/dynamixel_sdk_inf/include/dynamixel_sdk_inf/dynamixel_sdk_inf/msg/detail/set_position__rosidl_typesupport_fastrtps_cpp.hpp
[5.686s] -- Up-to-date: /home/proto/Manipulator/DynamixelSDK/install/dynamixel_sdk_inf/include/dynamixel_sdk_inf/dynamixel_sdk_inf/msg/detail/dds_fastrtps
[5.686s] -- Installing: /home/proto/Manipulator/DynamixelSDK/install/dynamixel_sdk_inf/include/dynamixel_sdk_inf/dynamixel_sdk_inf/msg/detail/set_torque__rosidl_typesupport_fastrtps_cpp.hpp
[5.686s] -- Up-to-date: /home/proto/Manipulator/DynamixelSDK/install/dynamixel_sdk_inf/include/dynamixel_sdk_inf/dynamixel_sdk_inf/msg/rosidl_typesupport_fastrtps_cpp__visibility_control.h
[5.686s] -- Installing: /home/proto/Manipulator/DynamixelSDK/install/dynamixel_sdk_inf/lib/libdynamixel_sdk_inf__rosidl_typesupport_fastrtps_cpp.so
[5.686s] -- Set runtime path of "/home/proto/Manipulator/DynamixelSDK/install/dynamixel_sdk_inf/lib/libdynamixel_sdk_inf__rosidl_typesupport_fastrtps_cpp.so" to ""
[5.686s] -- Up-to-date: /home/proto/Manipulator/DynamixelSDK/install/dynamixel_sdk_inf/include/dynamixel_sdk_inf/dynamixel_sdk_inf
[5.686s] -- Up-to-date: /home/proto/Manipulator/DynamixelSDK/install/dynamixel_sdk_inf/include/dynamixel_sdk_inf/dynamixel_sdk_inf/srv
[5.687s] -- Up-to-date: /home/proto/Manipulator/DynamixelSDK/install/dynamixel_sdk_inf/include/dynamixel_sdk_inf/dynamixel_sdk_inf/srv/detail
[5.687s] -- Up-to-date: /home/proto/Manipulator/DynamixelSDK/install/dynamixel_sdk_inf/include/dynamixel_sdk_inf/dynamixel_sdk_inf/srv/detail/get_torquectrl__rosidl_typesupport_introspection_c.h
[5.687s] -- Installing: /home/proto/Manipulator/DynamixelSDK/install/dynamixel_sdk_inf/include/dynamixel_sdk_inf/dynamixel_sdk_inf/srv/detail/set_id__type_support.c
[5.687s] -- Up-to-date: /home/proto/Manipulator/DynamixelSDK/install/dynamixel_sdk_inf/include/dynamixel_sdk_inf/dynamixel_sdk_inf/srv/detail/get_torquectrl__type_support.c
[5.687s] -- Installing: /home/proto/Manipulator/DynamixelSDK/install/dynamixel_sdk_inf/include/dynamixel_sdk_inf/dynamixel_sdk_inf/srv/detail/get_position__type_support.c
[5.687s] -- Installing: /home/proto/Manipulator/DynamixelSDK/install/dynamixel_sdk_inf/include/dynamixel_sdk_inf/dynamixel_sdk_inf/srv/detail/set_mode__type_support.c
[5.687s] -- Installing: /home/proto/Manipulator/DynamixelSDK/install/dynamixel_sdk_inf/include/dynamixel_sdk_inf/dynamixel_sdk_inf/srv/detail/get_position__rosidl_typesupport_introspection_c.h
[5.687s] -- Installing: /home/proto/Manipulator/DynamixelSDK/install/dynamixel_sdk_inf/include/dynamixel_sdk_inf/dynamixel_sdk_inf/srv/detail/set_id__rosidl_typesupport_introspection_c.h
[5.687s] -- Installing: /home/proto/Manipulator/DynamixelSDK/install/dynamixel_sdk_inf/include/dynamixel_sdk_inf/dynamixel_sdk_inf/srv/detail/set_mode__rosidl_typesupport_introspection_c.h
[5.687s] -- Up-to-date: /home/proto/Manipulator/DynamixelSDK/install/dynamixel_sdk_inf/include/dynamixel_sdk_inf/dynamixel_sdk_inf/msg
[5.687s] -- Up-to-date: /home/proto/Manipulator/DynamixelSDK/install/dynamixel_sdk_inf/include/dynamixel_sdk_inf/dynamixel_sdk_inf/msg/rosidl_typesupport_introspection_c__visibility_control.h
[5.687s] -- Up-to-date: /home/proto/Manipulator/DynamixelSDK/install/dynamixel_sdk_inf/include/dynamixel_sdk_inf/dynamixel_sdk_inf/msg/detail
[5.687s] -- Installing: /home/proto/Manipulator/DynamixelSDK/install/dynamixel_sdk_inf/include/dynamixel_sdk_inf/dynamixel_sdk_inf/msg/detail/set_torque__rosidl_typesupport_introspection_c.h
[5.687s] -- Installing: /home/proto/Manipulator/DynamixelSDK/install/dynamixel_sdk_inf/include/dynamixel_sdk_inf/dynamixel_sdk_inf/msg/detail/set_position__type_support.c
[5.688s] -- Installing: /home/proto/Manipulator/DynamixelSDK/install/dynamixel_sdk_inf/include/dynamixel_sdk_inf/dynamixel_sdk_inf/msg/detail/set_torque__type_support.c
[5.688s] -- Installing: /home/proto/Manipulator/DynamixelSDK/install/dynamixel_sdk_inf/include/dynamixel_sdk_inf/dynamixel_sdk_inf/msg/detail/set_position__rosidl_typesupport_introspection_c.h
[5.688s] -- Installing: /home/proto/Manipulator/DynamixelSDK/install/dynamixel_sdk_inf/lib/libdynamixel_sdk_inf__rosidl_typesupport_introspection_c.so
[5.688s] -- Set runtime path of "/home/proto/Manipulator/DynamixelSDK/install/dynamixel_sdk_inf/lib/libdynamixel_sdk_inf__rosidl_typesupport_introspection_c.so" to ""
[5.688s] -- Installing: /home/proto/Manipulator/DynamixelSDK/install/dynamixel_sdk_inf/lib/libdynamixel_sdk_inf__rosidl_typesupport_c.so
[5.688s] -- Set runtime path of "/home/proto/Manipulator/DynamixelSDK/install/dynamixel_sdk_inf/lib/libdynamixel_sdk_inf__rosidl_typesupport_c.so" to ""
[5.688s] -- Up-to-date: /home/proto/Manipulator/DynamixelSDK/install/dynamixel_sdk_inf/include/dynamixel_sdk_inf/dynamixel_sdk_inf
[5.688s] -- Up-to-date: /home/proto/Manipulator/DynamixelSDK/install/dynamixel_sdk_inf/include/dynamixel_sdk_inf/dynamixel_sdk_inf/srv
[5.688s] -- Up-to-date: /home/proto/Manipulator/DynamixelSDK/install/dynamixel_sdk_inf/include/dynamixel_sdk_inf/dynamixel_sdk_inf/srv/detail
[5.688s] -- Installing: /home/proto/Manipulator/DynamixelSDK/install/dynamixel_sdk_inf/include/dynamixel_sdk_inf/dynamixel_sdk_inf/srv/detail/get_position__type_support.cpp
[5.688s] -- Up-to-date: /home/proto/Manipulator/DynamixelSDK/install/dynamixel_sdk_inf/include/dynamixel_sdk_inf/dynamixel_sdk_inf/srv/detail/get_torquectrl__rosidl_typesupport_introspection_cpp.hpp
[5.688s] -- Installing: /home/proto/Manipulator/DynamixelSDK/install/dynamixel_sdk_inf/include/dynamixel_sdk_inf/dynamixel_sdk_inf/srv/detail/get_position__rosidl_typesupport_introspection_cpp.hpp
[5.689s] -- Up-to-date: /home/proto/Manipulator/DynamixelSDK/install/dynamixel_sdk_inf/include/dynamixel_sdk_inf/dynamixel_sdk_inf/srv/detail/get_torquectrl__type_support.cpp
[5.689s] -- Installing: /home/proto/Manipulator/DynamixelSDK/install/dynamixel_sdk_inf/include/dynamixel_sdk_inf/dynamixel_sdk_inf/srv/detail/set_mode__rosidl_typesupport_introspection_cpp.hpp
[5.689s] -- Installing: /home/proto/Manipulator/DynamixelSDK/install/dynamixel_sdk_inf/include/dynamixel_sdk_inf/dynamixel_sdk_inf/srv/detail/set_mode__type_support.cpp
[5.689s] -- Installing: /home/proto/Manipulator/DynamixelSDK/install/dynamixel_sdk_inf/include/dynamixel_sdk_inf/dynamixel_sdk_inf/srv/detail/set_id__rosidl_typesupport_introspection_cpp.hpp
[5.689s] -- Installing: /home/proto/Manipulator/DynamixelSDK/install/dynamixel_sdk_inf/include/dynamixel_sdk_inf/dynamixel_sdk_inf/srv/detail/set_id__type_support.cpp
[5.689s] -- Up-to-date: /home/proto/Manipulator/DynamixelSDK/install/dynamixel_sdk_inf/include/dynamixel_sdk_inf/dynamixel_sdk_inf/msg
[5.689s] -- Up-to-date: /home/proto/Manipulator/DynamixelSDK/install/dynamixel_sdk_inf/include/dynamixel_sdk_inf/dynamixel_sdk_inf/msg/detail
[5.689s] -- Installing: /home/proto/Manipulator/DynamixelSDK/install/dynamixel_sdk_inf/include/dynamixel_sdk_inf/dynamixel_sdk_inf/msg/detail/set_position__type_support.cpp
[5.689s] -- Installing: /home/proto/Manipulator/DynamixelSDK/install/dynamixel_sdk_inf/include/dynamixel_sdk_inf/dynamixel_sdk_inf/msg/detail/set_position__rosidl_typesupport_introspection_cpp.hpp
[5.689s] -- Installing: /home/proto/Manipulator/DynamixelSDK/install/dynamixel_sdk_inf/include/dynamixel_sdk_inf/dynamixel_sdk_inf/msg/detail/set_torque__rosidl_typesupport_introspection_cpp.hpp
[5.689s] -- Installing: /home/proto/Manipulator/DynamixelSDK/install/dynamixel_sdk_inf/include/dynamixel_sdk_inf/dynamixel_sdk_inf/msg/detail/set_torque__type_support.cpp
[5.689s] -- Installing: /home/proto/Manipulator/DynamixelSDK/install/dynamixel_sdk_inf/lib/libdynamixel_sdk_inf__rosidl_typesupport_introspection_cpp.so
[5.689s] -- Set runtime path of "/home/proto/Manipulator/DynamixelSDK/install/dynamixel_sdk_inf/lib/libdynamixel_sdk_inf__rosidl_typesupport_introspection_cpp.so" to ""
[5.689s] -- Installing: /home/proto/Manipulator/DynamixelSDK/install/dynamixel_sdk_inf/lib/libdynamixel_sdk_inf__rosidl_typesupport_cpp.so
[5.690s] -- Set runtime path of "/home/proto/Manipulator/DynamixelSDK/install/dynamixel_sdk_inf/lib/libdynamixel_sdk_inf__rosidl_typesupport_cpp.so" to ""
[5.690s] -- Up-to-date: /home/proto/Manipulator/DynamixelSDK/install/dynamixel_sdk_inf/share/dynamixel_sdk_inf/environment/pythonpath.sh
[5.690s] -- Installing: /home/proto/Manipulator/DynamixelSDK/install/dynamixel_sdk_inf/share/dynamixel_sdk_inf/environment/pythonpath.dsv
[5.690s] -- Up-to-date: /home/proto/Manipulator/DynamixelSDK/install/dynamixel_sdk_inf/local/lib/python3.10/dist-packages/dynamixel_sdk_inf-3.7.40-py3.10.egg-info
[5.690s] -- Installing: /home/proto/Manipulator/DynamixelSDK/install/dynamixel_sdk_inf/local/lib/python3.10/dist-packages/dynamixel_sdk_inf-3.7.40-py3.10.egg-info/SOURCES.txt
[5.690s] -- Installing: /home/proto/Manipulator/DynamixelSDK/install/dynamixel_sdk_inf/local/lib/python3.10/dist-packages/dynamixel_sdk_inf-3.7.40-py3.10.egg-info/PKG-INFO
[5.690s] -- Installing: /home/proto/Manipulator/DynamixelSDK/install/dynamixel_sdk_inf/local/lib/python3.10/dist-packages/dynamixel_sdk_inf-3.7.40-py3.10.egg-info/dependency_links.txt
[5.690s] -- Installing: /home/proto/Manipulator/DynamixelSDK/install/dynamixel_sdk_inf/local/lib/python3.10/dist-packages/dynamixel_sdk_inf-3.7.40-py3.10.egg-info/top_level.txt
[5.690s] -- Up-to-date: /home/proto/Manipulator/DynamixelSDK/install/dynamixel_sdk_inf/local/lib/python3.10/dist-packages/dynamixel_sdk_inf
[5.690s] -- Installing: /home/proto/Manipulator/DynamixelSDK/install/dynamixel_sdk_inf/local/lib/python3.10/dist-packages/dynamixel_sdk_inf/dynamixel_sdk_inf_s__rosidl_typesupport_fastrtps_c.cpython-310-x86_64-linux-gnu.so
[5.690s] -- Up-to-date: /home/proto/Manipulator/DynamixelSDK/install/dynamixel_sdk_inf/local/lib/python3.10/dist-packages/dynamixel_sdk_inf/srv
[5.690s] -- Installing: /home/proto/Manipulator/DynamixelSDK/install/dynamixel_sdk_inf/local/lib/python3.10/dist-packages/dynamixel_sdk_inf/srv/_set_mode.py
[5.691s] -- Installing: /home/proto/Manipulator/DynamixelSDK/install/dynamixel_sdk_inf/local/lib/python3.10/dist-packages/dynamixel_sdk_inf/srv/_set_mode_s.c
[5.691s] -- Installing: /home/proto/Manipulator/DynamixelSDK/install/dynamixel_sdk_inf/local/lib/python3.10/dist-packages/dynamixel_sdk_inf/srv/__init__.py
[5.691s] -- Up-to-date: /home/proto/Manipulator/DynamixelSDK/install/dynamixel_sdk_inf/local/lib/python3.10/dist-packages/dynamixel_sdk_inf/srv/_get_torquectrl.py
[5.691s] -- Installing: /home/proto/Manipulator/DynamixelSDK/install/dynamixel_sdk_inf/local/lib/python3.10/dist-packages/dynamixel_sdk_inf/srv/_get_position_s.c
[5.691s] -- Installing: /home/proto/Manipulator/DynamixelSDK/install/dynamixel_sdk_inf/local/lib/python3.10/dist-packages/dynamixel_sdk_inf/srv/_get_position.py
[5.691s] -- Up-to-date: /home/proto/Manipulator/DynamixelSDK/install/dynamixel_sdk_inf/local/lib/python3.10/dist-packages/dynamixel_sdk_inf/srv/_get_torquectrl_s.c
[5.691s] -- Installing: /home/proto/Manipulator/DynamixelSDK/install/dynamixel_sdk_inf/local/lib/python3.10/dist-packages/dynamixel_sdk_inf/srv/_set_id_s.c
[5.691s] -- Installing: /home/proto/Manipulator/DynamixelSDK/install/dynamixel_sdk_inf/local/lib/python3.10/dist-packages/dynamixel_sdk_inf/srv/_set_id.py
[5.691s] -- Up-to-date: /home/proto/Manipulator/DynamixelSDK/install/dynamixel_sdk_inf/local/lib/python3.10/dist-packages/dynamixel_sdk_inf/msg
[5.691s] -- Installing: /home/proto/Manipulator/DynamixelSDK/install/dynamixel_sdk_inf/local/lib/python3.10/dist-packages/dynamixel_sdk_inf/msg/_set_position_s.c
[5.691s] -- Installing: /home/proto/Manipulator/DynamixelSDK/install/dynamixel_sdk_inf/local/lib/python3.10/dist-packages/dynamixel_sdk_inf/msg/__init__.py
[5.691s] -- Installing: /home/proto/Manipulator/DynamixelSDK/install/dynamixel_sdk_inf/local/lib/python3.10/dist-packages/dynamixel_sdk_inf/msg/_set_torque.py
[5.692s] -- Installing: /home/proto/Manipulator/DynamixelSDK/install/dynamixel_sdk_inf/local/lib/python3.10/dist-packages/dynamixel_sdk_inf/msg/_set_position.py
[5.692s] -- Installing: /home/proto/Manipulator/DynamixelSDK/install/dynamixel_sdk_inf/local/lib/python3.10/dist-packages/dynamixel_sdk_inf/msg/_set_torque_s.c
[5.692s] -- Installing: /home/proto/Manipulator/DynamixelSDK/install/dynamixel_sdk_inf/local/lib/python3.10/dist-packages/dynamixel_sdk_inf/__init__.py
[5.692s] -- Installing: /home/proto/Manipulator/DynamixelSDK/install/dynamixel_sdk_inf/local/lib/python3.10/dist-packages/dynamixel_sdk_inf/_dynamixel_sdk_inf_s.ep.rosidl_typesupport_c.c
[5.692s] -- Installing: /home/proto/Manipulator/DynamixelSDK/install/dynamixel_sdk_inf/local/lib/python3.10/dist-packages/dynamixel_sdk_inf/_dynamixel_sdk_inf_s.ep.rosidl_typesupport_introspection_c.c
[5.692s] -- Installing: /home/proto/Manipulator/DynamixelSDK/install/dynamixel_sdk_inf/local/lib/python3.10/dist-packages/dynamixel_sdk_inf/dynamixel_sdk_inf_s__rosidl_typesupport_c.cpython-310-x86_64-linux-gnu.so
[5.692s] -- Installing: /home/proto/Manipulator/DynamixelSDK/install/dynamixel_sdk_inf/local/lib/python3.10/dist-packages/dynamixel_sdk_inf/libdynamixel_sdk_inf__rosidl_generator_py.so
[5.692s] -- Installing: /home/proto/Manipulator/DynamixelSDK/install/dynamixel_sdk_inf/local/lib/python3.10/dist-packages/dynamixel_sdk_inf/dynamixel_sdk_inf_s__rosidl_typesupport_introspection_c.cpython-310-x86_64-linux-gnu.so
[5.692s] -- Installing: /home/proto/Manipulator/DynamixelSDK/install/dynamixel_sdk_inf/local/lib/python3.10/dist-packages/dynamixel_sdk_inf/_dynamixel_sdk_inf_s.ep.rosidl_typesupport_fastrtps_c.c
[5.719s] Listing '/home/proto/Manipulator/DynamixelSDK/install/dynamixel_sdk_inf/local/lib/python3.10/dist-packages/dynamixel_sdk_inf'...
[5.719s] Compiling '/home/proto/Manipulator/DynamixelSDK/install/dynamixel_sdk_inf/local/lib/python3.10/dist-packages/dynamixel_sdk_inf/__init__.py'...
[5.719s] Listing '/home/proto/Manipulator/DynamixelSDK/install/dynamixel_sdk_inf/local/lib/python3.10/dist-packages/dynamixel_sdk_inf/msg'...
[5.719s] Compiling '/home/proto/Manipulator/DynamixelSDK/install/dynamixel_sdk_inf/local/lib/python3.10/dist-packages/dynamixel_sdk_inf/msg/__init__.py'...
[5.719s] Compiling '/home/proto/Manipulator/DynamixelSDK/install/dynamixel_sdk_inf/local/lib/python3.10/dist-packages/dynamixel_sdk_inf/msg/_set_position.py'...
[5.719s] Compiling '/home/proto/Manipulator/DynamixelSDK/install/dynamixel_sdk_inf/local/lib/python3.10/dist-packages/dynamixel_sdk_inf/msg/_set_torque.py'...
[5.720s] Listing '/home/proto/Manipulator/DynamixelSDK/install/dynamixel_sdk_inf/local/lib/python3.10/dist-packages/dynamixel_sdk_inf/srv'...
[5.720s] Compiling '/home/proto/Manipulator/DynamixelSDK/install/dynamixel_sdk_inf/local/lib/python3.10/dist-packages/dynamixel_sdk_inf/srv/__init__.py'...
[5.720s] Compiling '/home/proto/Manipulator/DynamixelSDK/install/dynamixel_sdk_inf/local/lib/python3.10/dist-packages/dynamixel_sdk_inf/srv/_get_position.py'...
[5.720s] Compiling '/home/proto/Manipulator/DynamixelSDK/install/dynamixel_sdk_inf/local/lib/python3.10/dist-packages/dynamixel_sdk_inf/srv/_set_id.py'...
[5.720s] Compiling '/home/proto/Manipulator/DynamixelSDK/install/dynamixel_sdk_inf/local/lib/python3.10/dist-packages/dynamixel_sdk_inf/srv/_set_mode.py'...
[5.723s] -- Installing: /home/proto/Manipulator/DynamixelSDK/install/dynamixel_sdk_inf/local/lib/python3.10/dist-packages/dynamixel_sdk_inf/dynamixel_sdk_inf_s__rosidl_typesupport_fastrtps_c.cpython-310-x86_64-linux-gnu.so
[5.723s] -- Set runtime path of "/home/proto/Manipulator/DynamixelSDK/install/dynamixel_sdk_inf/local/lib/python3.10/dist-packages/dynamixel_sdk_inf/dynamixel_sdk_inf_s__rosidl_typesupport_fastrtps_c.cpython-310-x86_64-linux-gnu.so" to ""
[5.723s] -- Installing: /home/proto/Manipulator/DynamixelSDK/install/dynamixel_sdk_inf/local/lib/python3.10/dist-packages/dynamixel_sdk_inf/dynamixel_sdk_inf_s__rosidl_typesupport_introspection_c.cpython-310-x86_64-linux-gnu.so
[5.723s] -- Set runtime path of "/home/proto/Manipulator/DynamixelSDK/install/dynamixel_sdk_inf/local/lib/python3.10/dist-packages/dynamixel_sdk_inf/dynamixel_sdk_inf_s__rosidl_typesupport_introspection_c.cpython-310-x86_64-linux-gnu.so" to ""
[5.723s] -- Installing: /home/proto/Manipulator/DynamixelSDK/install/dynamixel_sdk_inf/local/lib/python3.10/dist-packages/dynamixel_sdk_inf/dynamixel_sdk_inf_s__rosidl_typesupport_c.cpython-310-x86_64-linux-gnu.so
[5.723s] -- Set runtime path of "/home/proto/Manipulator/DynamixelSDK/install/dynamixel_sdk_inf/local/lib/python3.10/dist-packages/dynamixel_sdk_inf/dynamixel_sdk_inf_s__rosidl_typesupport_c.cpython-310-x86_64-linux-gnu.so" to ""
[5.723s] -- Installing: /home/proto/Manipulator/DynamixelSDK/install/dynamixel_sdk_inf/lib/libdynamixel_sdk_inf__rosidl_generator_py.so
[5.724s] -- Set runtime path of "/home/proto/Manipulator/DynamixelSDK/install/dynamixel_sdk_inf/lib/libdynamixel_sdk_inf__rosidl_generator_py.so" to ""
[5.724s] -- Up-to-date: /home/proto/Manipulator/DynamixelSDK/install/dynamixel_sdk_inf/share/dynamixel_sdk_inf/msg/SetPosition.idl
[5.724s] -- Up-to-date: /home/proto/Manipulator/DynamixelSDK/install/dynamixel_sdk_inf/share/dynamixel_sdk_inf/msg/SetTorque.idl
[5.724s] -- Up-to-date: /home/proto/Manipulator/DynamixelSDK/install/dynamixel_sdk_inf/share/dynamixel_sdk_inf/srv/GetPosition.idl
[5.724s] -- Installing: /home/proto/Manipulator/DynamixelSDK/install/dynamixel_sdk_inf/share/dynamixel_sdk_inf/srv/SetMode.idl
[5.724s] -- Up-to-date: /home/proto/Manipulator/DynamixelSDK/install/dynamixel_sdk_inf/share/dynamixel_sdk_inf/srv/SetId.idl
[5.724s] -- Up-to-date: /home/proto/Manipulator/DynamixelSDK/install/dynamixel_sdk_inf/share/dynamixel_sdk_inf/msg/SetPosition.msg
[5.724s] -- Up-to-date: /home/proto/Manipulator/DynamixelSDK/install/dynamixel_sdk_inf/share/dynamixel_sdk_inf/msg/SetTorque.msg
[5.724s] -- Up-to-date: /home/proto/Manipulator/DynamixelSDK/install/dynamixel_sdk_inf/share/dynamixel_sdk_inf/srv/GetPosition.srv
[5.724s] -- Up-to-date: /home/proto/Manipulator/DynamixelSDK/install/dynamixel_sdk_inf/share/dynamixel_sdk_inf/srv/GetPosition_Request.msg
[5.724s] -- Up-to-date: /home/proto/Manipulator/DynamixelSDK/install/dynamixel_sdk_inf/share/dynamixel_sdk_inf/srv/GetPosition_Response.msg
[5.724s] -- Installing: /home/proto/Manipulator/DynamixelSDK/install/dynamixel_sdk_inf/share/dynamixel_sdk_inf/srv/SetMode.srv
[5.724s] -- Installing: /home/proto/Manipulator/DynamixelSDK/install/dynamixel_sdk_inf/share/dynamixel_sdk_inf/srv/SetMode_Request.msg
[5.724s] -- Installing: /home/proto/Manipulator/DynamixelSDK/install/dynamixel_sdk_inf/share/dynamixel_sdk_inf/srv/SetMode_Response.msg
[5.724s] -- Up-to-date: /home/proto/Manipulator/DynamixelSDK/install/dynamixel_sdk_inf/share/dynamixel_sdk_inf/srv/SetId.srv
[5.724s] -- Up-to-date: /home/proto/Manipulator/DynamixelSDK/install/dynamixel_sdk_inf/share/dynamixel_sdk_inf/srv/SetId_Request.msg
[5.724s] -- Up-to-date: /home/proto/Manipulator/DynamixelSDK/install/dynamixel_sdk_inf/share/dynamixel_sdk_inf/srv/SetId_Response.msg
[5.725s] -- Up-to-date: /home/proto/Manipulator/DynamixelSDK/install/dynamixel_sdk_inf/share/ament_index/resource_index/package_run_dependencies/dynamixel_sdk_inf
[5.725s] -- Up-to-date: /home/proto/Manipulator/DynamixelSDK/install/dynamixel_sdk_inf/share/ament_index/resource_index/parent_prefix_path/dynamixel_sdk_inf
[5.725s] -- Up-to-date: /home/proto/Manipulator/DynamixelSDK/install/dynamixel_sdk_inf/share/dynamixel_sdk_inf/environment/ament_prefix_path.sh
[5.725s] -- Installing: /home/proto/Manipulator/DynamixelSDK/install/dynamixel_sdk_inf/share/dynamixel_sdk_inf/environment/ament_prefix_path.dsv
[5.725s] -- Up-to-date: /home/proto/Manipulator/DynamixelSDK/install/dynamixel_sdk_inf/share/dynamixel_sdk_inf/environment/path.sh
[5.725s] -- Installing: /home/proto/Manipulator/DynamixelSDK/install/dynamixel_sdk_inf/share/dynamixel_sdk_inf/environment/path.dsv
[5.725s] -- Up-to-date: /home/proto/Manipulator/DynamixelSDK/install/dynamixel_sdk_inf/share/dynamixel_sdk_inf/local_setup.bash
[5.725s] -- Up-to-date: /home/proto/Manipulator/DynamixelSDK/install/dynamixel_sdk_inf/share/dynamixel_sdk_inf/local_setup.sh
[5.725s] -- Up-to-date: /home/proto/Manipulator/DynamixelSDK/install/dynamixel_sdk_inf/share/dynamixel_sdk_inf/local_setup.zsh
[5.725s] -- Installing: /home/proto/Manipulator/DynamixelSDK/install/dynamixel_sdk_inf/share/dynamixel_sdk_inf/local_setup.dsv
[5.725s] -- Installing: /home/proto/Manipulator/DynamixelSDK/install/dynamixel_sdk_inf/share/dynamixel_sdk_inf/package.dsv
[5.725s] -- Up-to-date: /home/proto/Manipulator/DynamixelSDK/install/dynamixel_sdk_inf/share/ament_index/resource_index/packages/dynamixel_sdk_inf
[5.725s] -- Up-to-date: /home/proto/Manipulator/DynamixelSDK/install/dynamixel_sdk_inf/share/dynamixel_sdk_inf/cmake/export_dynamixel_sdk_inf__rosidl_generator_cExport.cmake
[5.725s] -- Up-to-date: /home/proto/Manipulator/DynamixelSDK/install/dynamixel_sdk_inf/share/dynamixel_sdk_inf/cmake/export_dynamixel_sdk_inf__rosidl_generator_cExport-noconfig.cmake
[5.725s] -- Up-to-date: /home/proto/Manipulator/DynamixelSDK/install/dynamixel_sdk_inf/share/dynamixel_sdk_inf/cmake/export_dynamixel_sdk_inf__rosidl_typesupport_fastrtps_cExport.cmake
[5.725s] -- Up-to-date: /home/proto/Manipulator/DynamixelSDK/install/dynamixel_sdk_inf/share/dynamixel_sdk_inf/cmake/export_dynamixel_sdk_inf__rosidl_typesupport_fastrtps_cExport-noconfig.cmake
[5.725s] -- Up-to-date: /home/proto/Manipulator/DynamixelSDK/install/dynamixel_sdk_inf/share/dynamixel_sdk_inf/cmake/export_dynamixel_sdk_inf__rosidl_generator_cppExport.cmake
[5.725s] -- Up-to-date: /home/proto/Manipulator/DynamixelSDK/install/dynamixel_sdk_inf/share/dynamixel_sdk_inf/cmake/export_dynamixel_sdk_inf__rosidl_typesupport_fastrtps_cppExport.cmake
[5.725s] -- Up-to-date: /home/proto/Manipulator/DynamixelSDK/install/dynamixel_sdk_inf/share/dynamixel_sdk_inf/cmake/export_dynamixel_sdk_inf__rosidl_typesupport_fastrtps_cppExport-noconfig.cmake
[5.726s] -- Up-to-date: /home/proto/Manipulator/DynamixelSDK/install/dynamixel_sdk_inf/share/dynamixel_sdk_inf/cmake/dynamixel_sdk_inf__rosidl_typesupport_introspection_cExport.cmake
[5.726s] -- Up-to-date: /home/proto/Manipulator/DynamixelSDK/install/dynamixel_sdk_inf/share/dynamixel_sdk_inf/cmake/dynamixel_sdk_inf__rosidl_typesupport_introspection_cExport-noconfig.cmake
[5.726s] -- Up-to-date: /home/proto/Manipulator/DynamixelSDK/install/dynamixel_sdk_inf/share/dynamixel_sdk_inf/cmake/dynamixel_sdk_inf__rosidl_typesupport_cExport.cmake
[5.726s] -- Up-to-date: /home/proto/Manipulator/DynamixelSDK/install/dynamixel_sdk_inf/share/dynamixel_sdk_inf/cmake/dynamixel_sdk_inf__rosidl_typesupport_cExport-noconfig.cmake
[5.726s] -- Up-to-date: /home/proto/Manipulator/DynamixelSDK/install/dynamixel_sdk_inf/share/dynamixel_sdk_inf/cmake/dynamixel_sdk_inf__rosidl_typesupport_introspection_cppExport.cmake
[5.726s] -- Up-to-date: /home/proto/Manipulator/DynamixelSDK/install/dynamixel_sdk_inf/share/dynamixel_sdk_inf/cmake/dynamixel_sdk_inf__rosidl_typesupport_introspection_cppExport-noconfig.cmake
[5.726s] -- Up-to-date: /home/proto/Manipulator/DynamixelSDK/install/dynamixel_sdk_inf/share/dynamixel_sdk_inf/cmake/dynamixel_sdk_inf__rosidl_typesupport_cppExport.cmake
[5.726s] -- Up-to-date: /home/proto/Manipulator/DynamixelSDK/install/dynamixel_sdk_inf/share/dynamixel_sdk_inf/cmake/dynamixel_sdk_inf__rosidl_typesupport_cppExport-noconfig.cmake
[5.726s] -- Up-to-date: /home/proto/Manipulator/DynamixelSDK/install/dynamixel_sdk_inf/share/dynamixel_sdk_inf/cmake/export_dynamixel_sdk_inf__rosidl_generator_pyExport.cmake
[5.726s] -- Up-to-date: /home/proto/Manipulator/DynamixelSDK/install/dynamixel_sdk_inf/share/dynamixel_sdk_inf/cmake/export_dynamixel_sdk_inf__rosidl_generator_pyExport-noconfig.cmake
[5.726s] -- Up-to-date: /home/proto/Manipulator/DynamixelSDK/install/dynamixel_sdk_inf/share/dynamixel_sdk_inf/cmake/rosidl_cmake-extras.cmake
[5.726s] -- Up-to-date: /home/proto/Manipulator/DynamixelSDK/install/dynamixel_sdk_inf/share/dynamixel_sdk_inf/cmake/ament_cmake_export_dependencies-extras.cmake
[5.726s] -- Up-to-date: /home/proto/Manipulator/DynamixelSDK/install/dynamixel_sdk_inf/share/dynamixel_sdk_inf/cmake/ament_cmake_export_include_directories-extras.cmake
[5.726s] -- Up-to-date: /home/proto/Manipulator/DynamixelSDK/install/dynamixel_sdk_inf/share/dynamixel_sdk_inf/cmake/ament_cmake_export_libraries-extras.cmake
[5.726s] -- Up-to-date: /home/proto/Manipulator/DynamixelSDK/install/dynamixel_sdk_inf/share/dynamixel_sdk_inf/cmake/ament_cmake_export_targets-extras.cmake
[5.726s] -- Up-to-date: /home/proto/Manipulator/DynamixelSDK/install/dynamixel_sdk_inf/share/dynamixel_sdk_inf/cmake/rosidl_cmake_export_typesupport_targets-extras.cmake
[5.726s] -- Up-to-date: /home/proto/Manipulator/DynamixelSDK/install/dynamixel_sdk_inf/share/dynamixel_sdk_inf/cmake/rosidl_cmake_export_typesupport_libraries-extras.cmake
[5.726s] -- Up-to-date: /home/proto/Manipulator/DynamixelSDK/install/dynamixel_sdk_inf/share/dynamixel_sdk_inf/cmake/dynamixel_sdk_infConfig.cmake
[5.726s] -- Up-to-date: /home/proto/Manipulator/DynamixelSDK/install/dynamixel_sdk_inf/share/dynamixel_sdk_inf/cmake/dynamixel_sdk_infConfig-version.cmake
[5.726s] -- Up-to-date: /home/proto/Manipulator/DynamixelSDK/install/dynamixel_sdk_inf/share/dynamixel_sdk_inf/package.xml
[5.730s] Invoked command in '/home/proto/Manipulator/DynamixelSDK/build/dynamixel_sdk_inf' returned '0': CMAKE_PREFIX_PATH=/opt/ros/humble /usr/bin/cmake --install /home/proto/Manipulator/DynamixelSDK/build/dynamixel_sdk_inf
