[0.009s] Invoking command in '/home/proto/Manipulator/DynamixelSDK/build/motor_setup': CMAKE_PREFIX_PATH=/home/proto/Manipulator/DynamixelSDK/install/dynamixel_sdk_inf:/home/proto/Manipulator/DynamixelSDK/install/dynamixel_sdk:/home/proto/Manipulator/DynamixelSDK/install/motor_setup:/opt/ros/humble LD_LIBRARY_PATH=/home/proto/Manipulator/DynamixelSDK/install/dynamixel_sdk_inf/lib:/home/proto/Manipulator/DynamixelSDK/install/dynamixel_sdk/lib:/home/proto/Manipulator/DynamixelSDK/install/motor_setup/lib:/usr/lib/x86_64-linux-gnu/gazebo-11/plugins:/opt/ros/humble/opt/rviz_ogre_vendor/lib:/opt/ros/humble/lib/x86_64-linux-gnu:/opt/ros/humble/lib /usr/bin/cmake --build /home/proto/Manipulator/DynamixelSDK/build/motor_setup -- -j8 -l8
[0.026s] -- Found ament_cmake: 1.3.4 (/opt/ros/humble/share/ament_cmake/cmake)
[0.127s] -- Found rclcpp: 16.0.4 (/opt/ros/humble/share/rclcpp/cmake)
[0.146s] -- Found rosidl_generator_c: 3.1.4 (/opt/ros/humble/share/rosidl_generator_c/cmake)
[0.147s] -- Found rosidl_adapter: 3.1.4 (/opt/ros/humble/share/rosidl_adapter/cmake)
[0.151s] -- Found rosidl_generator_cpp: 3.1.4 (/opt/ros/humble/share/rosidl_generator_cpp/cmake)
[0.157s] -- Using all available rosidl_typesupport_c: rosidl_typesupport_fastrtps_c;rosidl_typesupport_introspection_c
[0.167s] -- Using all available rosidl_typesupport_cpp: rosidl_typesupport_fastrtps_cpp;rosidl_typesupport_introspection_cpp
[0.211s] -- Found rmw_implementation_cmake: 6.1.1 (/opt/ros/humble/share/rmw_implementation_cmake/cmake)
[0.212s] -- Found rmw_fastrtps_cpp: 6.2.2 (/opt/ros/humble/share/rmw_fastrtps_cpp/cmake)
[0.294s] -- Using RMW implementation 'rmw_fastrtps_cpp' as default
[0.391s] -- Found rclcpp_components: 16.0.4 (/opt/ros/humble/share/rclcpp_components/cmake)
[0.427s] -- Found composition: 0.20.3 (/opt/ros/humble/share/composition/cmake)
[0.427s] -- Found dynamixel_sdk: 3.7.40 (/home/proto/Manipulator/DynamixelSDK/install/dynamixel_sdk/share/dynamixel_sdk/cmake)
[0.428s] -- Found dynamixel_sdk_inf: 3.7.40 (/home/proto/Manipulator/DynamixelSDK/install/dynamixel_sdk_inf/share/dynamixel_sdk_inf/cmake)
[0.451s] -- Found ament_lint_auto: 0.12.6 (/opt/ros/humble/share/ament_lint_auto/cmake)
[0.494s] -- Added test 'copyright' to check source files copyright and LICENSE
[0.495s] -- Added test 'cppcheck' to perform static code analysis on C / C++ code
[0.495s] -- Configured cppcheck include dirs: /home/proto/Manipulator/DynamixelSDK/motor_setup/include
[0.495s] -- Configured cppcheck exclude dirs and/or files: 
[0.496s] -- Added test 'cpplint' to check C / C++ code against the Google style
[0.496s] -- Configured cpplint exclude dirs and/or files: 
[0.496s] -- Added test 'flake8' to check Python code syntax and style conventions
[0.496s] -- Added test 'lint_cmake' to check CMake code style
[0.497s] -- Added test 'pep257' to check Python code against some of the docstring style conventions in PEP 257
[0.497s] -- Added test 'uncrustify' to check C / C++ code style
[0.497s] -- Configured uncrustify additional arguments: 
[0.498s] -- Added test 'xmllint' to check XML markup files
[0.498s] -- Configuring done
[0.508s] -- Generating done
[0.509s] -- Build files have been written to: /home/proto/Manipulator/DynamixelSDK/build/motor_setup
[0.528s] [35m[1mConsolidate compiler generated dependencies of target set_pose[0m
[0.528s] [35m[1mConsolidate compiler generated dependencies of target init_component[0m
[0.528s] [35m[1mConsolidate compiler generated dependencies of target position_control[0m
[0.541s] [ 50%] Built target position_control
[0.541s] [ 50%] [32m[1mLinking CXX executable set_pose[0m
[0.544s] [ 83%] Built target init_component
[0.674s] [100%] Built target set_pose
[0.682s] Invoked command in '/home/proto/Manipulator/DynamixelSDK/build/motor_setup' returned '0': CMAKE_PREFIX_PATH=/home/proto/Manipulator/DynamixelSDK/install/dynamixel_sdk_inf:/home/proto/Manipulator/DynamixelSDK/install/dynamixel_sdk:/home/proto/Manipulator/DynamixelSDK/install/motor_setup:/opt/ros/humble LD_LIBRARY_PATH=/home/proto/Manipulator/DynamixelSDK/install/dynamixel_sdk_inf/lib:/home/proto/Manipulator/DynamixelSDK/install/dynamixel_sdk/lib:/home/proto/Manipulator/DynamixelSDK/install/motor_setup/lib:/usr/lib/x86_64-linux-gnu/gazebo-11/plugins:/opt/ros/humble/opt/rviz_ogre_vendor/lib:/opt/ros/humble/lib/x86_64-linux-gnu:/opt/ros/humble/lib /usr/bin/cmake --build /home/proto/Manipulator/DynamixelSDK/build/motor_setup -- -j8 -l8
[0.703s] Invoking command in '/home/proto/Manipulator/DynamixelSDK/build/motor_setup': CMAKE_PREFIX_PATH=/home/proto/Manipulator/DynamixelSDK/install/dynamixel_sdk_inf:/home/proto/Manipulator/DynamixelSDK/install/dynamixel_sdk:/home/proto/Manipulator/DynamixelSDK/install/motor_setup:/opt/ros/humble LD_LIBRARY_PATH=/home/proto/Manipulator/DynamixelSDK/install/dynamixel_sdk_inf/lib:/home/proto/Manipulator/DynamixelSDK/install/dynamixel_sdk/lib:/home/proto/Manipulator/DynamixelSDK/install/motor_setup/lib:/usr/lib/x86_64-linux-gnu/gazebo-11/plugins:/opt/ros/humble/opt/rviz_ogre_vendor/lib:/opt/ros/humble/lib/x86_64-linux-gnu:/opt/ros/humble/lib /usr/bin/cmake --install /home/proto/Manipulator/DynamixelSDK/build/motor_setup
[0.708s] -- Install configuration: ""
[0.708s] -- Up-to-date: /home/proto/Manipulator/DynamixelSDK/install/motor_setup/lib/libinit_component.so
[0.708s] -- Up-to-date: /home/proto/Manipulator/DynamixelSDK/install/motor_setup/lib/libposition_control.so
[0.709s] -- Installing: /home/proto/Manipulator/DynamixelSDK/install/motor_setup/bin/set_pose
[0.710s] -- Set runtime path of "/home/proto/Manipulator/DynamixelSDK/install/motor_setup/bin/set_pose" to ""
[0.710s] -- Up-to-date: /home/proto/Manipulator/DynamixelSDK/install/motor_setup/share/motor_setup/launch
[0.710s] -- Up-to-date: /home/proto/Manipulator/DynamixelSDK/install/motor_setup/share/motor_setup/launch/init_component.launch.py
[0.710s] -- Up-to-date: /home/proto/Manipulator/DynamixelSDK/install/motor_setup/share/motor_setup/launch/__pycache__
[0.710s] -- Up-to-date: /home/proto/Manipulator/DynamixelSDK/install/motor_setup/share/motor_setup/launch/__pycache__/init_component.launch.cpython-310.pyc
[0.710s] -- Up-to-date: /home/proto/Manipulator/DynamixelSDK/install/motor_setup/share/ament_index/resource_index/package_run_dependencies/motor_setup
[0.710s] -- Up-to-date: /home/proto/Manipulator/DynamixelSDK/install/motor_setup/share/ament_index/resource_index/parent_prefix_path/motor_setup
[0.710s] -- Up-to-date: /home/proto/Manipulator/DynamixelSDK/install/motor_setup/share/motor_setup/environment/ament_prefix_path.sh
[0.710s] -- Installing: /home/proto/Manipulator/DynamixelSDK/install/motor_setup/share/motor_setup/environment/ament_prefix_path.dsv
[0.710s] -- Up-to-date: /home/proto/Manipulator/DynamixelSDK/install/motor_setup/share/motor_setup/environment/path.sh
[0.710s] -- Installing: /home/proto/Manipulator/DynamixelSDK/install/motor_setup/share/motor_setup/environment/path.dsv
[0.710s] -- Up-to-date: /home/proto/Manipulator/DynamixelSDK/install/motor_setup/share/motor_setup/local_setup.bash
[0.710s] -- Up-to-date: /home/proto/Manipulator/DynamixelSDK/install/motor_setup/share/motor_setup/local_setup.sh
[0.710s] -- Up-to-date: /home/proto/Manipulator/DynamixelSDK/install/motor_setup/share/motor_setup/local_setup.zsh
[0.710s] -- Installing: /home/proto/Manipulator/DynamixelSDK/install/motor_setup/share/motor_setup/local_setup.dsv
[0.710s] -- Installing: /home/proto/Manipulator/DynamixelSDK/install/motor_setup/share/motor_setup/package.dsv
[0.710s] -- Up-to-date: /home/proto/Manipulator/DynamixelSDK/install/motor_setup/share/ament_index/resource_index/packages/motor_setup
[0.710s] -- Up-to-date: /home/proto/Manipulator/DynamixelSDK/install/motor_setup/share/ament_index/resource_index/rclcpp_components/motor_setup
[0.711s] -- Up-to-date: /home/proto/Manipulator/DynamixelSDK/install/motor_setup/share/motor_setup/cmake/motor_setupConfig.cmake
[0.711s] -- Up-to-date: /home/proto/Manipulator/DynamixelSDK/install/motor_setup/share/motor_setup/cmake/motor_setupConfig-version.cmake
[0.711s] -- Up-to-date: /home/proto/Manipulator/DynamixelSDK/install/motor_setup/share/motor_setup/package.xml
[0.714s] Invoked command in '/home/proto/Manipulator/DynamixelSDK/build/motor_setup' returned '0': CMAKE_PREFIX_PATH=/home/proto/Manipulator/DynamixelSDK/install/dynamixel_sdk_inf:/home/proto/Manipulator/DynamixelSDK/install/dynamixel_sdk:/home/proto/Manipulator/DynamixelSDK/install/motor_setup:/opt/ros/humble LD_LIBRARY_PATH=/home/proto/Manipulator/DynamixelSDK/install/dynamixel_sdk_inf/lib:/home/proto/Manipulator/DynamixelSDK/install/dynamixel_sdk/lib:/home/proto/Manipulator/DynamixelSDK/install/motor_setup/lib:/usr/lib/x86_64-linux-gnu/gazebo-11/plugins:/opt/ros/humble/opt/rviz_ogre_vendor/lib:/opt/ros/humble/lib/x86_64-linux-gnu:/opt/ros/humble/lib /usr/bin/cmake --install /home/proto/Manipulator/DynamixelSDK/build/motor_setup
