[35m[1mConsolidate compiler generated dependencies of target init_component[0m
[35m[1mConsolidate compiler generated dependencies of target position_control[0m
[35m[1mConsolidate compiler generated dependencies of target set_pose[0m
[35m[1mConsolidate compiler generated dependencies of target position_torque_control[0m
[ 25%] Built target init_component
[ 50%] Built target position_control
[ 75%] Built target set_pose
[ 87%] [32mBuilding CXX object CMakeFiles/position_torque_control.dir/src/pos_torque_control.cpp.o[0m
[01m[K/home/proto/Manipulator/DynamixelSDK/src/motor_setup/src/pos_torque_control.cpp:[m[K In lambda function:
[01m[K/home/proto/Manipulator/DynamixelSDK/src/motor_setup/src/pos_torque_control.cpp:99:19:[m[K [01;31m[Kerror: [m[K‘[01m[Kusing element_type = struct dynamixel_sdk_inf::srv::SetMode_Response_<std::allocator<void> >[m[K’ {aka ‘[01m[Kstruct dynamixel_sdk_inf::srv::SetMode_Response_<std::allocator<void> >[m[K’} has no member named ‘[01m[Kset[m[K’
   99 |         response->[01;31m[Kset[m[K = true;
      |                   [01;31m[K^~~[m[K
[01m[K/home/proto/Manipulator/DynamixelSDK/src/motor_setup/src/pos_torque_control.cpp:100:38:[m[K [01;31m[Kerror: [m[K‘[01m[Kusing element_type = struct dynamixel_sdk_inf::srv::SetMode_Request_<std::allocator<void> >[m[K’ {aka ‘[01m[Kstruct dynamixel_sdk_inf::srv::SetMode_Request_<std::allocator<void> >[m[K’} has no member named ‘[01m[Kmotor_ids[m[K’
  100 |         for (uint8_t m_id : request->[01;31m[Kmotor_ids[m[K) {
      |                                      [01;31m[K^~~~~~~~~[m[K
[01m[K/home/proto/Manipulator/DynamixelSDK/src/motor_setup/src/pos_torque_control.cpp:111:27:[m[K [01;31m[Kerror: [m[K‘[01m[Kusing element_type = struct dynamixel_sdk_inf::srv::SetMode_Response_<std::allocator<void> >[m[K’ {aka ‘[01m[Kstruct dynamixel_sdk_inf::srv::SetMode_Response_<std::allocator<void> >[m[K’} has no member named ‘[01m[Kset[m[K’
  111 |                 response->[01;31m[Kset[m[K = false;
      |                           [01;31m[K^~~[m[K
gmake[2]: *** [CMakeFiles/position_torque_control.dir/build.make:76: CMakeFiles/position_torque_control.dir/src/pos_torque_control.cpp.o] Error 1
gmake[1]: *** [CMakeFiles/Makefile2:221: CMakeFiles/position_torque_control.dir/all] Error 2
gmake: *** [Makefile:146: all] Error 2
