[0.009s] Invoking command in '/home/proto/Manipulator/DynamixelSDK/build/motor_setup': AMENT_PREFIX_PATH=/home/proto/Manipulator/DynamixelSDK/install/dynamixel_sdk_inf:/home/proto/Manipulator/DynamixelSDK/install/dynamixel_sdk:${AMENT_PREFIX_PATH} CMAKE_PREFIX_PATH=/home/proto/Manipulator/DynamixelSDK/install/dynamixel_sdk_inf:/home/proto/Manipulator/DynamixelSDK/install/dynamixel_sdk:/opt/ros/humble LD_LIBRARY_PATH=/home/proto/Manipulator/DynamixelSDK/install/dynamixel_sdk_inf/lib:/home/proto/Manipulator/DynamixelSDK/install/dynamixel_sdk/lib:${LD_LIBRARY_PATH} PYTHONPATH=/home/proto/Manipulator/DynamixelSDK/install/dynamixel_sdk_inf/local/lib/python3.10/dist-packages:${PYTHONPATH} /usr/bin/cmake --build /home/proto/Manipulator/DynamixelSDK/build/motor_setup -- -j8 -l8
[0.039s] [35m[1mConsolidate compiler generated dependencies of target init_component[0m
[0.040s] [35m[1mConsolidate compiler generated dependencies of target position_control[0m
[0.042s] [35m[1mConsolidate compiler generated dependencies of target set_pose[0m
[0.044s] [35m[1mConsolidate compiler generated dependencies of target position_torque_control[0m
[0.054s] [ 25%] Built target init_component
[0.055s] [ 50%] Built target position_control
[0.056s] [ 75%] Built target set_pose
[0.061s] [ 87%] [32mBuilding CXX object CMakeFiles/position_torque_control.dir/src/pos_torque_control.cpp.o[0m
[1.803s] [01m[K/home/proto/Manipulator/DynamixelSDK/src/motor_setup/src/pos_torque_control.cpp:[m[K In lambda function:
[1.803s] [01m[K/home/proto/Manipulator/DynamixelSDK/src/motor_setup/src/pos_torque_control.cpp:99:19:[m[K [01;31m[Kerror: [m[K‘[01m[Kusing element_type = struct dynamixel_sdk_inf::srv::SetMode_Response_<std::allocator<void> >[m[K’ {aka ‘[01m[Kstruct dynamixel_sdk_inf::srv::SetMode_Response_<std::allocator<void> >[m[K’} has no member named ‘[01m[Kset[m[K’
[1.803s]    99 |         response->[01;31m[Kset[m[K = true;
[1.803s]       |                   [01;31m[K^~~[m[K
[1.803s] [01m[K/home/proto/Manipulator/DynamixelSDK/src/motor_setup/src/pos_torque_control.cpp:100:38:[m[K [01;31m[Kerror: [m[K‘[01m[Kusing element_type = struct dynamixel_sdk_inf::srv::SetMode_Request_<std::allocator<void> >[m[K’ {aka ‘[01m[Kstruct dynamixel_sdk_inf::srv::SetMode_Request_<std::allocator<void> >[m[K’} has no member named ‘[01m[Kmotor_ids[m[K’
[1.804s]   100 |         for (uint8_t m_id : request->[01;31m[Kmotor_ids[m[K) {
[1.804s]       |                                      [01;31m[K^~~~~~~~~[m[K
[1.804s] [01m[K/home/proto/Manipulator/DynamixelSDK/src/motor_setup/src/pos_torque_control.cpp:111:27:[m[K [01;31m[Kerror: [m[K‘[01m[Kusing element_type = struct dynamixel_sdk_inf::srv::SetMode_Response_<std::allocator<void> >[m[K’ {aka ‘[01m[Kstruct dynamixel_sdk_inf::srv::SetMode_Response_<std::allocator<void> >[m[K’} has no member named ‘[01m[Kset[m[K’
[1.804s]   111 |                 response->[01;31m[Kset[m[K = false;
[1.804s]       |                           [01;31m[K^~~[m[K
[4.072s] gmake[2]: *** [CMakeFiles/position_torque_control.dir/build.make:76: CMakeFiles/position_torque_control.dir/src/pos_torque_control.cpp.o] Error 1
[4.072s] gmake[1]: *** [CMakeFiles/Makefile2:221: CMakeFiles/position_torque_control.dir/all] Error 2
[4.072s] gmake: *** [Makefile:146: all] Error 2
[4.074s] Invoked command in '/home/proto/Manipulator/DynamixelSDK/build/motor_setup' returned '2': AMENT_PREFIX_PATH=/home/proto/Manipulator/DynamixelSDK/install/dynamixel_sdk_inf:/home/proto/Manipulator/DynamixelSDK/install/dynamixel_sdk:${AMENT_PREFIX_PATH} CMAKE_PREFIX_PATH=/home/proto/Manipulator/DynamixelSDK/install/dynamixel_sdk_inf:/home/proto/Manipulator/DynamixelSDK/install/dynamixel_sdk:/opt/ros/humble LD_LIBRARY_PATH=/home/proto/Manipulator/DynamixelSDK/install/dynamixel_sdk_inf/lib:/home/proto/Manipulator/DynamixelSDK/install/dynamixel_sdk/lib:${LD_LIBRARY_PATH} PYTHONPATH=/home/proto/Manipulator/DynamixelSDK/install/dynamixel_sdk_inf/local/lib/python3.10/dist-packages:${PYTHONPATH} /usr/bin/cmake --build /home/proto/Manipulator/DynamixelSDK/build/motor_setup -- -j8 -l8
