[0.010s] Invoking command in '/home/proto/Manipulator/DynamixelSDK/build/motor_setup': CMAKE_PREFIX_PATH=/home/proto/Manipulator/DynamixelSDK/install/dynamixel_sdk_inf:/home/proto/Manipulator/DynamixelSDK/install/dynamixel_sdk:/home/proto/Manipulator/DynamixelSDK/install/motor_setup:/opt/ros/humble LD_LIBRARY_PATH=/home/proto/Manipulator/DynamixelSDK/install/dynamixel_sdk_inf/lib:/home/proto/Manipulator/DynamixelSDK/install/dynamixel_sdk/lib:/home/proto/Manipulator/DynamixelSDK/install/motor_setup/lib:/usr/lib/x86_64-linux-gnu/gazebo-11/plugins:/opt/ros/humble/opt/rviz_ogre_vendor/lib:/opt/ros/humble/lib/x86_64-linux-gnu:/opt/ros/humble/lib /usr/bin/cmake --build /home/proto/Manipulator/DynamixelSDK/build/motor_setup -- -j8 -l8
[0.029s] -- Found ament_cmake: 1.3.4 (/opt/ros/humble/share/ament_cmake/cmake)
[0.127s] -- Found rclcpp: 16.0.4 (/opt/ros/humble/share/rclcpp/cmake)
[0.145s] -- Found rosidl_generator_c: 3.1.4 (/opt/ros/humble/share/rosidl_generator_c/cmake)
[0.147s] -- Found rosidl_adapter: 3.1.4 (/opt/ros/humble/share/rosidl_adapter/cmake)
[0.151s] -- Found rosidl_generator_cpp: 3.1.4 (/opt/ros/humble/share/rosidl_generator_cpp/cmake)
[0.158s] -- Using all available rosidl_typesupport_c: rosidl_typesupport_fastrtps_c;rosidl_typesupport_introspection_c
[0.167s] -- Using all available rosidl_typesupport_cpp: rosidl_typesupport_fastrtps_cpp;rosidl_typesupport_introspection_cpp
[0.206s] -- Found rmw_implementation_cmake: 6.1.1 (/opt/ros/humble/share/rmw_implementation_cmake/cmake)
[0.207s] -- Found rmw_fastrtps_cpp: 6.2.2 (/opt/ros/humble/share/rmw_fastrtps_cpp/cmake)
[0.290s] -- Using RMW implementation 'rmw_fastrtps_cpp' as default
[0.390s] -- Found rclcpp_components: 16.0.4 (/opt/ros/humble/share/rclcpp_components/cmake)
[0.428s] -- Found composition: 0.20.3 (/opt/ros/humble/share/composition/cmake)
[0.428s] -- Found dynamixel_sdk: 3.7.40 (/home/proto/Manipulator/DynamixelSDK/install/dynamixel_sdk/share/dynamixel_sdk/cmake)
[0.429s] -- Found dynamixel_sdk_inf: 3.7.40 (/home/proto/Manipulator/DynamixelSDK/install/dynamixel_sdk_inf/share/dynamixel_sdk_inf/cmake)
[0.452s] -- Found ament_lint_auto: 0.12.6 (/opt/ros/humble/share/ament_lint_auto/cmake)
[0.498s] -- Added test 'copyright' to check source files copyright and LICENSE
[0.499s] -- Added test 'cppcheck' to perform static code analysis on C / C++ code
[0.499s] -- Configured cppcheck include dirs: /home/proto/Manipulator/DynamixelSDK/motor_setup/include
[0.499s] -- Configured cppcheck exclude dirs and/or files: 
[0.500s] -- Added test 'cpplint' to check C / C++ code against the Google style
[0.500s] -- Configured cpplint exclude dirs and/or files: 
[0.500s] -- Added test 'flake8' to check Python code syntax and style conventions
[0.500s] -- Added test 'lint_cmake' to check CMake code style
[0.501s] -- Added test 'pep257' to check Python code against some of the docstring style conventions in PEP 257
[0.501s] -- Added test 'uncrustify' to check C / C++ code style
[0.501s] -- Configured uncrustify additional arguments: 
[0.502s] -- Added test 'xmllint' to check XML markup files
[0.502s] -- Configuring done
[0.512s] -- Generating done
[0.513s] -- Build files have been written to: /home/proto/Manipulator/DynamixelSDK/build/motor_setup
[0.532s] [35m[1mConsolidate compiler generated dependencies of target init_component[0m
[0.532s] [35m[1mConsolidate compiler generated dependencies of target position_control[0m
[0.539s] [ 16%] [32mBuilding CXX object CMakeFiles/set_pose.dir/src/position_pub.cpp.o[0m
[0.544s] [ 83%] Built target init_component
[0.545s] [ 83%] Built target position_control
[2.028s] [01m[K/home/proto/Manipulator/DynamixelSDK/motor_setup/src/position_pub.cpp:[m[K In constructor ‘[01m[KPositionPublisher::PositionPublisher()[m[K’:
[2.028s] [01m[K/home/proto/Manipulator/DynamixelSDK/motor_setup/src/position_pub.cpp:23:43:[m[K [01;31m[Kerror: [m[K‘[01m[Kstd_msgs[m[K’ was not declared in this scope
[2.028s]    23 |       publisher_ = this->create_publisher<[01;31m[Kstd_msgs[m[K::msg::String>("set_position", 10);
[2.028s]       |                                           [01;31m[K^~~~~~~~[m[K
[2.028s] [01m[K/home/proto/Manipulator/DynamixelSDK/motor_setup/src/position_pub.cpp:23:26:[m[K [01;31m[Kerror: [m[Kparse error in template argument list
[2.028s]    23 |       publisher_ = this->[01;31m[Kcreate_publisher<std_msgs::msg::String>[m[K("set_position", 10);
[2.028s]       |                          [01;31m[K^~~~~~~~~~~~~~~~~~~~~~~~~~~~~~~~~~~~~~~[m[K
[2.028s] [01m[K/home/proto/Manipulator/DynamixelSDK/motor_setup/src/position_pub.cpp:23:65:[m[K [01;31m[Kerror: [m[Kno matching function for call to ‘[01m[KPositionPublisher::create_publisher<<expression error> >(const char [13], int)[m[K’
[2.028s]    23 |       publisher_ = [01;31m[Kthis->create_publisher<std_msgs::msg::String>("set_position", 10)[m[K;
[2.028s]       |                    [01;31m[K~~~~~~~~~~~~~~~~~~~~~~~~~~~~~~~~~~~~~~~~~~~~~^~~~~~~~~~~~~~~~~~~~[m[K
[2.028s] In file included from [01m[K/opt/ros/humble/include/rclcpp/rclcpp/executors/single_threaded_executor.hpp:28[m[K,
[2.028s]                  from [01m[K/opt/ros/humble/include/rclcpp/rclcpp/executors.hpp:22[m[K,
[2.028s]                  from [01m[K/opt/ros/humble/include/rclcpp/rclcpp/rclcpp.hpp:155[m[K,
[2.028s]                  from [01m[K/home/proto/Manipulator/DynamixelSDK/motor_setup/src/position_pub.cpp:1[m[K:
[2.029s] [01m[K/opt/ros/humble/include/rclcpp/rclcpp/node.hpp:195:3:[m[K [01;36m[Knote: [m[Kcandidate: ‘[01m[Ktemplate<class MessageT, class AllocatorT, class PublisherT> std::shared_ptr<PublisherT> rclcpp::Node::create_publisher(const string&, const rclcpp::QoS&, const rclcpp::PublisherOptionsWithAllocator<AllocatorT>&)[m[K’
[2.029s]   195 |   [01;36m[Kcreate_publisher[m[K(
[2.029s]       |   [01;36m[K^~~~~~~~~~~~~~~~[m[K
[2.029s] [01m[K/opt/ros/humble/include/rclcpp/rclcpp/node.hpp:195:3:[m[K [01;36m[Knote: [m[K  template argument deduction/substitution failed:
[2.029s] [01m[K/home/proto/Manipulator/DynamixelSDK/motor_setup/src/position_pub.cpp:23:65:[m[K [01;31m[Kerror: [m[Ktemplate argument 1 is invalid
[2.029s]    23 |       publisher_ = [01;31m[Kthis->create_publisher<std_msgs::msg::String>("set_position", 10)[m[K;
[2.029s]       |                    [01;31m[K~~~~~~~~~~~~~~~~~~~~~~~~~~~~~~~~~~~~~~~~~~~~~^~~~~~~~~~~~~~~~~~~~[m[K
[2.037s] [01m[K/home/proto/Manipulator/DynamixelSDK/motor_setup/src/position_pub.cpp:[m[K In member function ‘[01m[Kvoid PositionPublisher::timer_callback()[m[K’:
[2.037s] [01m[K/home/proto/Manipulator/DynamixelSDK/motor_setup/src/position_pub.cpp:33:25:[m[K [01;31m[Kerror: [m[K‘[01m[Kclass std::shared_ptr<dynamixel_sdk_inf::msg::SetPosition_<std::allocator<void> > >[m[K’ has no member named ‘[01m[Kposition[m[K’
[2.037s]    33 |       std::cin>>message.[01;31m[Kposition[m[K;
[2.037s]       |                         [01;31m[K^~~~~~~~[m[K
[2.037s] [01m[K/home/proto/Manipulator/DynamixelSDK/motor_setup/src/position_pub.cpp:34:15:[m[K [01;31m[Kerror: [m[K‘[01m[Kclass std::shared_ptr<dynamixel_sdk_inf::msg::SetPosition_<std::allocator<void> > >[m[K’ has no member named ‘[01m[Kid[m[K’
[2.037s]    34 |       message.[01;31m[Kid[m[K = 1;
[2.037s]       |               [01;31m[K^~[m[K
[2.037s] In file included from [01m[K/opt/ros/humble/include/rclcpp/rclcpp/logging.hpp:24[m[K,
[2.037s]                  from [01m[K/opt/ros/humble/include/rclcpp/rclcpp/client.hpp:40[m[K,
[2.038s]                  from [01m[K/opt/ros/humble/include/rclcpp/rclcpp/callback_group.hpp:24[m[K,
[2.038s]                  from [01m[K/opt/ros/humble/include/rclcpp/rclcpp/any_executable.hpp:20[m[K,
[2.038s]                  from [01m[K/opt/ros/humble/include/rclcpp/rclcpp/memory_strategy.hpp:25[m[K,
[2.038s]                  from [01m[K/opt/ros/humble/include/rclcpp/rclcpp/memory_strategies.hpp:18[m[K,
[2.038s]                  from [01m[K/opt/ros/humble/include/rclcpp/rclcpp/executor_options.hpp:20[m[K,
[2.038s]                  from [01m[K/opt/ros/humble/include/rclcpp/rclcpp/executor.hpp:37[m[K,
[2.038s]                  from [01m[K/opt/ros/humble/include/rclcpp/rclcpp/executors/multi_threaded_executor.hpp:25[m[K,
[2.038s]                  from [01m[K/opt/ros/humble/include/rclcpp/rclcpp/executors.hpp:21[m[K,
[2.038s]                  from [01m[K/opt/ros/humble/include/rclcpp/rclcpp/rclcpp.hpp:155[m[K,
[2.038s]                  from [01m[K/home/proto/Manipulator/DynamixelSDK/motor_setup/src/position_pub.cpp:1[m[K:
[2.038s] [01m[K/home/proto/Manipulator/DynamixelSDK/motor_setup/src/position_pub.cpp:35:78:[m[K [01;31m[Kerror: [m[K‘[01m[Kclass std::shared_ptr<dynamixel_sdk_inf::msg::SetPosition_<std::allocator<void> > >[m[K’ has no member named ‘[01m[Kposition[m[K’
[2.038s]    35 |       RCLCPP_INFO(this->get_logger(), "Position: '%d' | ID: '%d'\n", message.[01;31m[Kposition[m[K, message.id);
[2.038s]       |                                                                              [01;31m[K^~~~~~~~[m[K
[2.038s] [01m[K/home/proto/Manipulator/DynamixelSDK/motor_setup/src/position_pub.cpp:35:96:[m[K [01;31m[Kerror: [m[K‘[01m[Kclass std::shared_ptr<dynamixel_sdk_inf::msg::SetPosition_<std::allocator<void> > >[m[K’ has no member named ‘[01m[Kid[m[K’
[2.038s]    35 |       RCLCPP_INFO(this->get_logger(), "Position: '%d' | ID: '%d'\n", message.position, message.[01;31m[Kid[m[K);
[2.038s]       |                                                                                                [01;31m[K^~[m[K
[2.038s] [01m[K/home/proto/Manipulator/DynamixelSDK/motor_setup/src/position_pub.cpp:36:26:[m[K [01;31m[Kerror: [m[Kno matching function for call to ‘[01m[Krclcpp::Publisher<dynamixel_sdk_inf::msg::SetPosition_<std::allocator<void> > >::publish(std::shared_ptr<dynamixel_sdk_inf::msg::SetPosition_<std::allocator<void> > >&)[m[K’
[2.038s]    36 |       [01;31m[Kpublisher_->publish(message)[m[K;
[2.038s]       |       [01;31m[K~~~~~~~~~~~~~~~~~~~^~~~~~~~~[m[K
[2.038s] In file included from [01m[K/opt/ros/humble/include/rclcpp/rclcpp/topic_statistics/subscription_topic_statistics.hpp:31[m[K,
[2.038s]                  from [01m[K/opt/ros/humble/include/rclcpp/rclcpp/subscription.hpp:50[m[K,
[2.039s]                  from [01m[K/opt/ros/humble/include/rclcpp/rclcpp/any_executable.hpp:25[m[K,
[2.039s]                  from [01m[K/opt/ros/humble/include/rclcpp/rclcpp/memory_strategy.hpp:25[m[K,
[2.039s]                  from [01m[K/opt/ros/humble/include/rclcpp/rclcpp/memory_strategies.hpp:18[m[K,
[2.039s]                  from [01m[K/opt/ros/humble/include/rclcpp/rclcpp/executor_options.hpp:20[m[K,
[2.039s]                  from [01m[K/opt/ros/humble/include/rclcpp/rclcpp/executor.hpp:37[m[K,
[2.039s]                  from [01m[K/opt/ros/humble/include/rclcpp/rclcpp/executors/multi_threaded_executor.hpp:25[m[K,
[2.039s]                  from [01m[K/opt/ros/humble/include/rclcpp/rclcpp/executors.hpp:21[m[K,
[2.039s]                  from [01m[K/opt/ros/humble/include/rclcpp/rclcpp/rclcpp.hpp:155[m[K,
[2.039s]                  from [01m[K/home/proto/Manipulator/DynamixelSDK/motor_setup/src/position_pub.cpp:1[m[K:
[2.039s] [01m[K/opt/ros/humble/include/rclcpp/rclcpp/publisher.hpp:251:3:[m[K [01;36m[Knote: [m[Kcandidate: ‘[01m[Ktemplate<class T> std::enable_if_t<(rosidl_generator_traits::is_message<T>::value && std::is_same<T, typename rclcpp::TypeAdapter<MessageT>::ros_message_type>::value)> rclcpp::Publisher<MessageT, AllocatorT>::publish(std::unique_ptr<T, typename std::conditional<std::is_same<typename std::allocator_traits<typename std::allocator_traits<_Allocator>::rebind_traits<typename rclcpp::TypeAdapter<MessageT, void, void>::ros_message_type>::allocator_type>::rebind_alloc<typename rclcpp::TypeAdapter<MessageT, void, void>::ros_message_type>, std::allocator<typename rclcpp::TypeAdapter<MessageT>::ros_message_type> >::value, std::default_delete<typename rclcpp::TypeAdapter<MessageT>::ros_message_type>, rclcpp::allocator::AllocatorDeleter<typename std::allocator_traits<_Allocator>::rebind_traits<typename rclcpp::TypeAdapter<MessageT, void, void>::ros_message_type>::allocator_type> >::type>) [with T = T; MessageT = dynamixel_sdk_inf::msg::SetPosition_<std::allocator<void> >; AllocatorT = std::allocator<void>][m[K’
[2.039s]   251 |   [01;36m[Kpublish[m[K(std::unique_ptr<T, ROSMessageTypeDeleter> msg)
[2.039s]       |   [01;36m[K^~~~~~~[m[K
[2.039s] [01m[K/opt/ros/humble/include/rclcpp/rclcpp/publisher.hpp:251:3:[m[K [01;36m[Knote: [m[K  template argument deduction/substitution failed:
[2.039s] [01m[K/home/proto/Manipulator/DynamixelSDK/motor_setup/src/position_pub.cpp:36:26:[m[K [01;36m[Knote: [m[K  ‘[01m[Kstd::shared_ptr<dynamixel_sdk_inf::msg::SetPosition_<std::allocator<void> > >[m[K’ is not derived from ‘[01m[Kstd::unique_ptr<T, std::default_delete<dynamixel_sdk_inf::msg::SetPosition_<std::allocator<void> > > >[m[K’
[2.039s]    36 |       [01;36m[Kpublisher_->publish(message)[m[K;
[2.039s]       |       [01;36m[K~~~~~~~~~~~~~~~~~~~^~~~~~~~~[m[K
[2.039s] In file included from [01m[K/opt/ros/humble/include/rclcpp/rclcpp/topic_statistics/subscription_topic_statistics.hpp:31[m[K,
[2.039s]                  from [01m[K/opt/ros/humble/include/rclcpp/rclcpp/subscription.hpp:50[m[K,
[2.039s]                  from [01m[K/opt/ros/humble/include/rclcpp/rclcpp/any_executable.hpp:25[m[K,
[2.039s]                  from [01m[K/opt/ros/humble/include/rclcpp/rclcpp/memory_strategy.hpp:25[m[K,
[2.039s]                  from [01m[K/opt/ros/humble/include/rclcpp/rclcpp/memory_strategies.hpp:18[m[K,
[2.039s]                  from [01m[K/opt/ros/humble/include/rclcpp/rclcpp/executor_options.hpp:20[m[K,
[2.039s]                  from [01m[K/opt/ros/humble/include/rclcpp/rclcpp/executor.hpp:37[m[K,
[2.039s]                  from [01m[K/opt/ros/humble/include/rclcpp/rclcpp/executors/multi_threaded_executor.hpp:25[m[K,
[2.039s]                  from [01m[K/opt/ros/humble/include/rclcpp/rclcpp/executors.hpp:21[m[K,
[2.039s]                  from [01m[K/opt/ros/humble/include/rclcpp/rclcpp/rclcpp.hpp:155[m[K,
[2.039s]                  from [01m[K/home/proto/Manipulator/DynamixelSDK/motor_setup/src/position_pub.cpp:1[m[K:
[2.039s] [01m[K/opt/ros/humble/include/rclcpp/rclcpp/publisher.hpp:292:3:[m[K [01;36m[Knote: [m[Kcandidate: ‘[01m[Ktemplate<class T> std::enable_if_t<(rosidl_generator_traits::is_message<T>::value && std::is_same<T, typename rclcpp::TypeAdapter<MessageT>::ros_message_type>::value)> rclcpp::Publisher<MessageT, AllocatorT>::publish(const T&) [with T = T; MessageT = dynamixel_sdk_inf::msg::SetPosition_<std::allocator<void> >; AllocatorT = std::allocator<void>][m[K’
[2.040s]   292 |   [01;36m[Kpublish[m[K(const T & msg)
[2.040s]       |   [01;36m[K^~~~~~~[m[K
[2.040s] [01m[K/opt/ros/humble/include/rclcpp/rclcpp/publisher.hpp:292:3:[m[K [01;36m[Knote: [m[K  template argument deduction/substitution failed:
[2.040s] In file included from [01m[K/usr/include/c++/11/bits/move.h:57[m[K,
[2.040s]                  from [01m[K/usr/include/c++/11/bits/stl_pair.h:59[m[K,
[2.040s]                  from [01m[K/usr/include/c++/11/bits/stl_algobase.h:64[m[K,
[2.040s]                  from [01m[K/usr/include/c++/11/memory:63[m[K,
[2.040s]                  from [01m[K/opt/ros/humble/include/rclcpp/rclcpp/rclcpp.hpp:153[m[K,
[2.040s]                  from [01m[K/home/proto/Manipulator/DynamixelSDK/motor_setup/src/position_pub.cpp:1[m[K:
[2.040s] /usr/include/c++/11/type_traits: In substitution of ‘[01m[Ktemplate<bool _Cond, class _Tp> using enable_if_t = typename std::enable_if::type [with bool _Cond = false; _Tp = void][m[K’:
[2.040s] [01m[K/opt/ros/humble/include/rclcpp/rclcpp/publisher.hpp:292:3:[m[K   required by substitution of ‘[01m[Ktemplate<class T> std::enable_if_t<(rosidl_generator_traits::is_message<T>::value && std::is_same<T, dynamixel_sdk_inf::msg::SetPosition_<std::allocator<void> > >::value), void> rclcpp::Publisher<dynamixel_sdk_inf::msg::SetPosition_<std::allocator<void> > >::publish<T>(const T&) [with T = std::shared_ptr<dynamixel_sdk_inf::msg::SetPosition_<std::allocator<void> > >][m[K’
[2.040s] [01m[K/home/proto/Manipulator/DynamixelSDK/motor_setup/src/position_pub.cpp:36:26:[m[K   required from here
[2.040s] [01m[K/usr/include/c++/11/type_traits:2585:11:[m[K [01;31m[Kerror: [m[Kno type named ‘[01m[Ktype[m[K’ in ‘[01m[Kstruct std::enable_if<false, void>[m[K’
[2.040s]  2585 |     using [01;31m[Kenable_if_t[m[K = typename enable_if<_Cond, _Tp>::type;
[2.040s]       |           [01;31m[K^~~~~~~~~~~[m[K
[2.040s] In file included from [01m[K/opt/ros/humble/include/rclcpp/rclcpp/topic_statistics/subscription_topic_statistics.hpp:31[m[K,
[2.040s]                  from [01m[K/opt/ros/humble/include/rclcpp/rclcpp/subscription.hpp:50[m[K,
[2.040s]                  from [01m[K/opt/ros/humble/include/rclcpp/rclcpp/any_executable.hpp:25[m[K,
[2.040s]                  from [01m[K/opt/ros/humble/include/rclcpp/rclcpp/memory_strategy.hpp:25[m[K,
[2.040s]                  from [01m[K/opt/ros/humble/include/rclcpp/rclcpp/memory_strategies.hpp:18[m[K,
[2.040s]                  from [01m[K/opt/ros/humble/include/rclcpp/rclcpp/executor_options.hpp:20[m[K,
[2.040s]                  from [01m[K/opt/ros/humble/include/rclcpp/rclcpp/executor.hpp:37[m[K,
[2.040s]                  from [01m[K/opt/ros/humble/include/rclcpp/rclcpp/executors/multi_threaded_executor.hpp:25[m[K,
[2.040s]                  from [01m[K/opt/ros/humble/include/rclcpp/rclcpp/executors.hpp:21[m[K,
[2.040s]                  from [01m[K/opt/ros/humble/include/rclcpp/rclcpp/rclcpp.hpp:155[m[K,
[2.040s]                  from [01m[K/home/proto/Manipulator/DynamixelSDK/motor_setup/src/position_pub.cpp:1[m[K:
[2.040s] [01m[K/opt/ros/humble/include/rclcpp/rclcpp/publisher.hpp:322:3:[m[K [01;36m[Knote: [m[Kcandidate: ‘[01m[Ktemplate<class T> std::enable_if_t<(typename rclcpp::TypeAdapter<MessageT>::is_specialized::value && std::is_same<T, typename rclcpp::TypeAdapter<MessageT>::custom_type>::value)> rclcpp::Publisher<MessageT, AllocatorT>::publish(std::unique_ptr<T, typename std::conditional<std::is_same<typename std::allocator_traits<typename std::allocator_traits<_Allocator>::rebind_traits<typename rclcpp::TypeAdapter<MessageT, void, void>::custom_type>::allocator_type>::rebind_alloc<typename rclcpp::TypeAdapter<MessageT, void, void>::custom_type>, std::allocator<typename rclcpp::TypeAdapter<MessageT>::custom_type> >::value, std::default_delete<typename rclcpp::TypeAdapter<MessageT>::custom_type>, rclcpp::allocator::AllocatorDeleter<typename std::allocator_traits<_Allocator>::rebind_traits<typename rclcpp::TypeAdapter<MessageT, void, void>::custom_type>::allocator_type> >::type>) [with T = T; MessageT = dynamixel_sdk_inf::msg::SetPosition_<std::allocator<void> >; AllocatorT = std::allocator<void>][m[K’
[2.040s]   322 |   [01;36m[Kpublish[m[K(std::unique_ptr<T, PublishedTypeDeleter> msg)
[2.041s]       |   [01;36m[K^~~~~~~[m[K
[2.041s] [01m[K/opt/ros/humble/include/rclcpp/rclcpp/publisher.hpp:322:3:[m[K [01;36m[Knote: [m[K  template argument deduction/substitution failed:
[2.041s] [01m[K/home/proto/Manipulator/DynamixelSDK/motor_setup/src/position_pub.cpp:36:26:[m[K [01;36m[Knote: [m[K  ‘[01m[Kstd::shared_ptr<dynamixel_sdk_inf::msg::SetPosition_<std::allocator<void> > >[m[K’ is not derived from ‘[01m[Kstd::unique_ptr<T, std::default_delete<dynamixel_sdk_inf::msg::SetPosition_<std::allocator<void> > > >[m[K’
[2.041s]    36 |       [01;36m[Kpublisher_->publish(message)[m[K;
[2.041s]       |       [01;36m[K~~~~~~~~~~~~~~~~~~~^~~~~~~~~[m[K
[2.041s] In file included from [01m[K/opt/ros/humble/include/rclcpp/rclcpp/topic_statistics/subscription_topic_statistics.hpp:31[m[K,
[2.041s]                  from [01m[K/opt/ros/humble/include/rclcpp/rclcpp/subscription.hpp:50[m[K,
[2.041s]                  from [01m[K/opt/ros/humble/include/rclcpp/rclcpp/any_executable.hpp:25[m[K,
[2.041s]                  from [01m[K/opt/ros/humble/include/rclcpp/rclcpp/memory_strategy.hpp:25[m[K,
[2.041s]                  from [01m[K/opt/ros/humble/include/rclcpp/rclcpp/memory_strategies.hpp:18[m[K,
[2.041s]                  from [01m[K/opt/ros/humble/include/rclcpp/rclcpp/executor_options.hpp:20[m[K,
[2.041s]                  from [01m[K/opt/ros/humble/include/rclcpp/rclcpp/executor.hpp:37[m[K,
[2.041s]                  from [01m[K/opt/ros/humble/include/rclcpp/rclcpp/executors/multi_threaded_executor.hpp:25[m[K,
[2.041s]                  from [01m[K/opt/ros/humble/include/rclcpp/rclcpp/executors.hpp:21[m[K,
[2.041s]                  from [01m[K/opt/ros/humble/include/rclcpp/rclcpp/rclcpp.hpp:155[m[K,
[2.041s]                  from [01m[K/home/proto/Manipulator/DynamixelSDK/motor_setup/src/position_pub.cpp:1[m[K:
[2.041s] [01m[K/opt/ros/humble/include/rclcpp/rclcpp/publisher.hpp:364:3:[m[K [01;36m[Knote: [m[Kcandidate: ‘[01m[Ktemplate<class T> std::enable_if_t<(typename rclcpp::TypeAdapter<MessageT>::is_specialized::value && std::is_same<T, typename rclcpp::TypeAdapter<MessageT>::custom_type>::value)> rclcpp::Publisher<MessageT, AllocatorT>::publish(const T&) [with T = T; MessageT = dynamixel_sdk_inf::msg::SetPosition_<std::allocator<void> >; AllocatorT = std::allocator<void>][m[K’
[2.041s]   364 |   [01;36m[Kpublish[m[K(const T & msg)
[2.041s]       |   [01;36m[K^~~~~~~[m[K
[2.041s] [01m[K/opt/ros/humble/include/rclcpp/rclcpp/publisher.hpp:364:3:[m[K [01;36m[Knote: [m[K  template argument deduction/substitution failed:
[2.041s] [01m[K/opt/ros/humble/include/rclcpp/rclcpp/publisher.hpp:383:3:[m[K [01;36m[Knote: [m[Kcandidate: ‘[01m[Kvoid rclcpp::Publisher<MessageT, AllocatorT>::publish(const rcl_serialized_message_t&) [with MessageT = dynamixel_sdk_inf::msg::SetPosition_<std::allocator<void> >; AllocatorT = std::allocator<void>; rcl_serialized_message_t = rcutils_uint8_array_s][m[K’
[2.041s]   383 |   [01;36m[Kpublish[m[K(const rcl_serialized_message_t & serialized_msg)
[2.041s]       |   [01;36m[K^~~~~~~[m[K
[2.041s] [01m[K/opt/ros/humble/include/rclcpp/rclcpp/publisher.hpp:383:44:[m[K [01;36m[Knote: [m[K  no known conversion for argument 1 from ‘[01m[Kstd::shared_ptr<dynamixel_sdk_inf::msg::SetPosition_<std::allocator<void> > >[m[K’ to ‘[01m[Kconst rcl_serialized_message_t&[m[K’ {aka ‘[01m[Kconst rcutils_uint8_array_s&[m[K’}
[2.041s]   383 |   publish([01;36m[Kconst rcl_serialized_message_t & serialized_msg[m[K)
[2.041s]       |           [01;36m[K~~~~~~~~~~~~~~~~~~~~~~~~~~~~~~~~~^~~~~~~~~~~~~~[m[K
[2.041s] [01m[K/opt/ros/humble/include/rclcpp/rclcpp/publisher.hpp:389:3:[m[K [01;36m[Knote: [m[Kcandidate: ‘[01m[Kvoid rclcpp::Publisher<MessageT, AllocatorT>::publish(const rclcpp::SerializedMessage&) [with MessageT = dynamixel_sdk_inf::msg::SetPosition_<std::allocator<void> >; AllocatorT = std::allocator<void>][m[K’
[2.042s]   389 |   [01;36m[Kpublish[m[K(const SerializedMessage & serialized_msg)
[2.042s]       |   [01;36m[K^~~~~~~[m[K
[2.042s] [01m[K/opt/ros/humble/include/rclcpp/rclcpp/publisher.hpp:389:37:[m[K [01;36m[Knote: [m[K  no known conversion for argument 1 from ‘[01m[Kstd::shared_ptr<dynamixel_sdk_inf::msg::SetPosition_<std::allocator<void> > >[m[K’ to ‘[01m[Kconst rclcpp::SerializedMessage&[m[K’
[2.042s]   389 |   publish([01;36m[Kconst SerializedMessage & serialized_msg[m[K)
[2.042s]       |           [01;36m[K~~~~~~~~~~~~~~~~~~~~~~~~~~^~~~~~~~~~~~~~[m[K
[2.042s] [01m[K/opt/ros/humble/include/rclcpp/rclcpp/publisher.hpp:403:3:[m[K [01;36m[Knote: [m[Kcandidate: ‘[01m[Kvoid rclcpp::Publisher<MessageT, AllocatorT>::publish(rclcpp::LoanedMessage<typename rclcpp::TypeAdapter<MessageT>::ros_message_type, AllocatorT>&&) [with MessageT = dynamixel_sdk_inf::msg::SetPosition_<std::allocator<void> >; AllocatorT = std::allocator<void>; typename rclcpp::TypeAdapter<MessageT>::ros_message_type = dynamixel_sdk_inf::msg::SetPosition_<std::allocator<void> >][m[K’
[2.042s]   403 |   [01;36m[Kpublish[m[K(rclcpp::LoanedMessage<ROSMessageType, AllocatorT> && loaned_msg)
[2.042s]       |   [01;36m[K^~~~~~~[m[K
[2.042s] [01m[K/opt/ros/humble/include/rclcpp/rclcpp/publisher.hpp:403:64:[m[K [01;36m[Knote: [m[K  no known conversion for argument 1 from ‘[01m[Kstd::shared_ptr<dynamixel_sdk_inf::msg::SetPosition_<std::allocator<void> > >[m[K’ to ‘[01m[Krclcpp::LoanedMessage<dynamixel_sdk_inf::msg::SetPosition_<std::allocator<void> >, std::allocator<void> >&&[m[K’
[2.042s]   403 |   publish([01;36m[Krclcpp::LoanedMessage<ROSMessageType, AllocatorT> && loaned_msg[m[K)
[2.042s]       |           [01;36m[K~~~~~~~~~~~~~~~~~~~~~~~~~~~~~~~~~~~~~~~~~~~~~~~~~~~~~^~~~~~~~~~[m[K
[2.361s] gmake[2]: *** [CMakeFiles/set_pose.dir/build.make:76: CMakeFiles/set_pose.dir/src/position_pub.cpp.o] Error 1
[2.361s] gmake[1]: *** [CMakeFiles/Makefile2:167: CMakeFiles/set_pose.dir/all] Error 2
[2.361s] gmake: *** [Makefile:146: all] Error 2
[2.363s] Invoked command in '/home/proto/Manipulator/DynamixelSDK/build/motor_setup' returned '2': CMAKE_PREFIX_PATH=/home/proto/Manipulator/DynamixelSDK/install/dynamixel_sdk_inf:/home/proto/Manipulator/DynamixelSDK/install/dynamixel_sdk:/home/proto/Manipulator/DynamixelSDK/install/motor_setup:/opt/ros/humble LD_LIBRARY_PATH=/home/proto/Manipulator/DynamixelSDK/install/dynamixel_sdk_inf/lib:/home/proto/Manipulator/DynamixelSDK/install/dynamixel_sdk/lib:/home/proto/Manipulator/DynamixelSDK/install/motor_setup/lib:/usr/lib/x86_64-linux-gnu/gazebo-11/plugins:/opt/ros/humble/opt/rviz_ogre_vendor/lib:/opt/ros/humble/lib/x86_64-linux-gnu:/opt/ros/humble/lib /usr/bin/cmake --build /home/proto/Manipulator/DynamixelSDK/build/motor_setup -- -j8 -l8
