[0.009s] Invoking command in '/home/proto/Manipulator/DynamixelSDK/build/motor_setup': AMENT_PREFIX_PATH=/home/proto/Manipulator/DynamixelSDK/install/dynamixel_sdk_inf:/home/proto/Manipulator/DynamixelSDK/install/dynamixel_sdk:${AMENT_PREFIX_PATH} CMAKE_PREFIX_PATH=/home/proto/Manipulator/DynamixelSDK/install/dynamixel_sdk_inf:/home/proto/Manipulator/DynamixelSDK/install/dynamixel_sdk:/opt/ros/humble LD_LIBRARY_PATH=/home/proto/Manipulator/DynamixelSDK/install/dynamixel_sdk_inf/lib:/home/proto/Manipulator/DynamixelSDK/install/dynamixel_sdk/lib:${LD_LIBRARY_PATH} PYTHONPATH=/home/proto/Manipulator/DynamixelSDK/install/dynamixel_sdk_inf/local/lib/python3.10/dist-packages:${PYTHONPATH} /usr/bin/cmake --build /home/proto/Manipulator/DynamixelSDK/build/motor_setup -- -j8 -l8
[0.041s] [35m[1mConsolidate compiler generated dependencies of target set_pose[0m
[0.043s] [35m[1mConsolidate compiler generated dependencies of target init_component[0m
[0.044s] [35m[1mConsolidate compiler generated dependencies of target position_torque_control[0m
[0.046s] [35m[1mConsolidate compiler generated dependencies of target position_control[0m
[0.055s] [ 25%] Built target set_pose
[0.062s] [ 37%] [32mBuilding CXX object CMakeFiles/position_torque_control.dir/src/pos_torque_control.cpp.o[0m
[0.063s] [ 62%] Built target init_component
[0.065s] [ 87%] Built target position_control
[7.268s] [100%] [32m[1mLinking CXX shared library libposition_torque_control.so[0m
[7.639s] [100%] Built target position_torque_control
[7.648s] Invoked command in '/home/proto/Manipulator/DynamixelSDK/build/motor_setup' returned '0': AMENT_PREFIX_PATH=/home/proto/Manipulator/DynamixelSDK/install/dynamixel_sdk_inf:/home/proto/Manipulator/DynamixelSDK/install/dynamixel_sdk:${AMENT_PREFIX_PATH} CMAKE_PREFIX_PATH=/home/proto/Manipulator/DynamixelSDK/install/dynamixel_sdk_inf:/home/proto/Manipulator/DynamixelSDK/install/dynamixel_sdk:/opt/ros/humble LD_LIBRARY_PATH=/home/proto/Manipulator/DynamixelSDK/install/dynamixel_sdk_inf/lib:/home/proto/Manipulator/DynamixelSDK/install/dynamixel_sdk/lib:${LD_LIBRARY_PATH} PYTHONPATH=/home/proto/Manipulator/DynamixelSDK/install/dynamixel_sdk_inf/local/lib/python3.10/dist-packages:${PYTHONPATH} /usr/bin/cmake --build /home/proto/Manipulator/DynamixelSDK/build/motor_setup -- -j8 -l8
[7.669s] Invoking command in '/home/proto/Manipulator/DynamixelSDK/build/motor_setup': AMENT_PREFIX_PATH=/home/proto/Manipulator/DynamixelSDK/install/dynamixel_sdk_inf:/home/proto/Manipulator/DynamixelSDK/install/dynamixel_sdk:${AMENT_PREFIX_PATH} CMAKE_PREFIX_PATH=/home/proto/Manipulator/DynamixelSDK/install/dynamixel_sdk_inf:/home/proto/Manipulator/DynamixelSDK/install/dynamixel_sdk:/opt/ros/humble LD_LIBRARY_PATH=/home/proto/Manipulator/DynamixelSDK/install/dynamixel_sdk_inf/lib:/home/proto/Manipulator/DynamixelSDK/install/dynamixel_sdk/lib:${LD_LIBRARY_PATH} PYTHONPATH=/home/proto/Manipulator/DynamixelSDK/install/dynamixel_sdk_inf/local/lib/python3.10/dist-packages:${PYTHONPATH} /usr/bin/cmake --install /home/proto/Manipulator/DynamixelSDK/build/motor_setup
[7.674s] -- Install configuration: ""
[7.674s] -- Installing: /home/proto/Manipulator/DynamixelSDK/install/motor_setup/lib/libinit_component.so
[7.675s] -- Set runtime path of "/home/proto/Manipulator/DynamixelSDK/install/motor_setup/lib/libinit_component.so" to ""
[7.675s] -- Installing: /home/proto/Manipulator/DynamixelSDK/install/motor_setup/lib/libposition_control.so
[7.681s] -- Set runtime path of "/home/proto/Manipulator/DynamixelSDK/install/motor_setup/lib/libposition_control.so" to ""
[7.681s] -- Installing: /home/proto/Manipulator/DynamixelSDK/install/motor_setup/lib/libposition_torque_control.so
[7.686s] -- Set runtime path of "/home/proto/Manipulator/DynamixelSDK/install/motor_setup/lib/libposition_torque_control.so" to ""
[7.686s] -- Up-to-date: /home/proto/Manipulator/DynamixelSDK/install/motor_setup/share/motor_setup/launch
[7.686s] -- Up-to-date: /home/proto/Manipulator/DynamixelSDK/install/motor_setup/share/motor_setup/launch/init_component.launch.py
[7.686s] -- Up-to-date: /home/proto/Manipulator/DynamixelSDK/install/motor_setup/share/motor_setup/launch/__pycache__
[7.686s] -- Installing: /home/proto/Manipulator/DynamixelSDK/install/motor_setup/share/motor_setup/launch/__pycache__/init_component.launch.cpython-310.pyc
[7.686s] -- Installing: /home/proto/Manipulator/DynamixelSDK/install/motor_setup/lib/motor_setup/set_pose
[7.686s] -- Set runtime path of "/home/proto/Manipulator/DynamixelSDK/install/motor_setup/lib/motor_setup/set_pose" to ""
[7.686s] -- Up-to-date: /home/proto/Manipulator/DynamixelSDK/install/motor_setup/share/ament_index/resource_index/package_run_dependencies/motor_setup
[7.687s] -- Up-to-date: /home/proto/Manipulator/DynamixelSDK/install/motor_setup/share/ament_index/resource_index/parent_prefix_path/motor_setup
[7.687s] -- Up-to-date: /home/proto/Manipulator/DynamixelSDK/install/motor_setup/share/motor_setup/environment/ament_prefix_path.sh
[7.687s] -- Installing: /home/proto/Manipulator/DynamixelSDK/install/motor_setup/share/motor_setup/environment/ament_prefix_path.dsv
[7.687s] -- Up-to-date: /home/proto/Manipulator/DynamixelSDK/install/motor_setup/share/motor_setup/environment/path.sh
[7.687s] -- Installing: /home/proto/Manipulator/DynamixelSDK/install/motor_setup/share/motor_setup/environment/path.dsv
[7.687s] -- Up-to-date: /home/proto/Manipulator/DynamixelSDK/install/motor_setup/share/motor_setup/local_setup.bash
[7.687s] -- Up-to-date: /home/proto/Manipulator/DynamixelSDK/install/motor_setup/share/motor_setup/local_setup.sh
[7.687s] -- Up-to-date: /home/proto/Manipulator/DynamixelSDK/install/motor_setup/share/motor_setup/local_setup.zsh
[7.687s] -- Installing: /home/proto/Manipulator/DynamixelSDK/install/motor_setup/share/motor_setup/local_setup.dsv
[7.687s] -- Installing: /home/proto/Manipulator/DynamixelSDK/install/motor_setup/share/motor_setup/package.dsv
[7.687s] -- Up-to-date: /home/proto/Manipulator/DynamixelSDK/install/motor_setup/share/ament_index/resource_index/packages/motor_setup
[7.687s] -- Installing: /home/proto/Manipulator/DynamixelSDK/install/motor_setup/share/ament_index/resource_index/rclcpp_components/motor_setup
[7.687s] -- Up-to-date: /home/proto/Manipulator/DynamixelSDK/install/motor_setup/share/motor_setup/cmake/motor_setupConfig.cmake
[7.687s] -- Up-to-date: /home/proto/Manipulator/DynamixelSDK/install/motor_setup/share/motor_setup/cmake/motor_setupConfig-version.cmake
[7.688s] -- Installing: /home/proto/Manipulator/DynamixelSDK/install/motor_setup/share/motor_setup/package.xml
[7.689s] Invoked command in '/home/proto/Manipulator/DynamixelSDK/build/motor_setup' returned '0': AMENT_PREFIX_PATH=/home/proto/Manipulator/DynamixelSDK/install/dynamixel_sdk_inf:/home/proto/Manipulator/DynamixelSDK/install/dynamixel_sdk:${AMENT_PREFIX_PATH} CMAKE_PREFIX_PATH=/home/proto/Manipulator/DynamixelSDK/install/dynamixel_sdk_inf:/home/proto/Manipulator/DynamixelSDK/install/dynamixel_sdk:/opt/ros/humble LD_LIBRARY_PATH=/home/proto/Manipulator/DynamixelSDK/install/dynamixel_sdk_inf/lib:/home/proto/Manipulator/DynamixelSDK/install/dynamixel_sdk/lib:${LD_LIBRARY_PATH} PYTHONPATH=/home/proto/Manipulator/DynamixelSDK/install/dynamixel_sdk_inf/local/lib/python3.10/dist-packages:${PYTHONPATH} /usr/bin/cmake --install /home/proto/Manipulator/DynamixelSDK/build/motor_setup
