[0.007s] Invoking command in '/home/proto/Manipulator/DynamixelSDK/build/motor_setup': AMENT_PREFIX_PATH=/home/proto/Manipulator/DynamixelSDK/install/dynamixel_sdk_inf:/home/proto/Manipulator/DynamixelSDK/install/dynamixel_sdk:${AMENT_PREFIX_PATH} CMAKE_PREFIX_PATH=/home/proto/Manipulator/DynamixelSDK/install/dynamixel_sdk_inf:/home/proto/Manipulator/DynamixelSDK/install/dynamixel_sdk:/opt/ros/humble LD_LIBRARY_PATH=/home/proto/Manipulator/DynamixelSDK/install/dynamixel_sdk_inf/lib:/home/proto/Manipulator/DynamixelSDK/install/dynamixel_sdk/lib:${LD_LIBRARY_PATH} PYTHONPATH=/home/proto/Manipulator/DynamixelSDK/install/dynamixel_sdk_inf/local/lib/python3.10/dist-packages:${PYTHONPATH} /usr/bin/cmake --build /home/proto/Manipulator/DynamixelSDK/build/motor_setup -- -j8 -l8
[0.023s] -- Found ament_cmake: 1.3.4 (/opt/ros/humble/share/ament_cmake/cmake)
[0.132s] -- Found rclcpp: 16.0.4 (/opt/ros/humble/share/rclcpp/cmake)
[0.153s] -- Found rosidl_generator_c: 3.1.4 (/opt/ros/humble/share/rosidl_generator_c/cmake)
[0.155s] -- Found rosidl_adapter: 3.1.4 (/opt/ros/humble/share/rosidl_adapter/cmake)
[0.159s] -- Found rosidl_generator_cpp: 3.1.4 (/opt/ros/humble/share/rosidl_generator_cpp/cmake)
[0.166s] -- Using all available rosidl_typesupport_c: rosidl_typesupport_fastrtps_c;rosidl_typesupport_introspection_c
[0.178s] -- Using all available rosidl_typesupport_cpp: rosidl_typesupport_fastrtps_cpp;rosidl_typesupport_introspection_cpp
[0.216s] -- Found rmw_implementation_cmake: 6.1.1 (/opt/ros/humble/share/rmw_implementation_cmake/cmake)
[0.217s] -- Found rmw_fastrtps_cpp: 6.2.2 (/opt/ros/humble/share/rmw_fastrtps_cpp/cmake)
[0.303s] -- Using RMW implementation 'rmw_fastrtps_cpp' as default
[0.400s] -- Found rclcpp_components: 16.0.4 (/opt/ros/humble/share/rclcpp_components/cmake)
[0.437s] -- Found composition: 0.20.3 (/opt/ros/humble/share/composition/cmake)
[0.437s] -- Found dynamixel_sdk: 3.7.40 (/home/proto/Manipulator/DynamixelSDK/install/dynamixel_sdk/share/dynamixel_sdk/cmake)
[0.438s] -- Found dynamixel_sdk_inf: 3.7.40 (/home/proto/Manipulator/DynamixelSDK/install/dynamixel_sdk_inf/share/dynamixel_sdk_inf/cmake)
[0.460s] -- Found ament_lint_auto: 0.12.6 (/opt/ros/humble/share/ament_lint_auto/cmake)
[0.505s] -- Added test 'copyright' to check source files copyright and LICENSE
[0.505s] -- Added test 'cppcheck' to perform static code analysis on C / C++ code
[0.505s] -- Configured cppcheck include dirs: /home/proto/Manipulator/DynamixelSDK/motor_setup/include
[0.505s] -- Configured cppcheck exclude dirs and/or files: 
[0.506s] -- Added test 'cpplint' to check C / C++ code against the Google style
[0.506s] -- Configured cpplint exclude dirs and/or files: 
[0.506s] -- Added test 'flake8' to check Python code syntax and style conventions
[0.506s] -- Added test 'lint_cmake' to check CMake code style
[0.507s] -- Added test 'pep257' to check Python code against some of the docstring style conventions in PEP 257
[0.507s] -- Added test 'uncrustify' to check C / C++ code style
[0.507s] -- Configured uncrustify additional arguments: 
[0.507s] -- Added test 'xmllint' to check XML markup files
[0.508s] -- Configuring done
[0.516s] -- Generating done
[0.517s] -- Build files have been written to: /home/proto/Manipulator/DynamixelSDK/build/motor_setup
[0.535s] [35m[1mConsolidate compiler generated dependencies of target init_component[0m
[0.536s] [35m[1mConsolidate compiler generated dependencies of target position_control[0m
[0.548s] [100%] Built target position_control
[0.548s] [100%] Built target init_component
[0.555s] Invoked command in '/home/proto/Manipulator/DynamixelSDK/build/motor_setup' returned '0': AMENT_PREFIX_PATH=/home/proto/Manipulator/DynamixelSDK/install/dynamixel_sdk_inf:/home/proto/Manipulator/DynamixelSDK/install/dynamixel_sdk:${AMENT_PREFIX_PATH} CMAKE_PREFIX_PATH=/home/proto/Manipulator/DynamixelSDK/install/dynamixel_sdk_inf:/home/proto/Manipulator/DynamixelSDK/install/dynamixel_sdk:/opt/ros/humble LD_LIBRARY_PATH=/home/proto/Manipulator/DynamixelSDK/install/dynamixel_sdk_inf/lib:/home/proto/Manipulator/DynamixelSDK/install/dynamixel_sdk/lib:${LD_LIBRARY_PATH} PYTHONPATH=/home/proto/Manipulator/DynamixelSDK/install/dynamixel_sdk_inf/local/lib/python3.10/dist-packages:${PYTHONPATH} /usr/bin/cmake --build /home/proto/Manipulator/DynamixelSDK/build/motor_setup -- -j8 -l8
[0.572s] Invoking command in '/home/proto/Manipulator/DynamixelSDK/build/motor_setup': AMENT_PREFIX_PATH=/home/proto/Manipulator/DynamixelSDK/install/dynamixel_sdk_inf:/home/proto/Manipulator/DynamixelSDK/install/dynamixel_sdk:${AMENT_PREFIX_PATH} CMAKE_PREFIX_PATH=/home/proto/Manipulator/DynamixelSDK/install/dynamixel_sdk_inf:/home/proto/Manipulator/DynamixelSDK/install/dynamixel_sdk:/opt/ros/humble LD_LIBRARY_PATH=/home/proto/Manipulator/DynamixelSDK/install/dynamixel_sdk_inf/lib:/home/proto/Manipulator/DynamixelSDK/install/dynamixel_sdk/lib:${LD_LIBRARY_PATH} PYTHONPATH=/home/proto/Manipulator/DynamixelSDK/install/dynamixel_sdk_inf/local/lib/python3.10/dist-packages:${PYTHONPATH} /usr/bin/cmake --install /home/proto/Manipulator/DynamixelSDK/build/motor_setup
[0.577s] -- Install configuration: ""
[0.577s] -- Up-to-date: /home/proto/Manipulator/DynamixelSDK/install/motor_setup/lib/libinit_component.so
[0.578s] -- Up-to-date: /home/proto/Manipulator/DynamixelSDK/install/motor_setup/lib/libposition_control.so
[0.578s] -- Up-to-date: /home/proto/Manipulator/DynamixelSDK/install/motor_setup/share/motor_setup/launch
[0.578s] -- Up-to-date: /home/proto/Manipulator/DynamixelSDK/install/motor_setup/share/motor_setup/launch/init_component.launch.py
[0.578s] -- Installing: /home/proto/Manipulator/DynamixelSDK/install/motor_setup/share/ament_index/resource_index/package_run_dependencies/motor_setup
[0.578s] -- Up-to-date: /home/proto/Manipulator/DynamixelSDK/install/motor_setup/share/ament_index/resource_index/parent_prefix_path/motor_setup
[0.578s] -- Up-to-date: /home/proto/Manipulator/DynamixelSDK/install/motor_setup/share/motor_setup/environment/ament_prefix_path.sh
[0.578s] -- Installing: /home/proto/Manipulator/DynamixelSDK/install/motor_setup/share/motor_setup/environment/ament_prefix_path.dsv
[0.578s] -- Up-to-date: /home/proto/Manipulator/DynamixelSDK/install/motor_setup/share/motor_setup/environment/path.sh
[0.578s] -- Installing: /home/proto/Manipulator/DynamixelSDK/install/motor_setup/share/motor_setup/environment/path.dsv
[0.578s] -- Up-to-date: /home/proto/Manipulator/DynamixelSDK/install/motor_setup/share/motor_setup/local_setup.bash
[0.578s] -- Up-to-date: /home/proto/Manipulator/DynamixelSDK/install/motor_setup/share/motor_setup/local_setup.sh
[0.578s] -- Up-to-date: /home/proto/Manipulator/DynamixelSDK/install/motor_setup/share/motor_setup/local_setup.zsh
[0.578s] -- Installing: /home/proto/Manipulator/DynamixelSDK/install/motor_setup/share/motor_setup/local_setup.dsv
[0.578s] -- Installing: /home/proto/Manipulator/DynamixelSDK/install/motor_setup/share/motor_setup/package.dsv
[0.578s] -- Up-to-date: /home/proto/Manipulator/DynamixelSDK/install/motor_setup/share/ament_index/resource_index/packages/motor_setup
[0.578s] -- Up-to-date: /home/proto/Manipulator/DynamixelSDK/install/motor_setup/share/ament_index/resource_index/rclcpp_components/motor_setup
[0.578s] -- Up-to-date: /home/proto/Manipulator/DynamixelSDK/install/motor_setup/share/motor_setup/cmake/motor_setupConfig.cmake
[0.578s] -- Up-to-date: /home/proto/Manipulator/DynamixelSDK/install/motor_setup/share/motor_setup/cmake/motor_setupConfig-version.cmake
[0.578s] -- Installing: /home/proto/Manipulator/DynamixelSDK/install/motor_setup/share/motor_setup/package.xml
[0.582s] Invoked command in '/home/proto/Manipulator/DynamixelSDK/build/motor_setup' returned '0': AMENT_PREFIX_PATH=/home/proto/Manipulator/DynamixelSDK/install/dynamixel_sdk_inf:/home/proto/Manipulator/DynamixelSDK/install/dynamixel_sdk:${AMENT_PREFIX_PATH} CMAKE_PREFIX_PATH=/home/proto/Manipulator/DynamixelSDK/install/dynamixel_sdk_inf:/home/proto/Manipulator/DynamixelSDK/install/dynamixel_sdk:/opt/ros/humble LD_LIBRARY_PATH=/home/proto/Manipulator/DynamixelSDK/install/dynamixel_sdk_inf/lib:/home/proto/Manipulator/DynamixelSDK/install/dynamixel_sdk/lib:${LD_LIBRARY_PATH} PYTHONPATH=/home/proto/Manipulator/DynamixelSDK/install/dynamixel_sdk_inf/local/lib/python3.10/dist-packages:${PYTHONPATH} /usr/bin/cmake --install /home/proto/Manipulator/DynamixelSDK/build/motor_setup
