[35m[1mConsolidate compiler generated dependencies of target set_pose[0m
[35m[1mConsolidate compiler generated dependencies of target position_control[0m
[ 33%] Built target init_component
[ 50%] [32mBuilding CXX object CMakeFiles/set_pose.dir/src/position_pub.cpp.o[0m
[ 83%] Built target position_control
[100%] [32m[1mLinking CXX executable set_pose[0m
[100%] Built target set_pose
-- Install configuration: ""
-- Up-to-date: /home/proto/Manipulator/DynamixelSDK/install/motor_setup/lib/libinit_component.so
-- Up-to-date: /home/proto/Manipulator/DynamixelSDK/install/motor_setup/lib/libposition_control.so
-- Up-to-date: /home/proto/Manipulator/DynamixelSDK/install/motor_setup/share/motor_setup/launch
-- Up-to-date: /home/proto/Manipulator/DynamixelSDK/install/motor_setup/share/motor_setup/launch/init_component.launch.py
-- Up-to-date: /home/proto/Manipulator/DynamixelSDK/install/motor_setup/share/motor_setup/launch/__pycache__
-- Up-to-date: /home/proto/Manipulator/DynamixelSDK/install/motor_setup/share/motor_setup/launch/__pycache__/init_component.launch.cpython-310.pyc
-- Installing: /home/proto/Manipulator/DynamixelSDK/install/motor_setup/lib/motor_setup/set_pose
-- Set runtime path of "/home/proto/Manipulator/DynamixelSDK/install/motor_setup/lib/motor_setup/set_pose" to ""
-- Up-to-date: /home/proto/Manipulator/DynamixelSDK/install/motor_setup/share/ament_index/resource_index/package_run_dependencies/motor_setup
-- Up-to-date: /home/proto/Manipulator/DynamixelSDK/install/motor_setup/share/ament_index/resource_index/parent_prefix_path/motor_setup
-- Up-to-date: /home/proto/Manipulator/DynamixelSDK/install/motor_setup/share/motor_setup/environment/ament_prefix_path.sh
-- Up-to-date: /home/proto/Manipulator/DynamixelSDK/install/motor_setup/share/motor_setup/environment/ament_prefix_path.dsv
-- Up-to-date: /home/proto/Manipulator/DynamixelSDK/install/motor_setup/share/motor_setup/environment/path.sh
-- Up-to-date: /home/proto/Manipulator/DynamixelSDK/install/motor_setup/share/motor_setup/environment/path.dsv
-- Up-to-date: /home/proto/Manipulator/DynamixelSDK/install/motor_setup/share/motor_setup/local_setup.bash
-- Up-to-date: /home/proto/Manipulator/DynamixelSDK/install/motor_setup/share/motor_setup/local_setup.sh
-- Up-to-date: /home/proto/Manipulator/DynamixelSDK/install/motor_setup/share/motor_setup/local_setup.zsh
-- Up-to-date: /home/proto/Manipulator/DynamixelSDK/install/motor_setup/share/motor_setup/local_setup.dsv
-- Installing: /home/proto/Manipulator/DynamixelSDK/install/motor_setup/share/motor_setup/package.dsv
-- Up-to-date: /home/proto/Manipulator/DynamixelSDK/install/motor_setup/share/ament_index/resource_index/packages/motor_setup
-- Up-to-date: /home/proto/Manipulator/DynamixelSDK/install/motor_setup/share/ament_index/resource_index/rclcpp_components/motor_setup
-- Up-to-date: /home/proto/Manipulator/DynamixelSDK/install/motor_setup/share/motor_setup/cmake/motor_setupConfig.cmake
-- Up-to-date: /home/proto/Manipulator/DynamixelSDK/install/motor_setup/share/motor_setup/cmake/motor_setupConfig-version.cmake
-- Up-to-date: /home/proto/Manipulator/DynamixelSDK/install/motor_setup/share/motor_setup/package.xml
