[0.013s] Invoking command in '/home/proto/Manipulator/DynamixelSDK/build/dynamixel_sdk': CMAKE_PREFIX_PATH=/opt/ros/humble /usr/bin/cmake /home/proto/Manipulator/DynamixelSDK/src/dynamixel_sdk -DCMAKE_INSTALL_PREFIX=/home/proto/Manipulator/DynamixelSDK/install/dynamixel_sdk
[0.091s] -- The C compiler identification is GNU 11.3.0
[0.132s] -- The CXX compiler identification is GNU 11.3.0
[0.137s] -- Detecting C compiler ABI info
[0.186s] -- Detecting C compiler ABI info - done
[0.191s] -- Check for working C compiler: /usr/bin/cc - skipped
[0.191s] -- Detecting C compile features
[0.191s] -- Detecting C compile features - done
[0.194s] -- Detecting CXX compiler ABI info
[0.252s] -- Detecting CXX compiler ABI info - done
[0.261s] -- Check for working CXX compiler: /usr/bin/c++ - skipped
[0.261s] -- Detecting CXX compile features
[0.261s] -- Detecting CXX compile features - done
[0.263s] -- Found ament_cmake: 1.3.4 (/opt/ros/humble/share/ament_cmake/cmake)
[0.381s] -- Found Python3: /usr/bin/python3.10 (found version "3.10.6") found components: Interpreter 
[0.523s] -- Configuring done
[0.526s] -- Generating done
[0.527s] -- Build files have been written to: /home/proto/Manipulator/DynamixelSDK/build/dynamixel_sdk
[0.531s] Invoked command in '/home/proto/Manipulator/DynamixelSDK/build/dynamixel_sdk' returned '0': CMAKE_PREFIX_PATH=/opt/ros/humble /usr/bin/cmake /home/proto/Manipulator/DynamixelSDK/src/dynamixel_sdk -DCMAKE_INSTALL_PREFIX=/home/proto/Manipulator/DynamixelSDK/install/dynamixel_sdk
[0.532s] Invoking command in '/home/proto/Manipulator/DynamixelSDK/build/dynamixel_sdk': CMAKE_PREFIX_PATH=/opt/ros/humble /usr/bin/cmake --build /home/proto/Manipulator/DynamixelSDK/build/dynamixel_sdk -- -j8 -l8
[0.568s] [ 30%] [32mBuilding CXX object CMakeFiles/dynamixel_sdk.dir/src/dynamixel_sdk/packet_handler.cpp.o[0m
[0.568s] [ 30%] [32mBuilding CXX object CMakeFiles/dynamixel_sdk.dir/src/dynamixel_sdk/group_sync_write.cpp.o[0m
[0.568s] [ 40%] [32mBuilding CXX object CMakeFiles/dynamixel_sdk.dir/src/dynamixel_sdk/group_bulk_read.cpp.o[0m
[0.568s] [ 50%] [32mBuilding CXX object CMakeFiles/dynamixel_sdk.dir/src/dynamixel_sdk/protocol2_packet_handler.cpp.o[0m
[0.569s] [ 50%] [32mBuilding CXX object CMakeFiles/dynamixel_sdk.dir/src/dynamixel_sdk/group_bulk_write.cpp.o[0m
[0.569s] [ 60%] [32mBuilding CXX object CMakeFiles/dynamixel_sdk.dir/src/dynamixel_sdk/protocol1_packet_handler.cpp.o[0m
[0.571s] [ 70%] [32mBuilding CXX object CMakeFiles/dynamixel_sdk.dir/src/dynamixel_sdk/group_sync_read.cpp.o[0m
[0.573s] [ 80%] [32mBuilding CXX object CMakeFiles/dynamixel_sdk.dir/src/dynamixel_sdk/port_handler.cpp.o[0m
[0.603s] [ 90%] [32mBuilding CXX object CMakeFiles/dynamixel_sdk.dir/src/dynamixel_sdk/port_handler_linux.cpp.o[0m
[0.963s] [100%] [32m[1mLinking CXX shared library libdynamixel_sdk.so[0m
[1.034s] [100%] Built target dynamixel_sdk
[1.043s] Invoked command in '/home/proto/Manipulator/DynamixelSDK/build/dynamixel_sdk' returned '0': CMAKE_PREFIX_PATH=/opt/ros/humble /usr/bin/cmake --build /home/proto/Manipulator/DynamixelSDK/build/dynamixel_sdk -- -j8 -l8
[1.076s] Invoking command in '/home/proto/Manipulator/DynamixelSDK/build/dynamixel_sdk': CMAKE_PREFIX_PATH=/opt/ros/humble /usr/bin/cmake --install /home/proto/Manipulator/DynamixelSDK/build/dynamixel_sdk
[1.082s] -- Install configuration: ""
[1.082s] -- Installing: /home/proto/Manipulator/DynamixelSDK/install/dynamixel_sdk/include/
[1.082s] -- Installing: /home/proto/Manipulator/DynamixelSDK/install/dynamixel_sdk/include//dynamixel_sdk
[1.082s] -- Installing: /home/proto/Manipulator/DynamixelSDK/install/dynamixel_sdk/include//dynamixel_sdk/protocol2_packet_handler.h
[1.082s] -- Installing: /home/proto/Manipulator/DynamixelSDK/install/dynamixel_sdk/include//dynamixel_sdk/protocol1_packet_handler.h
[1.083s] -- Installing: /home/proto/Manipulator/DynamixelSDK/install/dynamixel_sdk/include//dynamixel_sdk/group_sync_write.h
[1.083s] -- Installing: /home/proto/Manipulator/DynamixelSDK/install/dynamixel_sdk/include//dynamixel_sdk/packet_handler.h
[1.083s] -- Installing: /home/proto/Manipulator/DynamixelSDK/install/dynamixel_sdk/include//dynamixel_sdk/dynamixel_sdk.h
[1.083s] -- Installing: /home/proto/Manipulator/DynamixelSDK/install/dynamixel_sdk/include//dynamixel_sdk/port_handler.h
[1.083s] -- Installing: /home/proto/Manipulator/DynamixelSDK/install/dynamixel_sdk/include//dynamixel_sdk/group_bulk_read.h
[1.083s] -- Installing: /home/proto/Manipulator/DynamixelSDK/install/dynamixel_sdk/include//dynamixel_sdk/group_sync_read.h
[1.083s] -- Installing: /home/proto/Manipulator/DynamixelSDK/install/dynamixel_sdk/include//dynamixel_sdk/port_handler_arduino.h
[1.084s] -- Installing: /home/proto/Manipulator/DynamixelSDK/install/dynamixel_sdk/include//dynamixel_sdk/port_handler_windows.h
[1.084s] -- Installing: /home/proto/Manipulator/DynamixelSDK/install/dynamixel_sdk/include//dynamixel_sdk/port_handler_linux.h
[1.084s] -- Installing: /home/proto/Manipulator/DynamixelSDK/install/dynamixel_sdk/include//dynamixel_sdk/group_bulk_write.h
[1.084s] -- Installing: /home/proto/Manipulator/DynamixelSDK/install/dynamixel_sdk/include//dynamixel_sdk/port_handler_mac.h
[1.084s] -- Installing: /home/proto/Manipulator/DynamixelSDK/install/dynamixel_sdk/lib/libdynamixel_sdk.so
[1.085s] -- Installing: /home/proto/Manipulator/DynamixelSDK/install/dynamixel_sdk/share/dynamixel_sdk/environment/library_path.sh
[1.085s] -- Installing: /home/proto/Manipulator/DynamixelSDK/install/dynamixel_sdk/share/dynamixel_sdk/environment/library_path.dsv
[1.085s] -- Installing: /home/proto/Manipulator/DynamixelSDK/install/dynamixel_sdk/share/ament_index/resource_index/package_run_dependencies/dynamixel_sdk
[1.085s] -- Installing: /home/proto/Manipulator/DynamixelSDK/install/dynamixel_sdk/share/ament_index/resource_index/parent_prefix_path/dynamixel_sdk
[1.086s] -- Installing: /home/proto/Manipulator/DynamixelSDK/install/dynamixel_sdk/share/dynamixel_sdk/environment/ament_prefix_path.sh
[1.086s] -- Installing: /home/proto/Manipulator/DynamixelSDK/install/dynamixel_sdk/share/dynamixel_sdk/environment/ament_prefix_path.dsv
[1.086s] -- Installing: /home/proto/Manipulator/DynamixelSDK/install/dynamixel_sdk/share/dynamixel_sdk/environment/path.sh
[1.086s] -- Installing: /home/proto/Manipulator/DynamixelSDK/install/dynamixel_sdk/share/dynamixel_sdk/environment/path.dsv
[1.086s] -- Installing: /home/proto/Manipulator/DynamixelSDK/install/dynamixel_sdk/share/dynamixel_sdk/local_setup.bash
[1.086s] -- Installing: /home/proto/Manipulator/DynamixelSDK/install/dynamixel_sdk/share/dynamixel_sdk/local_setup.sh
[1.087s] -- Installing: /home/proto/Manipulator/DynamixelSDK/install/dynamixel_sdk/share/dynamixel_sdk/local_setup.zsh
[1.087s] -- Installing: /home/proto/Manipulator/DynamixelSDK/install/dynamixel_sdk/share/dynamixel_sdk/local_setup.dsv
[1.087s] -- Installing: /home/proto/Manipulator/DynamixelSDK/install/dynamixel_sdk/share/dynamixel_sdk/package.dsv
[1.087s] -- Installing: /home/proto/Manipulator/DynamixelSDK/install/dynamixel_sdk/share/ament_index/resource_index/packages/dynamixel_sdk
[1.087s] -- Installing: /home/proto/Manipulator/DynamixelSDK/install/dynamixel_sdk/share/dynamixel_sdk/cmake/ament_cmake_export_include_directories-extras.cmake
[1.087s] -- Installing: /home/proto/Manipulator/DynamixelSDK/install/dynamixel_sdk/share/dynamixel_sdk/cmake/ament_cmake_export_libraries-extras.cmake
[1.088s] -- Installing: /home/proto/Manipulator/DynamixelSDK/install/dynamixel_sdk/share/dynamixel_sdk/cmake/dynamixel_sdkConfig.cmake
[1.088s] -- Installing: /home/proto/Manipulator/DynamixelSDK/install/dynamixel_sdk/share/dynamixel_sdk/cmake/dynamixel_sdkConfig-version.cmake
[1.088s] -- Installing: /home/proto/Manipulator/DynamixelSDK/install/dynamixel_sdk/share/dynamixel_sdk/package.xml
[1.090s] Invoked command in '/home/proto/Manipulator/DynamixelSDK/build/dynamixel_sdk' returned '0': CMAKE_PREFIX_PATH=/opt/ros/humble /usr/bin/cmake --install /home/proto/Manipulator/DynamixelSDK/build/dynamixel_sdk
