In file included from [01m[K/home/proto/Manipulator/DynamixelSDK/src/motor_setup/src/pos_torque_control.cpp:1[m[K:
[01m[K/home/proto/Manipulator/DynamixelSDK/src/motor_setup/include/motor_setup/pos_torque_control.hpp:36:19:[m[K [01;31m[Kerror: [m[K‘[01m[KSetTorquectrl[m[K’ was not declared in this scope; did you mean ‘[01m[KSetTorque[m[K’?
   36 |   rclcpp::Service<[01;31m[KSetTorquectrl[m[K>::SharedPtr set_torque_mode_server_;
      |                   [01;31m[K^~~~~~~~~~~~~[m[K
      |                   [32m[KSetTorque[m[K
[01m[K/home/proto/Manipulator/DynamixelSDK/src/motor_setup/include/motor_setup/pos_torque_control.hpp:36:32:[m[K [01;31m[Kerror: [m[Ktemplate argument 1 is invalid
   36 |   rclcpp::Service<SetTorquectrl[01;31m[K>[m[K::SharedPtr set_torque_mode_server_;
      |                                [01;31m[K^[m[K
[01m[K/home/proto/Manipulator/DynamixelSDK/src/motor_setup/include/motor_setup/pos_torque_control.hpp:36:35:[m[K [01;31m[Kerror: [m[Kexpected ‘[01m[K;[m[K’ at end of member declaration
   36 |   rclcpp::Service<SetTorquectrl>::[01;31m[KSharedPtr[m[K set_torque_mode_server_;
      |                                   [01;31m[K^~~~~~~~~[m[K
      |                                            [32m[K;[m[K
[01m[K/home/proto/Manipulator/DynamixelSDK/src/motor_setup/include/motor_setup/pos_torque_control.hpp:36:45:[m[K [01;31m[Kerror: [m[K‘[01m[Kset_torque_mode_server_[m[K’ does not name a type
   36 |   rclcpp::Service<SetTorquectrl>::SharedPtr [01;31m[Kset_torque_mode_server_[m[K;
      |                                             [01;31m[K^~~~~~~~~~~~~~~~~~~~~~~[m[K
[01m[K/home/proto/Manipulator/DynamixelSDK/src/motor_setup/include/motor_setup/pos_torque_control.hpp:43:12:[m[K [01;31m[Kerror: [m[Kredeclaration of ‘[01m[Kuint16_t motor_setup::PosTorqueControl::addr_present_position[m[K’
   43 |   uint16_t [01;31m[Kaddr_present_position[m[K;
      |            [01;31m[K^~~~~~~~~~~~~~~~~~~~~[m[K
[01m[K/home/proto/Manipulator/DynamixelSDK/src/motor_setup/include/motor_setup/pos_torque_control.hpp:42:12:[m[K [01;36m[Knote: [m[Kprevious declaration ‘[01m[Kuint16_t motor_setup::PosTorqueControl::addr_present_position[m[K’
   42 |   uint16_t [01;36m[Kaddr_present_position[m[K;
      |            [01;36m[K^~~~~~~~~~~~~~~~~~~~~[m[K
[01m[K/home/proto/Manipulator/DynamixelSDK/src/motor_setup/src/pos_torque_control.cpp:[m[K In constructor ‘[01m[Kmotor_setup::PosTorqueControl::PosTorqueControl(const rclcpp::NodeOptions&)[m[K’:
[01m[K/home/proto/Manipulator/DynamixelSDK/src/motor_setup/src/pos_torque_control.cpp:37:43:[m[K [01;31m[Kerror: [m[K‘[01m[Kaddr_goal_torque[m[K’ was not declared in this scope
   37 |   this->get_parameter("addr_goal_torque", [01;31m[Kaddr_goal_torque[m[K);
      |                                           [01;31m[K^~~~~~~~~~~~~~~~[m[K
[01m[K/home/proto/Manipulator/DynamixelSDK/src/motor_setup/src/pos_torque_control.cpp:119:3:[m[K [01;31m[Kerror: [m[K‘[01m[Kset_torque_mode_server_[m[K’ was not declared in this scope
  119 |   [01;31m[Kset_torque_mode_server_[m[K = create_service<SetId>("set_id", set_torque_control_mode);
      |   [01;31m[K^~~~~~~~~~~~~~~~~~~~~~~[m[K
[01m[K/home/proto/Manipulator/DynamixelSDK/src/motor_setup/src/pos_torque_control.cpp:[m[K In lambda function:
[01m[K/home/proto/Manipulator/DynamixelSDK/src/motor_setup/src/pos_torque_control.cpp:168:11:[m[K [01;31m[Kerror: [m[K‘[01m[Kaddr_goal_torque[m[K’ is not captured
  168 |           [01;31m[Kaddr_goal_torque[m[K,
      |           [01;31m[K^~~~~~~~~~~~~~~~[m[K
[01m[K/home/proto/Manipulator/DynamixelSDK/src/motor_setup/src/pos_torque_control.cpp:154:12:[m[K [01;36m[Knote: [m[Kthe lambda has no capture-default
  154 |       [this[01;36m[K][m[K(const SetTorque::SharedPtr msg) -> void
      |            [01;36m[K^[m[K
[01m[K/home/proto/Manipulator/DynamixelSDK/src/motor_setup/src/pos_torque_control.cpp:37:43:[m[K [01;36m[Knote: [m[K‘[01m[K<typeprefixerror>addr_goal_torque[m[K’ declared here
   37 |   this->get_parameter("addr_goal_torque", [01;36m[Kaddr_goal_torque[m[K);
      |                                           [01;36m[K^~~~~~~~~~~~~~~~[m[K
[01m[K/home/proto/Manipulator/DynamixelSDK/src/motor_setup/src/init_component.cpp:[m[K In constructor ‘[01m[Kmotor_setup::SetupDynamixel::SetupDynamixel(const rclcpp::NodeOptions&)[m[K’:
[01m[K/home/proto/Manipulator/DynamixelSDK/src/motor_setup/src/init_component.cpp:59:14:[m[K [01;35m[Kwarning: [m[Kvariable ‘[01m[KQOS_RKL10V[m[K’ set but not used [[01;35m[K]8;;https://gcc.gnu.org/onlinedocs/gcc/Warning-Options.html#index-Wunused-but-set-variable-Wunused-but-set-variable]8;;[m[K]
   59 |   const auto [01;35m[KQOS_RKL10V[m[K =
      |              [01;35m[K^~~~~~~~~~[m[K
gmake[2]: *** [CMakeFiles/position_torque_control.dir/build.make:76: CMakeFiles/position_torque_control.dir/src/pos_torque_control.cpp.o] Error 1
gmake[1]: *** [CMakeFiles/Makefile2:221: CMakeFiles/position_torque_control.dir/all] Error 2
gmake[1]: *** Waiting for unfinished jobs....
gmake: *** [Makefile:146: all] Error 2
