[0.010s] Invoking command in '/home/proto/Manipulator/DynamixelSDK/build/motor_setup': AMENT_PREFIX_PATH=/home/proto/Manipulator/DynamixelSDK/install/dynamixel_sdk_inf:/home/proto/Manipulator/DynamixelSDK/install/dynamixel_sdk:${AMENT_PREFIX_PATH} CMAKE_PREFIX_PATH=/home/proto/Manipulator/DynamixelSDK/install/dynamixel_sdk_inf:/home/proto/Manipulator/DynamixelSDK/install/dynamixel_sdk:/opt/ros/humble LD_LIBRARY_PATH=/home/proto/Manipulator/DynamixelSDK/install/dynamixel_sdk_inf/lib:/home/proto/Manipulator/DynamixelSDK/install/dynamixel_sdk/lib:${LD_LIBRARY_PATH} PYTHONPATH=/home/proto/Manipulator/DynamixelSDK/install/dynamixel_sdk_inf/local/lib/python3.10/dist-packages:${PYTHONPATH} /usr/bin/cmake --build /home/proto/Manipulator/DynamixelSDK/build/motor_setup -- -j8 -l8
[0.027s] -- Found ament_cmake: 1.3.4 (/opt/ros/humble/share/ament_cmake/cmake)
[0.126s] -- Found rclcpp: 16.0.4 (/opt/ros/humble/share/rclcpp/cmake)
[0.147s] -- Found rosidl_generator_c: 3.1.4 (/opt/ros/humble/share/rosidl_generator_c/cmake)
[0.148s] -- Found rosidl_adapter: 3.1.4 (/opt/ros/humble/share/rosidl_adapter/cmake)
[0.152s] -- Found rosidl_generator_cpp: 3.1.4 (/opt/ros/humble/share/rosidl_generator_cpp/cmake)
[0.160s] -- Using all available rosidl_typesupport_c: rosidl_typesupport_fastrtps_c;rosidl_typesupport_introspection_c
[0.170s] -- Using all available rosidl_typesupport_cpp: rosidl_typesupport_fastrtps_cpp;rosidl_typesupport_introspection_cpp
[0.209s] -- Found rmw_implementation_cmake: 6.1.1 (/opt/ros/humble/share/rmw_implementation_cmake/cmake)
[0.210s] -- Found rmw_fastrtps_cpp: 6.2.2 (/opt/ros/humble/share/rmw_fastrtps_cpp/cmake)
[0.296s] -- Using RMW implementation 'rmw_fastrtps_cpp' as default
[0.400s] -- Found rclcpp_components: 16.0.4 (/opt/ros/humble/share/rclcpp_components/cmake)
[0.436s] -- Found composition: 0.20.3 (/opt/ros/humble/share/composition/cmake)
[0.436s] -- Found dynamixel_sdk: 3.7.40 (/home/proto/Manipulator/DynamixelSDK/install/dynamixel_sdk/share/dynamixel_sdk/cmake)
[0.437s] -- Found dynamixel_sdk_inf: 3.7.40 (/home/proto/Manipulator/DynamixelSDK/install/dynamixel_sdk_inf/share/dynamixel_sdk_inf/cmake)
[0.461s] -- Found ament_lint_auto: 0.12.6 (/opt/ros/humble/share/ament_lint_auto/cmake)
[0.505s] -- Added test 'copyright' to check source files copyright and LICENSE
[0.505s] -- Added test 'cppcheck' to perform static code analysis on C / C++ code
[0.506s] -- Configured cppcheck include dirs: /home/proto/Manipulator/DynamixelSDK/src/motor_setup/include
[0.506s] -- Configured cppcheck exclude dirs and/or files: 
[0.506s] -- Added test 'cpplint' to check C / C++ code against the Google style
[0.507s] -- Configured cpplint exclude dirs and/or files: 
[0.507s] -- Added test 'flake8' to check Python code syntax and style conventions
[0.507s] -- Added test 'lint_cmake' to check CMake code style
[0.507s] -- Added test 'pep257' to check Python code against some of the docstring style conventions in PEP 257
[0.508s] -- Added test 'uncrustify' to check C / C++ code style
[0.508s] -- Configured uncrustify additional arguments: 
[0.508s] -- Added test 'xmllint' to check XML markup files
[0.509s] -- Configuring done
[0.521s] -- Generating done
[0.523s] -- Build files have been written to: /home/proto/Manipulator/DynamixelSDK/build/motor_setup
[0.541s] [35m[1mConsolidate compiler generated dependencies of target init_component[0m
[0.541s] [35m[1mConsolidate compiler generated dependencies of target set_pose[0m
[0.543s] [35m[1mConsolidate compiler generated dependencies of target position_control[0m
[0.551s] [ 12%] [32mBuilding CXX object CMakeFiles/position_torque_control.dir/src/pos_torque_control.cpp.o[0m
[0.562s] [ 25%] [32mBuilding CXX object CMakeFiles/init_component.dir/src/init_component.cpp.o[0m
[0.563s] [ 37%] [32mBuilding CXX object CMakeFiles/set_pose.dir/src/position_pub.cpp.o[0m
[0.563s] [ 50%] [32mBuilding CXX object CMakeFiles/position_control.dir/src/position_control.cpp.o[0m
[2.546s] In file included from [01m[K/home/proto/Manipulator/DynamixelSDK/src/motor_setup/src/pos_torque_control.cpp:1[m[K:
[2.547s] [01m[K/home/proto/Manipulator/DynamixelSDK/src/motor_setup/include/motor_setup/pos_torque_control.hpp:36:19:[m[K [01;31m[Kerror: [m[K‘[01m[KSetTorquectrl[m[K’ was not declared in this scope; did you mean ‘[01m[KSetTorque[m[K’?
[2.547s]    36 |   rclcpp::Service<[01;31m[KSetTorquectrl[m[K>::SharedPtr set_torque_mode_server_;
[2.547s]       |                   [01;31m[K^~~~~~~~~~~~~[m[K
[2.547s]       |                   [32m[KSetTorque[m[K
[2.547s] [01m[K/home/proto/Manipulator/DynamixelSDK/src/motor_setup/include/motor_setup/pos_torque_control.hpp:36:32:[m[K [01;31m[Kerror: [m[Ktemplate argument 1 is invalid
[2.547s]    36 |   rclcpp::Service<SetTorquectrl[01;31m[K>[m[K::SharedPtr set_torque_mode_server_;
[2.547s]       |                                [01;31m[K^[m[K
[2.547s] [01m[K/home/proto/Manipulator/DynamixelSDK/src/motor_setup/include/motor_setup/pos_torque_control.hpp:36:35:[m[K [01;31m[Kerror: [m[Kexpected ‘[01m[K;[m[K’ at end of member declaration
[2.547s]    36 |   rclcpp::Service<SetTorquectrl>::[01;31m[KSharedPtr[m[K set_torque_mode_server_;
[2.547s]       |                                   [01;31m[K^~~~~~~~~[m[K
[2.547s]       |                                            [32m[K;[m[K
[2.550s] [01m[K/home/proto/Manipulator/DynamixelSDK/src/motor_setup/include/motor_setup/pos_torque_control.hpp:36:45:[m[K [01;31m[Kerror: [m[K‘[01m[Kset_torque_mode_server_[m[K’ does not name a type
[2.550s]    36 |   rclcpp::Service<SetTorquectrl>::SharedPtr [01;31m[Kset_torque_mode_server_[m[K;
[2.550s]       |                                             [01;31m[K^~~~~~~~~~~~~~~~~~~~~~~[m[K
[2.550s] [01m[K/home/proto/Manipulator/DynamixelSDK/src/motor_setup/include/motor_setup/pos_torque_control.hpp:43:12:[m[K [01;31m[Kerror: [m[Kredeclaration of ‘[01m[Kuint16_t motor_setup::PosTorqueControl::addr_present_position[m[K’
[2.550s]    43 |   uint16_t [01;31m[Kaddr_present_position[m[K;
[2.550s]       |            [01;31m[K^~~~~~~~~~~~~~~~~~~~~[m[K
[2.551s] [01m[K/home/proto/Manipulator/DynamixelSDK/src/motor_setup/include/motor_setup/pos_torque_control.hpp:42:12:[m[K [01;36m[Knote: [m[Kprevious declaration ‘[01m[Kuint16_t motor_setup::PosTorqueControl::addr_present_position[m[K’
[2.551s]    42 |   uint16_t [01;36m[Kaddr_present_position[m[K;
[2.551s]       |            [01;36m[K^~~~~~~~~~~~~~~~~~~~~[m[K
[2.564s] [01m[K/home/proto/Manipulator/DynamixelSDK/src/motor_setup/src/pos_torque_control.cpp:[m[K In constructor ‘[01m[Kmotor_setup::PosTorqueControl::PosTorqueControl(const rclcpp::NodeOptions&)[m[K’:
[2.564s] [01m[K/home/proto/Manipulator/DynamixelSDK/src/motor_setup/src/pos_torque_control.cpp:37:43:[m[K [01;31m[Kerror: [m[K‘[01m[Kaddr_goal_torque[m[K’ was not declared in this scope
[2.564s]    37 |   this->get_parameter("addr_goal_torque", [01;31m[Kaddr_goal_torque[m[K);
[2.564s]       |                                           [01;31m[K^~~~~~~~~~~~~~~~[m[K
[2.581s] [01m[K/home/proto/Manipulator/DynamixelSDK/src/motor_setup/src/pos_torque_control.cpp:119:3:[m[K [01;31m[Kerror: [m[K‘[01m[Kset_torque_mode_server_[m[K’ was not declared in this scope
[2.581s]   119 |   [01;31m[Kset_torque_mode_server_[m[K = create_service<SetId>("set_id", set_torque_control_mode);
[2.581s]       |   [01;31m[K^~~~~~~~~~~~~~~~~~~~~~~[m[K
[2.587s] [01m[K/home/proto/Manipulator/DynamixelSDK/src/motor_setup/src/pos_torque_control.cpp:[m[K In lambda function:
[2.587s] [01m[K/home/proto/Manipulator/DynamixelSDK/src/motor_setup/src/pos_torque_control.cpp:168:11:[m[K [01;31m[Kerror: [m[K‘[01m[Kaddr_goal_torque[m[K’ is not captured
[2.587s]   168 |           [01;31m[Kaddr_goal_torque[m[K,
[2.587s]       |           [01;31m[K^~~~~~~~~~~~~~~~[m[K
[2.587s] [01m[K/home/proto/Manipulator/DynamixelSDK/src/motor_setup/src/pos_torque_control.cpp:154:12:[m[K [01;36m[Knote: [m[Kthe lambda has no capture-default
[2.587s]   154 |       [this[01;36m[K][m[K(const SetTorque::SharedPtr msg) -> void
[2.587s]       |            [01;36m[K^[m[K
[2.587s] [01m[K/home/proto/Manipulator/DynamixelSDK/src/motor_setup/src/pos_torque_control.cpp:37:43:[m[K [01;36m[Knote: [m[K‘[01m[K<typeprefixerror>addr_goal_torque[m[K’ declared here
[2.587s]    37 |   this->get_parameter("addr_goal_torque", [01;36m[Kaddr_goal_torque[m[K);
[2.587s]       |                                           [01;36m[K^~~~~~~~~~~~~~~~[m[K
[2.610s] [01m[K/home/proto/Manipulator/DynamixelSDK/src/motor_setup/src/init_component.cpp:[m[K In constructor ‘[01m[Kmotor_setup::SetupDynamixel::SetupDynamixel(const rclcpp::NodeOptions&)[m[K’:
[2.610s] [01m[K/home/proto/Manipulator/DynamixelSDK/src/motor_setup/src/init_component.cpp:59:14:[m[K [01;35m[Kwarning: [m[Kvariable ‘[01m[KQOS_RKL10V[m[K’ set but not used [[01;35m[K]8;;https://gcc.gnu.org/onlinedocs/gcc/Warning-Options.html#index-Wunused-but-set-variable-Wunused-but-set-variable]8;;[m[K]
[2.610s]    59 |   const auto [01;35m[KQOS_RKL10V[m[K =
[2.610s]       |              [01;35m[K^~~~~~~~~~[m[K
[3.589s] [ 62%] [32m[1mLinking CXX shared library libinit_component.so[0m
[3.726s] [ 62%] Built target init_component
[4.072s] [ 75%] [32m[1mLinking CXX executable set_pose[0m
[4.249s] [ 75%] Built target set_pose
[4.926s] gmake[2]: *** [CMakeFiles/position_torque_control.dir/build.make:76: CMakeFiles/position_torque_control.dir/src/pos_torque_control.cpp.o] Error 1
[4.926s] gmake[1]: *** [CMakeFiles/Makefile2:221: CMakeFiles/position_torque_control.dir/all] Error 2
[4.926s] gmake[1]: *** Waiting for unfinished jobs....
[8.610s] [ 87%] [32m[1mLinking CXX shared library libposition_control.so[0m
[8.956s] [ 87%] Built target position_control
[8.958s] gmake: *** [Makefile:146: all] Error 2
[8.959s] Invoked command in '/home/proto/Manipulator/DynamixelSDK/build/motor_setup' returned '2': AMENT_PREFIX_PATH=/home/proto/Manipulator/DynamixelSDK/install/dynamixel_sdk_inf:/home/proto/Manipulator/DynamixelSDK/install/dynamixel_sdk:${AMENT_PREFIX_PATH} CMAKE_PREFIX_PATH=/home/proto/Manipulator/DynamixelSDK/install/dynamixel_sdk_inf:/home/proto/Manipulator/DynamixelSDK/install/dynamixel_sdk:/opt/ros/humble LD_LIBRARY_PATH=/home/proto/Manipulator/DynamixelSDK/install/dynamixel_sdk_inf/lib:/home/proto/Manipulator/DynamixelSDK/install/dynamixel_sdk/lib:${LD_LIBRARY_PATH} PYTHONPATH=/home/proto/Manipulator/DynamixelSDK/install/dynamixel_sdk_inf/local/lib/python3.10/dist-packages:${PYTHONPATH} /usr/bin/cmake --build /home/proto/Manipulator/DynamixelSDK/build/motor_setup -- -j8 -l8
